Using pre-set license
Built from '2020.3/staging' branch; Version is '2020.3.6f1 (338bb68529b2) revision 3378102'; Using compiler version '192528614'; Build Type 'Release'
OS: 'Windows 10 Pro for Workstations; OS build 19045.2965; Version 2009; 64bit' Language: 'en' Physical Memory: 32440 MB
BatchMode: 1, IsHumanControllingUs: 0, StartBugReporterOnCrash: 0, Is64bit: 1, IsPro: 0

 COMMAND LINE ARGUMENTS:
C:\Program Files\Unity\Hub\Editor\2020.3.6f1\Editor\Unity.exe
-adb2
-batchMode
-noUpm
-name
AssetImportWorker0
-projectPath
C:/cygwin64/home/ilda-vive/henrylapassat/WallVR/Code/Wall&VR/WallBase_override
-logFile
Logs/AssetImportWorker0.log
-srvPort
57494
Successfully changed project path to: C:/cygwin64/home/ilda-vive/henrylapassat/WallVR/Code/Wall&VR/WallBase_override
C:/cygwin64/home/ilda-vive/henrylapassat/WallVR/Code/Wall&VR/WallBase_override
Using Asset Import Pipeline V2.
Refreshing native plugins compatible for Editor in 41.74 ms, found 1 plugins.
Preloading 0 native plugins for Editor in 0.00 ms.
Initialize engine version: 2020.3.6f1 (338bb68529b2)
[Subsystems] Discovering subsystems at path C:/Program Files/Unity/Hub/Editor/2020.3.6f1/Editor/Data/Resources/UnitySubsystems
[Subsystems] Discovering subsystems at path C:/cygwin64/home/ilda-vive/henrylapassat/WallVR/Code/Wall&VR/WallBase_override/Assets
GfxDevice: creating device client; threaded=0
Direct3D:
    Version:  Direct3D 11.0 [level 11.1]
    Renderer: NVIDIA Quadro P2000 (ID=0x1c30)
    Vendor:   
    VRAM:     5032 MB
    Driver:   31.0.15.1737
Initialize mono
Mono path[0] = 'C:/Program Files/Unity/Hub/Editor/2020.3.6f1/Editor/Data/Managed'
Mono path[1] = 'C:/Program Files/Unity/Hub/Editor/2020.3.6f1/Editor/Data/MonoBleedingEdge/lib/mono/unityjit'
Mono config path = 'C:/Program Files/Unity/Hub/Editor/2020.3.6f1/Editor/Data/MonoBleedingEdge/etc'
Using monoOptions --debugger-agent=transport=dt_socket,embedding=1,server=y,suspend=n,address=127.0.0.1:56980
Begin MonoManager ReloadAssembly
Registering precompiled unity dll's ...
Register platform support module: C:/Program Files/Unity/Hub/Editor/2020.3.6f1/Editor/Data/PlaybackEngines/WindowsStandaloneSupport/UnityEditor.WindowsStandalone.Extensions.dll
Registered in 0.001977 seconds.
Native extension for WindowsStandalone target not found
Refreshing native plugins compatible for Editor in 40.03 ms, found 1 plugins.
Preloading 0 native plugins for Editor in 0.00 ms.
Mono: successfully reloaded assembly
- Completed reload, in  1.755 seconds
Platform modules already initialized, skipping
Registering precompiled user dll's ...
Registered in 0.003031 seconds.
Begin MonoManager ReloadAssembly
Native extension for WindowsStandalone target not found
Refreshing native plugins compatible for Editor in 41.17 ms, found 1 plugins.
Preloading 0 native plugins for Editor in 0.00 ms.
Mono: successfully reloaded assembly
- Completed reload, in  1.078 seconds
Platform modules already initialized, skipping
========================================================================
Worker process is ready to serve import requests
Launched and connected shader compiler UnityShaderCompiler.exe after 0.04 seconds
Refreshing native plugins compatible for Editor in 0.78 ms, found 1 plugins.
Preloading 0 native plugins for Editor in 0.00 ms.
Unloading 2051 Unused Serialized files (Serialized files now loaded: 0)
System memory in use before: 93.6 MB.
System memory in use after: 93.5 MB.

Unloading 30 unused Assets to reduce memory usage. Loaded Objects now: 2491.
Total: 2.437400 ms (FindLiveObjects: 0.263900 ms CreateObjectMapping: 0.067500 ms MarkObjects: 1.966200 ms  DeleteObjects: 0.138900 ms)

========================================================================
Received Import Request.
  path: Assets/Photon/PhotonNetworking-Documentation.chm
  artifactKey: Guid(6923098d409554f57bedd5a4fa66e3ad) Importer(815301076,1909f56bfc062723c751e8b465ee728b)
Start importing Assets/Photon/PhotonNetworking-Documentation.chm using Guid(6923098d409554f57bedd5a4fa66e3ad) Importer(815301076,1909f56bfc062723c751e8b465ee728b)  -> (artifact id: '0cc18e14daa87ce69ab7b7d7d7142f7d') in 0.036133 seconds
  Import took 0.039719 seconds .

========================================================================
Received Import Request.
  Time since last request: 0.000188 seconds.
  path: Assets/Photon/PhotonNetworking-Documentation.pdf
  artifactKey: Guid(c285a840e88d74462a18710772dc4bfb) Importer(815301076,1909f56bfc062723c751e8b465ee728b)
Start importing Assets/Photon/PhotonNetworking-Documentation.pdf using Guid(c285a840e88d74462a18710772dc4bfb) Importer(815301076,1909f56bfc062723c751e8b465ee728b)  -> (artifact id: 'c7140f82d500d375ab90e3f177b52734') in 0.005849 seconds
  Import took 0.009072 seconds .

========================================================================
Received Import Request.
  Time since last request: 0.000185 seconds.
  path: Assets/Photon/PhotonRealtime
  artifactKey: Guid(b54c221855bde4a4ba511877e7b6b904) Importer(815301076,1909f56bfc062723c751e8b465ee728b)
Start importing Assets/Photon/PhotonRealtime using Guid(b54c221855bde4a4ba511877e7b6b904) Importer(815301076,1909f56bfc062723c751e8b465ee728b)  -> (artifact id: 'f51e207ff634e3532d63e3b700d6a8e6') in 0.007019 seconds
  Import took 0.010438 seconds .

========================================================================
Received Import Request.
  Time since last request: 0.000168 seconds.
  path: Assets/Photon/PhotonUnityNetworking
  artifactKey: Guid(d2b6672cc770a19438ff06fcb2637630) Importer(815301076,1909f56bfc062723c751e8b465ee728b)
Start importing Assets/Photon/PhotonUnityNetworking using Guid(d2b6672cc770a19438ff06fcb2637630) Importer(815301076,1909f56bfc062723c751e8b465ee728b)  -> (artifact id: 'b731c71ad429778a0b0ee3093a091bb9') in 0.007789 seconds
  Import took 0.011540 seconds .

========================================================================
Received Import Request.
  Time since last request: 0.000193 seconds.
  path: Assets/Photon/PhotonLibs
  artifactKey: Guid(ee1734b1a7bac244bb5f15ecd778b5f2) Importer(815301076,1909f56bfc062723c751e8b465ee728b)
Start importing Assets/Photon/PhotonLibs using Guid(ee1734b1a7bac244bb5f15ecd778b5f2) Importer(815301076,1909f56bfc062723c751e8b465ee728b)  -> (artifact id: '15cd84d9d3355d17039d0a0313f85540') in 0.007255 seconds
  Import took 0.010503 seconds .

========================================================================
Received Import Request.
  Time since last request: 0.000185 seconds.
  path: Assets/Photon/PhotonChat
  artifactKey: Guid(ea05e6479d592944d955c2a5e1a6d6f1) Importer(815301076,1909f56bfc062723c751e8b465ee728b)
Start importing Assets/Photon/PhotonChat using Guid(ea05e6479d592944d955c2a5e1a6d6f1) Importer(815301076,1909f56bfc062723c751e8b465ee728b)  -> (artifact id: '95b48f64bbb7204e8e6b5a5c5fd34aaa') in 0.007417 seconds
  Import took 0.010812 seconds .

========================================================================
Received Prepare
Registering precompiled user dll's ...
Registered in 0.002909 seconds.
Begin MonoManager ReloadAssembly
Native extension for WindowsStandalone target not found
Refreshing native plugins compatible for Editor in 2.06 ms, found 1 plugins.
Preloading 0 native plugins for Editor in 0.00 ms.
Mono: successfully reloaded assembly
- Completed reload, in  1.991 seconds
Platform modules already initialized, skipping
Refreshing native plugins compatible for Editor in 0.59 ms, found 1 plugins.
Preloading 0 native plugins for Editor in 0.00 ms.
Unloading 2045 Unused Serialized files (Serialized files now loaded: 0)
System memory in use before: 93.5 MB.
System memory in use after: 93.4 MB.

Unloading 17 unused Assets to reduce memory usage. Loaded Objects now: 2496.
Total: 2.645200 ms (FindLiveObjects: 0.381000 ms CreateObjectMapping: 0.158100 ms MarkObjects: 1.984900 ms  DeleteObjects: 0.119900 ms)

========================================================================
Received Prepare
Refreshing native plugins compatible for Editor in 2.83 ms, found 1 plugins.
Preloading 0 native plugins for Editor in 0.00 ms.
Unloading 15 Unused Serialized files (Serialized files now loaded: 0)
System memory in use before: 52.7 MB.
System memory in use after: 52.7 MB.

Unloading 15 unused Assets to reduce memory usage. Loaded Objects now: 2496.
Total: 2.948700 ms (FindLiveObjects: 0.555300 ms CreateObjectMapping: 0.152300 ms MarkObjects: 2.126000 ms  DeleteObjects: 0.113400 ms)

========================================================================
Received Prepare
Registering precompiled user dll's ...
Registered in 0.003474 seconds.
Begin MonoManager ReloadAssembly
Native extension for WindowsStandalone target not found
Refreshing native plugins compatible for Editor in 0.62 ms, found 1 plugins.
Preloading 0 native plugins for Editor in 0.00 ms.
Mono: successfully reloaded assembly
- Completed reload, in  1.193 seconds
Platform modules already initialized, skipping
Refreshing native plugins compatible for Editor in 0.67 ms, found 1 plugins.
Preloading 0 native plugins for Editor in 0.00 ms.
Unloading 2258 Unused Serialized files (Serialized files now loaded: 0)
System memory in use before: 100.5 MB.
System memory in use after: 100.5 MB.

Unloading 18 unused Assets to reduce memory usage. Loaded Objects now: 2713.
Total: 2.586200 ms (FindLiveObjects: 0.314000 ms CreateObjectMapping: 0.086300 ms MarkObjects: 2.063000 ms  DeleteObjects: 0.121600 ms)

========================================================================
Received Prepare
Registering precompiled user dll's ...
Registered in 0.004500 seconds.
Begin MonoManager ReloadAssembly
Native extension for WindowsStandalone target not found
Refreshing native plugins compatible for Editor in 0.80 ms, found 4 plugins.
Preloading 0 native plugins for Editor in 0.00 ms.
Mono: successfully reloaded assembly
- Completed reload, in  0.978 seconds
Platform modules already initialized, skipping
Refreshing native plugins compatible for Editor in 0.69 ms, found 4 plugins.
Preloading 0 native plugins for Editor in 0.00 ms.
Unloading 2360 Unused Serialized files (Serialized files now loaded: 0)
System memory in use before: 106.2 MB.
System memory in use after: 105.5 MB.

Unloading 31 unused Assets to reduce memory usage. Loaded Objects now: 2808.
Total: 3.556500 ms (FindLiveObjects: 0.542600 ms CreateObjectMapping: 0.117900 ms MarkObjects: 2.360200 ms  DeleteObjects: 0.533600 ms)

========================================================================
Received Prepare
Registering precompiled user dll's ...
Registered in 0.004434 seconds.
Begin MonoManager ReloadAssembly
Native extension for WindowsStandalone target not found
Refreshing native plugins compatible for Editor in 0.70 ms, found 4 plugins.
Preloading 0 native plugins for Editor in 0.00 ms.
Mono: successfully reloaded assembly
- Completed reload, in  0.942 seconds
Platform modules already initialized, skipping
Refreshing native plugins compatible for Editor in 0.73 ms, found 4 plugins.
Preloading 0 native plugins for Editor in 0.00 ms.
Unloading 2349 Unused Serialized files (Serialized files now loaded: 0)
System memory in use before: 105.9 MB.
System memory in use after: 105.2 MB.

Unloading 34 unused Assets to reduce memory usage. Loaded Objects now: 2812.
Total: 3.722000 ms (FindLiveObjects: 0.340000 ms CreateObjectMapping: 0.107900 ms MarkObjects: 2.372000 ms  DeleteObjects: 0.900200 ms)

========================================================================
Received Prepare
Refreshing native plugins compatible for Editor in 3.77 ms, found 4 plugins.
Preloading 0 native plugins for Editor in 0.00 ms.
Unloading 29 Unused Serialized files (Serialized files now loaded: 0)
System memory in use before: 59.3 MB.
System memory in use after: 58.6 MB.

Unloading 29 unused Assets to reduce memory usage. Loaded Objects now: 2812.
Total: 3.403800 ms (FindLiveObjects: 0.343200 ms CreateObjectMapping: 0.125700 ms MarkObjects: 2.261100 ms  DeleteObjects: 0.672500 ms)

========================================================================
Received Prepare
Refreshing native plugins compatible for Editor in 3.65 ms, found 4 plugins.
Preloading 0 native plugins for Editor in 0.00 ms.
Unloading 29 Unused Serialized files (Serialized files now loaded: 0)
System memory in use before: 59.3 MB.
System memory in use after: 58.6 MB.

Unloading 29 unused Assets to reduce memory usage. Loaded Objects now: 2812.
Total: 3.484700 ms (FindLiveObjects: 0.350000 ms CreateObjectMapping: 0.126900 ms MarkObjects: 2.300800 ms  DeleteObjects: 0.705500 ms)

========================================================================
Received Prepare
Refreshing native plugins compatible for Editor in 3.77 ms, found 4 plugins.
Preloading 0 native plugins for Editor in 0.00 ms.
Unloading 29 Unused Serialized files (Serialized files now loaded: 0)
System memory in use before: 59.3 MB.
System memory in use after: 58.6 MB.

Unloading 29 unused Assets to reduce memory usage. Loaded Objects now: 2812.
Total: 3.794300 ms (FindLiveObjects: 0.371400 ms CreateObjectMapping: 0.197100 ms MarkObjects: 2.560100 ms  DeleteObjects: 0.664700 ms)

AssetImportParameters requested are different than current active one (requested -> active):
  colorSpace: 1 -> 0
========================================================================
Received Prepare
Registering precompiled user dll's ...
Registered in 0.004558 seconds.
Begin MonoManager ReloadAssembly
Native extension for WindowsStandalone target not found
Refreshing native plugins compatible for Editor in 0.71 ms, found 4 plugins.
Preloading 0 native plugins for Editor in 0.00 ms.
Mono: successfully reloaded assembly
- Completed reload, in  0.950 seconds
Platform modules already initialized, skipping
Refreshing native plugins compatible for Editor in 0.68 ms, found 4 plugins.
Preloading 0 native plugins for Editor in 0.00 ms.
Unloading 2349 Unused Serialized files (Serialized files now loaded: 0)
System memory in use before: 105.8 MB.
System memory in use after: 105.2 MB.

Unloading 32 unused Assets to reduce memory usage. Loaded Objects now: 2818.
Total: 3.403400 ms (FindLiveObjects: 0.415800 ms CreateObjectMapping: 0.133100 ms MarkObjects: 2.214900 ms  DeleteObjects: 0.638200 ms)

AssetImportParameters requested are different than current active one (requested -> active):
  colorSpace: 1 -> 0
========================================================================
Received Prepare
Registering precompiled user dll's ...
Registered in 0.004272 seconds.
Begin MonoManager ReloadAssembly
Native extension for WindowsStandalone target not found
Refreshing native plugins compatible for Editor in 0.69 ms, found 4 plugins.
Preloading 0 native plugins for Editor in 0.00 ms.
Mono: successfully reloaded assembly
- Completed reload, in  0.968 seconds
Platform modules already initialized, skipping
Refreshing native plugins compatible for Editor in 0.68 ms, found 4 plugins.
Preloading 0 native plugins for Editor in 0.00 ms.
Unloading 2355 Unused Serialized files (Serialized files now loaded: 0)
System memory in use before: 106.9 MB.
System memory in use after: 106.1 MB.

Unloading 32 unused Assets to reduce memory usage. Loaded Objects now: 2830.
Total: 3.497500 ms (FindLiveObjects: 0.317900 ms CreateObjectMapping: 0.157400 ms MarkObjects: 2.368200 ms  DeleteObjects: 0.652700 ms)

AssetImportParameters requested are different than current active one (requested -> active):
  colorSpace: 1 -> 0
========================================================================
Received Prepare
Registering precompiled user dll's ...
Registered in 0.004718 seconds.
Begin MonoManager ReloadAssembly
Native extension for WindowsStandalone target not found
Refreshing native plugins compatible for Editor in 0.71 ms, found 4 plugins.
Preloading 0 native plugins for Editor in 0.00 ms.
Mono: successfully reloaded assembly
- Completed reload, in  0.935 seconds
Platform modules already initialized, skipping
Refreshing native plugins compatible for Editor in 0.68 ms, found 4 plugins.
Preloading 0 native plugins for Editor in 0.00 ms.
Unloading 2362 Unused Serialized files (Serialized files now loaded: 0)
System memory in use before: 107.2 MB.
System memory in use after: 106.5 MB.

Unloading 32 unused Assets to reduce memory usage. Loaded Objects now: 2843.
Total: 3.497000 ms (FindLiveObjects: 0.407600 ms CreateObjectMapping: 0.112300 ms MarkObjects: 2.327000 ms  DeleteObjects: 0.648800 ms)

AssetImportParameters requested are different than current active one (requested -> active):
  colorSpace: 1 -> 0
========================================================================
Received Import Request.
  Time since last request: 636.255348 seconds.
  path: Assets/SteamVR_Input/SteamVR_Actions.asmdef
  artifactKey: Guid(ffea7583cc1c1454298da1f896fd57e8) Importer(815301076,1909f56bfc062723c751e8b465ee728b)
Start importing Assets/SteamVR_Input/SteamVR_Actions.asmdef using Guid(ffea7583cc1c1454298da1f896fd57e8) Importer(815301076,1909f56bfc062723c751e8b465ee728b)  -> (artifact id: '3ceb64e6630af2e513b08de13d316187') in 0.015563 seconds
  Import took 0.020054 seconds .

========================================================================
Received Prepare
Refreshing native plugins compatible for Editor in 3.56 ms, found 4 plugins.
Preloading 0 native plugins for Editor in 0.00 ms.
Unloading 29 Unused Serialized files (Serialized files now loaded: 0)
System memory in use before: 59.9 MB.
System memory in use after: 59.2 MB.

Unloading 29 unused Assets to reduce memory usage. Loaded Objects now: 2843.
Total: 3.632100 ms (FindLiveObjects: 0.542700 ms CreateObjectMapping: 0.246800 ms MarkObjects: 2.166300 ms  DeleteObjects: 0.674800 ms)

========================================================================
Received Prepare
Refreshing native plugins compatible for Editor in 3.77 ms, found 4 plugins.
Preloading 0 native plugins for Editor in 0.00 ms.
Unloading 29 Unused Serialized files (Serialized files now loaded: 0)
System memory in use before: 59.9 MB.
System memory in use after: 59.2 MB.

Unloading 29 unused Assets to reduce memory usage. Loaded Objects now: 2843.
Total: 3.844200 ms (FindLiveObjects: 0.651500 ms CreateObjectMapping: 0.187800 ms MarkObjects: 2.340100 ms  DeleteObjects: 0.663100 ms)

AssetImportWorkerClient::OnTransportError - code=2 error=End of file
