Using pre-set license
Desktop is 1366 x 768 @ 60 Hz

 COMMAND LINE ARGUMENTS:
Unity
-adb2
-batchMode
-noUpm
-name
AssetImportWorker0
-projectPath
/home/abel/JvaljerGit/WallVR/Code/Wall_PreWork_v2
-logFile
Logs/AssetImportWorker0.log
-srvPort
42739
Successfully changed project path to: /home/abel/JvaljerGit/WallVR/Code/Wall_PreWork_v2
/home/abel/JvaljerGit/WallVR/Code/Wall_PreWork_v2
Using Asset Import Pipeline V2.
Refreshing native plugins compatible for Editor in 86,11 ms, found 1 plugins.
Preloading 0 native plugins for Editor in 0,00 ms.
Initialize engine version: 2020.3.6f1 (338bb68529b2)
[Subsystems] Discovering subsystems at path /home/abel/Unity/Hub/Editor/2020.3.6f1/Editor/Data/Resources/UnitySubsystems
[Subsystems] Discovering subsystems at path /home/abel/JvaljerGit/WallVR/Code/Wall_PreWork_v2/Assets
GLX Extensions: GLX_ARB_context_flush_control GLX_ARB_create_context GLX_ARB_create_context_no_error GLX_ARB_create_context_profile GLX_ARB_create_context_robustness GLX_ARB_fbconfig_float GLX_ARB_framebuffer_sRGB GLX_ARB_get_proc_address GLX_ARB_multisample GLX_EXT_buffer_age GLX_EXT_create_context_es2_profile GLX_EXT_create_context_es_profile GLX_EXT_fbconfig_packed_float GLX_EXT_framebuffer_sRGB GLX_EXT_no_config_context GLX_EXT_swap_control GLX_EXT_swap_control_tear GLX_EXT_texture_from_pixmap GLX_EXT_visual_info GLX_EXT_visual_rating GLX_MESA_copy_sub_buffer GLX_MESA_query_renderer GLX_MESA_swap_control GLX_OML_swap_method GLX_OML_sync_control GLX_SGIS_multisample GLX_SGIX_fbconfig GLX_SGIX_pbuffer GLX_SGIX_visual_select_group GLX_SGI_make_current_read GLX_SGI_video_sync 
Renderer: Mesa Intel(R) UHD Graphics 605 (GLK 3)
Vendor:   Intel
Version:  4.6 (Core Profile) Mesa 22.2.5
GLES:     0
 GL_3DFX_texture_compression_FXT1 GL_AMD_conservative_depth GL_AMD_depth_clamp_separate GL_AMD_draw_buffers_blend GL_AMD_gpu_shader_int64 GL_AMD_multi_draw_indirect GL_AMD_performance_monitor GL_AMD_query_buffer_object GL_AMD_seamless_cubemap_per_texture GL_AMD_shader_stencil_export GL_AMD_shader_trinary_minmax GL_AMD_texture_texture4 GL_AMD_vertex_shader_layer GL_AMD_vertex_shader_viewport_index GL_ANGLE_texture_compression_dxt3 GL_ANGLE_texture_compression_dxt5 GL_ARB_ES2_compatibility GL_ARB_ES3_1_compatibility GL_ARB_ES3_2_compatibility GL_ARB_ES3_compatibility GL_ARB_arrays_of_arrays GL_ARB_base_instance GL_ARB_blend_func_extended GL_ARB_buffer_storage GL_ARB_clear_buffer_object GL_ARB_clear_texture GL_ARB_clip_control GL_ARB_compressed_texture_pixel_storage GL_ARB_compute_shader GL_ARB_compute_variable_group_size GL_ARB_conditional_render_inverted GL_ARB_conservative_depth GL_ARB_copy_buffer GL_ARB_copy_image GL_ARB_cull_distance GL_ARB_debug_output GL_ARB_depth_buffer_float GL_ARB_depth_clamp GL_ARB_d
erivative_control GL_ARB_direct_state_access GL_ARB_draw_buffers GL_ARB_draw_buffers_blend GL_ARB_draw_elements_base_vertex GL_ARB_draw_indirect GL_ARB_draw_instanced GL_ARB_enhanced_layouts GL_ARB_explicit_attrib_location GL_ARB_explicit_uniform_location GL_ARB_fragment_coord_conventions GL_ARB_fragment_layer_viewport GL_ARB_fragment_shader GL_ARB_fragment_shader_interlock GL_ARB_framebuffer_no_attachments GL_ARB_framebuffer_object GL_ARB_framebuffer_sRGB GL_ARB_get_program_binary GL_ARB_get_texture_sub_image GL_ARB_gl_spirv GL_ARB_gpu_shader5 GL_ARB_gpu_shader_fp64 GL_ARB_gpu_shader_int64 GL_ARB_half_float_pixel GL_ARB_half_float_vertex GL_ARB_indirect_parameters GL_ARB_instanced_arrays GL_ARB_internalformat_query GL_ARB_internalformat_query2 GL_ARB_invalidate_subdata GL_ARB_map_buffer_alignment GL_ARB_map_buffer_range GL_ARB_multi_bind GL_ARB_multi_draw_indirect GL_ARB_occlusion_query2 GL_ARB_parallel_shader_compile GL_ARB_pipeline_statistics_query GL_ARB_pixel_buffer_object GL_ARB_point_sprite GL_ARB_pol
ygon_offset_clamp GL_ARB_post_depth_coverage GL_ARB_program_interface_query GL_ARB_provoking_vertex GL_ARB_query_buffer_object GL_ARB_robust_buffer_access_behavior GL_ARB_robustness GL_ARB_sample_shading GL_ARB_sampler_objects GL_ARB_seamless_cube_map GL_ARB_seamless_cubemap_per_texture GL_ARB_separate_shader_objects GL_ARB_shader_atomic_counter_ops GL_ARB_shader_atomic_counters GL_ARB_shader_ballot GL_ARB_shader_bit_encoding GL_ARB_shader_clock GL_ARB_shader_draw_parameters GL_ARB_shader_group_vote GL_ARB_shader_image_load_store GL_ARB_shader_image_size GL_ARB_shader_objects GL_ARB_shader_precision GL_ARB_shader_stencil_export GL_ARB_shader_storage_buffer_object GL_ARB_shader_subroutine GL_ARB_shader_texture_image_samples GL_ARB_shader_texture_lod GL_ARB_shader_viewport_layer_array GL_ARB_shading_language_420pack GL_ARB_shading_language_include GL_ARB_shading_language_packing GL_ARB_spirv_extensions GL_ARB_stencil_texturing GL_ARB_sync GL_ARB_tessellation_shader GL_ARB_texture_barrier GL_ARB_texture_buffer_
object GL_ARB_texture_buffer_object_rgb32 GL_ARB_texture_buffer_range GL_ARB_texture_compression_bptc GL_ARB_texture_compression_rgtc GL_ARB_texture_cube_map_array GL_ARB_texture_filter_anisotropic GL_ARB_texture_float GL_ARB_texture_gather GL_ARB_texture_mirror_clamp_to_edge GL_ARB_texture_multisample GL_ARB_texture_non_power_of_two GL_ARB_texture_query_levels GL_ARB_texture_query_lod GL_ARB_texture_rectangle GL_ARB_texture_rg GL_ARB_texture_rgb10_a2ui GL_ARB_texture_stencil8 GL_ARB_texture_storage GL_ARB_texture_storage_multisample GL_ARB_texture_swizzle GL_ARB_texture_view GL_ARB_timer_query GL_ARB_transform_feedback2 GL_ARB_transform_feedback3 GL_ARB_transform_feedback_instanced GL_ARB_transform_feedback_overflow_query GL_ARB_uniform_buffer_object GL_ARB_vertex_array_bgra GL_ARB_vertex_array_object GL_ARB_vertex_attrib_64bit GL_ARB_vertex_attrib_binding GL_ARB_vertex_buffer_object GL_ARB_vertex_shader GL_ARB_vertex_type_10f_11f_11f_rev GL_ARB_vertex_type_2_10_10_10_rev GL_ARB_viewport_array GL_ATI_blend_
equation_separate GL_ATI_texture_float GL_EXT_EGL_image_storage GL_EXT_EGL_sync GL_EXT_abgr GL_EXT_blend_equation_separate GL_EXT_demote_to_helper_invocation GL_EXT_draw_buffers2 GL_EXT_draw_instanced GL_EXT_framebuffer_blit GL_EXT_framebuffer_multisample GL_EXT_framebuffer_multisample_blit_scaled GL_EXT_framebuffer_object GL_EXT_framebuffer_sRGB GL_EXT_memory_object GL_EXT_memory_object_fd GL_EXT_packed_depth_stencil GL_EXT_packed_float GL_EXT_pixel_buffer_object GL_EXT_polygon_offset_clamp GL_EXT_provoking_vertex GL_EXT_semaphore GL_EXT_semaphore_fd GL_EXT_shader_framebuffer_fetch GL_EXT_shader_framebuffer_fetch_non_coherent GL_EXT_shader_integer_mix GL_EXT_shader_samples_identical GL_EXT_texture_array GL_EXT_texture_compression_dxt1 GL_EXT_texture_compression_rgtc GL_EXT_texture_compression_s3tc GL_EXT_texture_filter_anisotropic GL_EXT_texture_integer GL_EXT_texture_sRGB GL_EXT_texture_sRGB_R8 GL_EXT_texture_sRGB_decode GL_EXT_texture_shadow_lod GL_EXT_texture_shared_exponent GL_EXT_texture_snorm GL_EXT_t
exture_swizzle GL_EXT_timer_query GL_EXT_transform_feedback GL_EXT_vertex_array_bgra GL_EXT_vertex_attrib_64bit GL_IBM_multimode_draw_arrays GL_INTEL_blackhole_render GL_INTEL_conservative_rasterization GL_INTEL_performance_query GL_INTEL_shader_atomic_float_minmax GL_INTEL_shader_integer_functions2 GL_KHR_blend_equation_advanced GL_KHR_blend_equation_advanced_coherent GL_KHR_context_flush_control GL_KHR_debug GL_KHR_no_error GL_KHR_parallel_shader_compile GL_KHR_robust_buffer_access_behavior GL_KHR_robustness GL_KHR_texture_compression_astc_ldr GL_KHR_texture_compression_astc_sliced_3d GL_MESA_framebuffer_flip_y GL_MESA_pack_invert GL_MESA_shader_integer_functions GL_MESA_texture_signed_rgba GL_NV_compute_shader_derivatives GL_NV_conditional_render GL_NV_copy_image GL_NV_depth_clamp GL_NV_fragment_shader_interlock GL_NV_packed_depth_stencil GL_NV_texture_barrier GL_OES_EGL_image GL_S3_s3tc
OPENGL LOG: Creating OpenGL 4.6 graphics device ; Context level  <OpenGL 4.5> ; Context handle 736281024
Initialize mono
Mono path[0] = '/home/abel/Unity/Hub/Editor/2020.3.6f1/Editor/Data/Managed'
Mono path[1] = '/home/abel/Unity/Hub/Editor/2020.3.6f1/Editor/Data/MonoBleedingEdge/lib/mono/unityjit'
Mono config path = '/home/abel/Unity/Hub/Editor/2020.3.6f1/Editor/Data/MonoBleedingEdge/etc'
Using monoOptions --debugger-agent=transport=dt_socket,embedding=1,server=y,suspend=n,address=127.0.0.1:56372
Begin MonoManager ReloadAssembly
Registering precompiled unity dll's ...
Register platform support module: /home/abel/Unity/Hub/Editor/2020.3.6f1/Editor/Data/PlaybackEngines/WebGLSupport/UnityEditor.WebGL.Extensions.dll
Register platform support module: /home/abel/Unity/Hub/Editor/2020.3.6f1/Editor/Data/PlaybackEngines/MacStandaloneSupport/UnityEditor.OSXStandalone.Extensions.dll
Register platform support module: /home/abel/Unity/Hub/Editor/2020.3.6f1/Editor/Data/PlaybackEngines/WindowsStandaloneSupport/UnityEditor.WindowsStandalone.Extensions.dll
Register platform support module: /home/abel/Unity/Hub/Editor/2020.3.6f1/Editor/Data/PlaybackEngines/LinuxStandaloneSupport/UnityEditor.LinuxStandalone.Extensions.dll
Registered in 0,003981 seconds.
Native extension for LinuxStandalone target not found
Native extension for WindowsStandalone target not found
Native extension for OSXStandalone target not found
Native extension for WebGL target not found
Refreshing native plugins compatible for Editor in 83,30 ms, found 1 plugins.
Preloading 0 native plugins for Editor in 0,00 ms.
Mono: successfully reloaded assembly
- Completed reload, in  2,443 seconds
Platform modules already initialized, skipping
Registering precompiled user dll's ...
Registered in 0,004128 seconds.
Begin MonoManager ReloadAssembly
Native extension for LinuxStandalone target not found
Native extension for WindowsStandalone target not found
Native extension for OSXStandalone target not found
Native extension for WebGL target not found
Refreshing native plugins compatible for Editor in 84,59 ms, found 1 plugins.
Preloading 0 native plugins for Editor in 0,00 ms.
Mono: successfully reloaded assembly
- Completed reload, in  1,864 seconds
Platform modules already initialized, skipping
========================================================================
Worker process is ready to serve import requests
Launched and connected shader compiler UnityShaderCompiler after 0.05 seconds
Refreshing native plugins compatible for Editor in 1,05 ms, found 1 plugins.
Preloading 0 native plugins for Editor in 0,00 ms.
Unloading 2049 Unused Serialized files (Serialized files now loaded: 0)
System memory in use before: 88,7 MB.
System memory in use after: 88,7 MB.

Unloading 30 unused Assets to reduce memory usage. Loaded Objects now: 2488.
Total: 5,849575 ms (FindLiveObjects: 0,547823 ms CreateObjectMapping: 0,124192 ms MarkObjects: 4,621140 ms  DeleteObjects: 0,553286 ms)

========================================================================
Received Import Request.
  path: Assets/Resources/ScreenPart.prefab
  artifactKey: Guid(4da0304c2cebacf62aefec6325a091ba) Importer(815301076,1909f56bfc062723c751e8b465ee728b)
Start importing Assets/Resources/ScreenPart.prefab using Guid(4da0304c2cebacf62aefec6325a091ba) Importer(815301076,1909f56bfc062723c751e8b465ee728b)  -> (artifact id: '5a6dc2e01b064a37668d791865ee0e30') in 0,046567 seconds
  Import took 0,053475 seconds .

========================================================================
Received Import Request.
  Time since last request: 0,266264 seconds.
  path: Assets/Resources/ScreenPart.prefab
  artifactKey: Guid(4da0304c2cebacf62aefec6325a091ba) Importer(815301076,1909f56bfc062723c751e8b465ee728b)
Start importing Assets/Resources/ScreenPart.prefab using Guid(4da0304c2cebacf62aefec6325a091ba) Importer(815301076,1909f56bfc062723c751e8b465ee728b)  -> (artifact id: '75368a6abdf6059c29ba5cf016f56083') in 0,008159 seconds
  Import took 0,015816 seconds .

========================================================================
Received Import Request.
  Time since last request: 0,012526 seconds.
  path: Assets/Resources/ScreenPart.prefab
  artifactKey: Guid(4da0304c2cebacf62aefec6325a091ba) Importer(815301076,1909f56bfc062723c751e8b465ee728b)
Start importing Assets/Resources/ScreenPart.prefab using Guid(4da0304c2cebacf62aefec6325a091ba) Importer(815301076,1909f56bfc062723c751e8b465ee728b)  -> (artifact id: '75368a6abdf6059c29ba5cf016f56083') in 0,007091 seconds
  Import took 0,013871 seconds .

========================================================================
Received Prepare
Registering precompiled user dll's ...
Registered in 0,003618 seconds.
Begin MonoManager ReloadAssembly
Native extension for LinuxStandalone target not found
Native extension for WindowsStandalone target not found
Native extension for OSXStandalone target not found
Native extension for WebGL target not found
Refreshing native plugins compatible for Editor in 1,06 ms, found 1 plugins.
Preloading 0 native plugins for Editor in 0,00 ms.
Mono: successfully reloaded assembly
- Completed reload, in  1,663 seconds
Platform modules already initialized, skipping
Refreshing native plugins compatible for Editor in 1,03 ms, found 1 plugins.
Preloading 0 native plugins for Editor in 0,00 ms.
Unloading 2031 Unused Serialized files (Serialized files now loaded: 0)
System memory in use before: 87,3 MB.
System memory in use after: 87,3 MB.

Unloading 17 unused Assets to reduce memory usage. Loaded Objects now: 2494.
Total: 5,833396 ms (FindLiveObjects: 0,537446 ms CreateObjectMapping: 0,103815 ms MarkObjects: 4,899900 ms  DeleteObjects: 0,288992 ms)

========================================================================
Received Import Request.
  Time since last request: 14,680705 seconds.
  path: Assets/Resources/ScreenPart.prefab
  artifactKey: Guid(4da0304c2cebacf62aefec6325a091ba) Importer(815301076,1909f56bfc062723c751e8b465ee728b)
Start importing Assets/Resources/ScreenPart.prefab using Guid(4da0304c2cebacf62aefec6325a091ba) Importer(815301076,1909f56bfc062723c751e8b465ee728b)  -> (artifact id: 'c34900284cbc9d5d15c82417b2e2a611') in 0,045222 seconds
  Import took 0,050975 seconds .

========================================================================
Received Prepare
Registering precompiled user dll's ...
Registered in 0,003523 seconds.
Begin MonoManager ReloadAssembly
Native extension for LinuxStandalone target not found
Native extension for WindowsStandalone target not found
Native extension for OSXStandalone target not found
Native extension for WebGL target not found
Refreshing native plugins compatible for Editor in 1,11 ms, found 1 plugins.
Preloading 0 native plugins for Editor in 0,00 ms.
Mono: successfully reloaded assembly
- Completed reload, in  1,677 seconds
Platform modules already initialized, skipping
Refreshing native plugins compatible for Editor in 1,07 ms, found 1 plugins.
Preloading 0 native plugins for Editor in 0,00 ms.
Unloading 2027 Unused Serialized files (Serialized files now loaded: 0)
System memory in use before: 87,3 MB.
System memory in use after: 87,3 MB.

Unloading 21 unused Assets to reduce memory usage. Loaded Objects now: 2495.
Total: 6,705605 ms (FindLiveObjects: 0,575976 ms CreateObjectMapping: 0,134417 ms MarkObjects: 5,634127 ms  DeleteObjects: 0,358286 ms)

========================================================================
Received Prepare
Registering precompiled user dll's ...
Registered in 0,003768 seconds.
Begin MonoManager ReloadAssembly
Native extension for LinuxStandalone target not found
Native extension for WindowsStandalone target not found
Native extension for OSXStandalone target not found
Native extension for WebGL target not found
Refreshing native plugins compatible for Editor in 1,07 ms, found 1 plugins.
Preloading 0 native plugins for Editor in 0,00 ms.
Mono: successfully reloaded assembly
- Completed reload, in  1,637 seconds
Platform modules already initialized, skipping
Refreshing native plugins compatible for Editor in 1,04 ms, found 1 plugins.
Preloading 0 native plugins for Editor in 0,00 ms.
Unloading 2027 Unused Serialized files (Serialized files now loaded: 0)
System memory in use before: 87,3 MB.
System memory in use after: 87,3 MB.

Unloading 17 unused Assets to reduce memory usage. Loaded Objects now: 2500.
Total: 6,298590 ms (FindLiveObjects: 0,537683 ms CreateObjectMapping: 0,104626 ms MarkObjects: 5,286879 ms  DeleteObjects: 0,366991 ms)

========================================================================
Received Prepare
Registering precompiled user dll's ...
Registered in 0,003697 seconds.
Begin MonoManager ReloadAssembly
Native extension for LinuxStandalone target not found
Native extension for WindowsStandalone target not found
Native extension for OSXStandalone target not found
Native extension for WebGL target not found
Refreshing native plugins compatible for Editor in 1,11 ms, found 1 plugins.
Preloading 0 native plugins for Editor in 0,00 ms.
Mono: successfully reloaded assembly
- Completed reload, in  1,680 seconds
Platform modules already initialized, skipping
Refreshing native plugins compatible for Editor in 1,14 ms, found 1 plugins.
Preloading 0 native plugins for Editor in 0,00 ms.
Unloading 2027 Unused Serialized files (Serialized files now loaded: 0)
System memory in use before: 87,3 MB.
System memory in use after: 87,3 MB.

Unloading 17 unused Assets to reduce memory usage. Loaded Objects now: 2505.
Total: 6,720388 ms (FindLiveObjects: 0,560673 ms CreateObjectMapping: 0,128759 ms MarkObjects: 5,636237 ms  DeleteObjects: 0,390119 ms)

========================================================================
Received Prepare
Refreshing native plugins compatible for Editor in 7,21 ms, found 1 plugins.
Preloading 0 native plugins for Editor in 0,00 ms.
Unloading 15 Unused Serialized files (Serialized files now loaded: 0)
System memory in use before: 47,4 MB.
System memory in use after: 47,4 MB.

Unloading 15 unused Assets to reduce memory usage. Loaded Objects now: 2505.
Total: 5,793772 ms (FindLiveObjects: 0,546712 ms CreateObjectMapping: 0,103996 ms MarkObjects: 4,814571 ms  DeleteObjects: 0,324393 ms)

========================================================================
Received Prepare
Registering precompiled user dll's ...
Registered in 0,003886 seconds.
Begin MonoManager ReloadAssembly
Native extension for LinuxStandalone target not found
Native extension for WindowsStandalone target not found
Native extension for OSXStandalone target not found
Native extension for WebGL target not found
Refreshing native plugins compatible for Editor in 1,16 ms, found 1 plugins.
Preloading 0 native plugins for Editor in 0,00 ms.
Mono: successfully reloaded assembly
- Completed reload, in  1,708 seconds
Platform modules already initialized, skipping
Refreshing native plugins compatible for Editor in 1,14 ms, found 1 plugins.
Preloading 0 native plugins for Editor in 0,00 ms.
Unloading 2027 Unused Serialized files (Serialized files now loaded: 0)
System memory in use before: 87,4 MB.
System memory in use after: 87,3 MB.

Unloading 17 unused Assets to reduce memory usage. Loaded Objects now: 2510.
Total: 6,256336 ms (FindLiveObjects: 0,543039 ms CreateObjectMapping: 0,108874 ms MarkObjects: 5,189368 ms  DeleteObjects: 0,410936 ms)

========================================================================
Received Prepare
Registering precompiled user dll's ...
Registered in 0,003547 seconds.
Begin MonoManager ReloadAssembly
Native extension for LinuxStandalone target not found
Native extension for WindowsStandalone target not found
Native extension for OSXStandalone target not found
Native extension for WebGL target not found
Refreshing native plugins compatible for Editor in 1,10 ms, found 1 plugins.
Preloading 0 native plugins for Editor in 0,00 ms.
Mono: successfully reloaded assembly
- Completed reload, in  1,710 seconds
Platform modules already initialized, skipping
Refreshing native plugins compatible for Editor in 1,12 ms, found 1 plugins.
Preloading 0 native plugins for Editor in 0,00 ms.
Unloading 2027 Unused Serialized files (Serialized files now loaded: 0)
System memory in use before: 87,4 MB.
System memory in use after: 87,3 MB.

Unloading 17 unused Assets to reduce memory usage. Loaded Objects now: 2515.
Total: 7,846439 ms (FindLiveObjects: 0,594867 ms CreateObjectMapping: 0,167103 ms MarkObjects: 6,727424 ms  DeleteObjects: 0,353287 ms)

========================================================================
Received Prepare
Registering precompiled user dll's ...
Registered in 0,003660 seconds.
Begin MonoManager ReloadAssembly
Native extension for LinuxStandalone target not found
Native extension for WindowsStandalone target not found
Native extension for OSXStandalone target not found
Native extension for WebGL target not found
Refreshing native plugins compatible for Editor in 1,09 ms, found 1 plugins.
Preloading 0 native plugins for Editor in 0,00 ms.
Mono: successfully reloaded assembly
- Completed reload, in  1,657 seconds
Platform modules already initialized, skipping
Refreshing native plugins compatible for Editor in 1,15 ms, found 1 plugins.
Preloading 0 native plugins for Editor in 0,00 ms.
Unloading 2027 Unused Serialized files (Serialized files now loaded: 0)
System memory in use before: 87,4 MB.
System memory in use after: 87,3 MB.

Unloading 17 unused Assets to reduce memory usage. Loaded Objects now: 2520.
Total: 6,938430 ms (FindLiveObjects: 0,780710 ms CreateObjectMapping: 0,105182 ms MarkObjects: 5,683745 ms  DeleteObjects: 0,365282 ms)

========================================================================
Received Prepare
Refreshing native plugins compatible for Editor in 4,86 ms, found 1 plugins.
Preloading 0 native plugins for Editor in 0,00 ms.
Unloading 15 Unused Serialized files (Serialized files now loaded: 0)
System memory in use before: 47,4 MB.
System memory in use after: 47,4 MB.

Unloading 15 unused Assets to reduce memory usage. Loaded Objects now: 2520.
Total: 5,713115 ms (FindLiveObjects: 0,539743 ms CreateObjectMapping: 0,104820 ms MarkObjects: 4,772719 ms  DeleteObjects: 0,291068 ms)

========================================================================
Received Prepare
Registering precompiled user dll's ...
Registered in 0,058604 seconds.
Begin MonoManager ReloadAssembly
Native extension for LinuxStandalone target not found
Native extension for WindowsStandalone target not found
Native extension for OSXStandalone target not found
Native extension for WebGL target not found
Refreshing native plugins compatible for Editor in 1,06 ms, found 1 plugins.
Preloading 0 native plugins for Editor in 0,00 ms.
Mono: successfully reloaded assembly
- Completed reload, in  2,019 seconds
Platform modules already initialized, skipping
Refreshing native plugins compatible for Editor in 1,34 ms, found 1 plugins.
Preloading 0 native plugins for Editor in 0,00 ms.
Unloading 2027 Unused Serialized files (Serialized files now loaded: 0)
System memory in use before: 87,4 MB.
System memory in use after: 87,4 MB.

Unloading 17 unused Assets to reduce memory usage. Loaded Objects now: 2525.
Total: 8,905785 ms (FindLiveObjects: 0,701291 ms CreateObjectMapping: 0,141592 ms MarkObjects: 7,606843 ms  DeleteObjects: 0,451229 ms)

========================================================================
Received Prepare
Registering precompiled user dll's ...
Registered in 0,003952 seconds.
Begin MonoManager ReloadAssembly
Native extension for LinuxStandalone target not found
Native extension for WindowsStandalone target not found
Native extension for OSXStandalone target not found
Native extension for WebGL target not found
Refreshing native plugins compatible for Editor in 1,17 ms, found 1 plugins.
Preloading 0 native plugins for Editor in 0,00 ms.
Mono: successfully reloaded assembly
- Completed reload, in  1,674 seconds
Platform modules already initialized, skipping
Refreshing native plugins compatible for Editor in 0,99 ms, found 1 plugins.
Preloading 0 native plugins for Editor in 0,00 ms.
Unloading 2027 Unused Serialized files (Serialized files now loaded: 0)
System memory in use before: 87,4 MB.
System memory in use after: 87,4 MB.

Unloading 17 unused Assets to reduce memory usage. Loaded Objects now: 2530.
Total: 6,866618 ms (FindLiveObjects: 0,617413 ms CreateObjectMapping: 0,146378 ms MarkObjects: 5,721034 ms  DeleteObjects: 0,378704 ms)

========================================================================
Received Prepare
Registering precompiled user dll's ...
Registered in 0,003461 seconds.
Begin MonoManager ReloadAssembly
Native extension for LinuxStandalone target not found
Native extension for WindowsStandalone target not found
Native extension for OSXStandalone target not found
Native extension for WebGL target not found
Refreshing native plugins compatible for Editor in 1,11 ms, found 1 plugins.
Preloading 0 native plugins for Editor in 0,00 ms.
Mono: successfully reloaded assembly
- Completed reload, in  1,639 seconds
Platform modules already initialized, skipping
Refreshing native plugins compatible for Editor in 1,04 ms, found 1 plugins.
Preloading 0 native plugins for Editor in 0,00 ms.
Unloading 2027 Unused Serialized files (Serialized files now loaded: 0)
System memory in use before: 87,4 MB.
System memory in use after: 87,4 MB.

Unloading 17 unused Assets to reduce memory usage. Loaded Objects now: 2535.
Total: 6,506830 ms (FindLiveObjects: 0,520258 ms CreateObjectMapping: 0,101901 ms MarkObjects: 5,517933 ms  DeleteObjects: 0,363702 ms)

========================================================================
Received Prepare
Registering precompiled user dll's ...
Registered in 0,003492 seconds.
Begin MonoManager ReloadAssembly
Native extension for LinuxStandalone target not found
Native extension for WindowsStandalone target not found
Native extension for OSXStandalone target not found
Native extension for WebGL target not found
Refreshing native plugins compatible for Editor in 1,07 ms, found 1 plugins.
Preloading 0 native plugins for Editor in 0,00 ms.
Mono: successfully reloaded assembly
- Completed reload, in  1,735 seconds
Platform modules already initialized, skipping
Refreshing native plugins compatible for Editor in 1,22 ms, found 1 plugins.
Preloading 0 native plugins for Editor in 0,00 ms.
Unloading 2027 Unused Serialized files (Serialized files now loaded: 0)
System memory in use before: 87,4 MB.
System memory in use after: 87,4 MB.

Unloading 17 unused Assets to reduce memory usage. Loaded Objects now: 2540.
Total: 7,220018 ms (FindLiveObjects: 0,637861 ms CreateObjectMapping: 0,180925 ms MarkObjects: 6,018786 ms  DeleteObjects: 0,379303 ms)

========================================================================
Received Prepare
Registering precompiled user dll's ...
Registered in 0,003784 seconds.
Begin MonoManager ReloadAssembly
Native extension for LinuxStandalone target not found
Native extension for WindowsStandalone target not found
Native extension for OSXStandalone target not found
Native extension for WebGL target not found
Refreshing native plugins compatible for Editor in 1,08 ms, found 1 plugins.
Preloading 0 native plugins for Editor in 0,00 ms.
Mono: successfully reloaded assembly
- Completed reload, in  1,748 seconds
Platform modules already initialized, skipping
Refreshing native plugins compatible for Editor in 1,08 ms, found 1 plugins.
Preloading 0 native plugins for Editor in 0,00 ms.
Unloading 2027 Unused Serialized files (Serialized files now loaded: 0)
System memory in use before: 87,4 MB.
System memory in use after: 87,4 MB.

Unloading 17 unused Assets to reduce memory usage. Loaded Objects now: 2545.
Total: 6,687753 ms (FindLiveObjects: 0,533231 ms CreateObjectMapping: 0,106131 ms MarkObjects: 5,678931 ms  DeleteObjects: 0,366396 ms)

========================================================================
Received Prepare
Registering precompiled user dll's ...
Registered in 0,003566 seconds.
Begin MonoManager ReloadAssembly
Native extension for LinuxStandalone target not found
Native extension for WindowsStandalone target not found
Native extension for OSXStandalone target not found
Native extension for WebGL target not found
Refreshing native plugins compatible for Editor in 1,09 ms, found 1 plugins.
Preloading 0 native plugins for Editor in 0,00 ms.
Mono: successfully reloaded assembly
- Completed reload, in  1,677 seconds
Platform modules already initialized, skipping
Refreshing native plugins compatible for Editor in 1,03 ms, found 1 plugins.
Preloading 0 native plugins for Editor in 0,00 ms.
Unloading 2027 Unused Serialized files (Serialized files now loaded: 0)
System memory in use before: 87,4 MB.
System memory in use after: 87,4 MB.

Unloading 17 unused Assets to reduce memory usage. Loaded Objects now: 2550.
Total: 6,614020 ms (FindLiveObjects: 0,557144 ms CreateObjectMapping: 0,103114 ms MarkObjects: 5,575690 ms  DeleteObjects: 0,374570 ms)

========================================================================
Received Prepare
Registering precompiled user dll's ...
Registered in 0,003716 seconds.
Begin MonoManager ReloadAssembly
Native extension for LinuxStandalone target not found
Native extension for WindowsStandalone target not found
Native extension for OSXStandalone target not found
Native extension for WebGL target not found
Refreshing native plugins compatible for Editor in 1,10 ms, found 1 plugins.
Preloading 0 native plugins for Editor in 0,00 ms.
Mono: successfully reloaded assembly
- Completed reload, in  1,650 seconds
Platform modules already initialized, skipping
Refreshing native plugins compatible for Editor in 1,03 ms, found 1 plugins.
Preloading 0 native plugins for Editor in 0,00 ms.
Unloading 2027 Unused Serialized files (Serialized files now loaded: 0)
System memory in use before: 87,4 MB.
System memory in use after: 87,4 MB.

Unloading 17 unused Assets to reduce memory usage. Loaded Objects now: 2555.
Total: 6,935737 ms (FindLiveObjects: 0,565246 ms CreateObjectMapping: 0,106295 ms MarkObjects: 5,888646 ms  DeleteObjects: 0,372453 ms)

========================================================================
Received Prepare
Registering precompiled user dll's ...
Registered in 0,003689 seconds.
Begin MonoManager ReloadAssembly
Native extension for LinuxStandalone target not found
Native extension for WindowsStandalone target not found
Native extension for OSXStandalone target not found
Native extension for WebGL target not found
Refreshing native plugins compatible for Editor in 1,05 ms, found 1 plugins.
Preloading 0 native plugins for Editor in 0,00 ms.
Mono: successfully reloaded assembly
- Completed reload, in  1,674 seconds
Platform modules already initialized, skipping
Refreshing native plugins compatible for Editor in 1,05 ms, found 1 plugins.
Preloading 0 native plugins for Editor in 0,00 ms.
Unloading 2027 Unused Serialized files (Serialized files now loaded: 0)
System memory in use before: 87,4 MB.
System memory in use after: 87,4 MB.

Unloading 17 unused Assets to reduce memory usage. Loaded Objects now: 2560.
Total: 8,021271 ms (FindLiveObjects: 0,756233 ms CreateObjectMapping: 0,353488 ms MarkObjects: 6,412868 ms  DeleteObjects: 0,495752 ms)

========================================================================
Received Prepare
Registering precompiled user dll's ...
Registered in 0,003618 seconds.
Begin MonoManager ReloadAssembly
Native extension for LinuxStandalone target not found
Native extension for WindowsStandalone target not found
Native extension for OSXStandalone target not found
Native extension for WebGL target not found
Refreshing native plugins compatible for Editor in 1,08 ms, found 1 plugins.
Preloading 0 native plugins for Editor in 0,00 ms.
Mono: successfully reloaded assembly
- Completed reload, in  1,669 seconds
Platform modules already initialized, skipping
Refreshing native plugins compatible for Editor in 1,05 ms, found 1 plugins.
Preloading 0 native plugins for Editor in 0,00 ms.
Unloading 2027 Unused Serialized files (Serialized files now loaded: 0)
System memory in use before: 87,4 MB.
System memory in use after: 87,4 MB.

Unloading 17 unused Assets to reduce memory usage. Loaded Objects now: 2565.
Total: 6,878525 ms (FindLiveObjects: 0,579327 ms CreateObjectMapping: 0,124935 ms MarkObjects: 5,793651 ms  DeleteObjects: 0,376934 ms)

========================================================================
Received Prepare
Registering precompiled user dll's ...
Registered in 0,003617 seconds.
Begin MonoManager ReloadAssembly
Native extension for LinuxStandalone target not found
Native extension for WindowsStandalone target not found
Native extension for OSXStandalone target not found
Native extension for WebGL target not found
Refreshing native plugins compatible for Editor in 1,13 ms, found 1 plugins.
Preloading 0 native plugins for Editor in 0,00 ms.
Mono: successfully reloaded assembly
- Completed reload, in  1,897 seconds
Platform modules already initialized, skipping
Refreshing native plugins compatible for Editor in 1,11 ms, found 1 plugins.
Preloading 0 native plugins for Editor in 0,00 ms.
Unloading 2027 Unused Serialized files (Serialized files now loaded: 0)
System memory in use before: 87,4 MB.
System memory in use after: 87,4 MB.

Unloading 17 unused Assets to reduce memory usage. Loaded Objects now: 2570.
Total: 7,956665 ms (FindLiveObjects: 0,564154 ms CreateObjectMapping: 0,115535 ms MarkObjects: 6,812331 ms  DeleteObjects: 0,460197 ms)

========================================================================
Received Prepare
Refreshing native plugins compatible for Editor in 4,86 ms, found 1 plugins.
Preloading 0 native plugins for Editor in 0,00 ms.
Unloading 15 Unused Serialized files (Serialized files now loaded: 0)
System memory in use before: 47,5 MB.
System memory in use after: 47,5 MB.

Unloading 15 unused Assets to reduce memory usage. Loaded Objects now: 2570.
Total: 6,044829 ms (FindLiveObjects: 0,549854 ms CreateObjectMapping: 0,108495 ms MarkObjects: 5,086389 ms  DeleteObjects: 0,295937 ms)

========================================================================
Received Prepare
Registering precompiled user dll's ...
Registered in 0,008587 seconds.
Begin MonoManager ReloadAssembly
Native extension for LinuxStandalone target not found
Native extension for WindowsStandalone target not found
Native extension for OSXStandalone target not found
Native extension for WebGL target not found
Refreshing native plugins compatible for Editor in 1,18 ms, found 1 plugins.
Preloading 0 native plugins for Editor in 0,00 ms.
Mono: successfully reloaded assembly
- Completed reload, in  1,790 seconds
Platform modules already initialized, skipping
Refreshing native plugins compatible for Editor in 1,48 ms, found 1 plugins.
Preloading 0 native plugins for Editor in 0,00 ms.
Unloading 2027 Unused Serialized files (Serialized files now loaded: 0)
System memory in use before: 87,5 MB.
System memory in use after: 87,4 MB.

Unloading 17 unused Assets to reduce memory usage. Loaded Objects now: 2575.
Total: 10,986028 ms (FindLiveObjects: 0,625233 ms CreateObjectMapping: 0,172930 ms MarkObjects: 9,758324 ms  DeleteObjects: 0,424441 ms)

========================================================================
Received Prepare
Registering precompiled user dll's ...
Registered in 0,003567 seconds.
Begin MonoManager ReloadAssembly
Native extension for LinuxStandalone target not found
Native extension for WindowsStandalone target not found
Native extension for OSXStandalone target not found
Native extension for WebGL target not found
Refreshing native plugins compatible for Editor in 1,12 ms, found 1 plugins.
Preloading 0 native plugins for Editor in 0,00 ms.
Mono: successfully reloaded assembly
- Completed reload, in  1,803 seconds
Platform modules already initialized, skipping
Refreshing native plugins compatible for Editor in 1,08 ms, found 1 plugins.
Preloading 0 native plugins for Editor in 0,00 ms.
Unloading 2027 Unused Serialized files (Serialized files now loaded: 0)
System memory in use before: 87,5 MB.
System memory in use after: 87,4 MB.

Unloading 17 unused Assets to reduce memory usage. Loaded Objects now: 2580.
Total: 8,122068 ms (FindLiveObjects: 0,584851 ms CreateObjectMapping: 0,131055 ms MarkObjects: 6,926357 ms  DeleteObjects: 0,476081 ms)

========================================================================
Received Prepare
Registering precompiled user dll's ...
Registered in 0,003632 seconds.
Begin MonoManager ReloadAssembly
Native extension for LinuxStandalone target not found
Native extension for WindowsStandalone target not found
Native extension for OSXStandalone target not found
Native extension for WebGL target not found
Refreshing native plugins compatible for Editor in 1,20 ms, found 1 plugins.
Preloading 0 native plugins for Editor in 0,00 ms.
Mono: successfully reloaded assembly
- Completed reload, in  1,715 seconds
Platform modules already initialized, skipping
Refreshing native plugins compatible for Editor in 1,33 ms, found 1 plugins.
Preloading 0 native plugins for Editor in 0,00 ms.
Unloading 2027 Unused Serialized files (Serialized files now loaded: 0)
System memory in use before: 87,5 MB.
System memory in use after: 87,4 MB.

Unloading 17 unused Assets to reduce memory usage. Loaded Objects now: 2585.
Total: 12,461052 ms (FindLiveObjects: 0,937852 ms CreateObjectMapping: 0,517798 ms MarkObjects: 10,526317 ms  DeleteObjects: 0,473538 ms)

========================================================================
Received Prepare
Registering precompiled user dll's ...
Registered in 0,004227 seconds.
Begin MonoManager ReloadAssembly
Native extension for LinuxStandalone target not found
Native extension for WindowsStandalone target not found
Native extension for OSXStandalone target not found
Native extension for WebGL target not found
Refreshing native plugins compatible for Editor in 1,80 ms, found 1 plugins.
Preloading 0 native plugins for Editor in 0,00 ms.
Mono: successfully reloaded assembly
- Completed reload, in  2,352 seconds
Platform modules already initialized, skipping
Refreshing native plugins compatible for Editor in 1,24 ms, found 1 plugins.
Preloading 0 native plugins for Editor in 0,00 ms.
Unloading 2027 Unused Serialized files (Serialized files now loaded: 0)
System memory in use before: 87,5 MB.
System memory in use after: 87,5 MB.

Unloading 17 unused Assets to reduce memory usage. Loaded Objects now: 2590.
Total: 10,590418 ms (FindLiveObjects: 1,521220 ms CreateObjectMapping: 0,409591 ms MarkObjects: 8,190276 ms  DeleteObjects: 0,465604 ms)

========================================================================
Received Prepare
Registering precompiled user dll's ...
Registered in 0,003571 seconds.
Begin MonoManager ReloadAssembly
Native extension for LinuxStandalone target not found
Native extension for WindowsStandalone target not found
Native extension for OSXStandalone target not found
Native extension for WebGL target not found
Refreshing native plugins compatible for Editor in 1,35 ms, found 1 plugins.
Preloading 0 native plugins for Editor in 0,00 ms.
Mono: successfully reloaded assembly
- Completed reload, in  1,743 seconds
Platform modules already initialized, skipping
Refreshing native plugins compatible for Editor in 1,06 ms, found 1 plugins.
Preloading 0 native plugins for Editor in 0,00 ms.
Unloading 2027 Unused Serialized files (Serialized files now loaded: 0)
System memory in use before: 87,5 MB.
System memory in use after: 87,5 MB.

Unloading 17 unused Assets to reduce memory usage. Loaded Objects now: 2595.
Total: 7,334589 ms (FindLiveObjects: 0,582526 ms CreateObjectMapping: 0,105415 ms MarkObjects: 6,241852 ms  DeleteObjects: 0,400370 ms)

========================================================================
Received Prepare
Registering precompiled user dll's ...
Registered in 0,003569 seconds.
Begin MonoManager ReloadAssembly
Native extension for LinuxStandalone target not found
Native extension for WindowsStandalone target not found
Native extension for OSXStandalone target not found
Native extension for WebGL target not found
Refreshing native plugins compatible for Editor in 1,07 ms, found 1 plugins.
Preloading 0 native plugins for Editor in 0,00 ms.
Mono: successfully reloaded assembly
- Completed reload, in  1,763 seconds
Platform modules already initialized, skipping
Refreshing native plugins compatible for Editor in 1,07 ms, found 1 plugins.
Preloading 0 native plugins for Editor in 0,00 ms.
Unloading 2027 Unused Serialized files (Serialized files now loaded: 0)
System memory in use before: 87,5 MB.
System memory in use after: 87,5 MB.

Unloading 17 unused Assets to reduce memory usage. Loaded Objects now: 2600.
Total: 7,267829 ms (FindLiveObjects: 0,555496 ms CreateObjectMapping: 0,108152 ms MarkObjects: 6,199930 ms  DeleteObjects: 0,400619 ms)

========================================================================
Received Prepare
Refreshing native plugins compatible for Editor in 4,83 ms, found 1 plugins.
Preloading 0 native plugins for Editor in 0,00 ms.
Unloading 15 Unused Serialized files (Serialized files now loaded: 0)
System memory in use before: 47,5 MB.
System memory in use after: 47,5 MB.

Unloading 15 unused Assets to reduce memory usage. Loaded Objects now: 2600.
Total: 6,115631 ms (FindLiveObjects: 0,557240 ms CreateObjectMapping: 0,104802 ms MarkObjects: 5,153819 ms  DeleteObjects: 0,295534 ms)

========================================================================
Received Prepare
Registering precompiled user dll's ...
Registered in 0,057703 seconds.
Begin MonoManager ReloadAssembly
Native extension for LinuxStandalone target not found
Native extension for WindowsStandalone target not found
Native extension for OSXStandalone target not found
Native extension for WebGL target not found
Refreshing native plugins compatible for Editor in 1,14 ms, found 1 plugins.
Preloading 0 native plugins for Editor in 0,00 ms.
Mono: successfully reloaded assembly
- Completed reload, in  1,936 seconds
Platform modules already initialized, skipping
Refreshing native plugins compatible for Editor in 1,11 ms, found 1 plugins.
Preloading 0 native plugins for Editor in 0,00 ms.
Unloading 2027 Unused Serialized files (Serialized files now loaded: 0)
System memory in use before: 87,5 MB.
System memory in use after: 87,5 MB.

Unloading 17 unused Assets to reduce memory usage. Loaded Objects now: 2605.
Total: 7,602079 ms (FindLiveObjects: 0,711274 ms CreateObjectMapping: 0,444587 ms MarkObjects: 6,043261 ms  DeleteObjects: 0,398739 ms)

========================================================================
Received Prepare
Registering precompiled user dll's ...
Registered in 0,003548 seconds.
Begin MonoManager ReloadAssembly
Native extension for LinuxStandalone target not found
Native extension for WindowsStandalone target not found
Native extension for OSXStandalone target not found
Native extension for WebGL target not found
Refreshing native plugins compatible for Editor in 1,09 ms, found 1 plugins.
Preloading 0 native plugins for Editor in 0,00 ms.
Mono: successfully reloaded assembly
- Completed reload, in  1,791 seconds
Platform modules already initialized, skipping
Refreshing native plugins compatible for Editor in 1,13 ms, found 1 plugins.
Preloading 0 native plugins for Editor in 0,00 ms.
Unloading 2027 Unused Serialized files (Serialized files now loaded: 0)
System memory in use before: 87,5 MB.
System memory in use after: 87,5 MB.

Unloading 17 unused Assets to reduce memory usage. Loaded Objects now: 2610.
Total: 8,101307 ms (FindLiveObjects: 0,569341 ms CreateObjectMapping: 0,112761 ms MarkObjects: 7,030533 ms  DeleteObjects: 0,385757 ms)

========================================================================
Received Prepare
Refreshing native plugins compatible for Editor in 4,96 ms, found 1 plugins.
Preloading 0 native plugins for Editor in 0,00 ms.
Unloading 15 Unused Serialized files (Serialized files now loaded: 0)
System memory in use before: 47,6 MB.
System memory in use after: 47,5 MB.

Unloading 15 unused Assets to reduce memory usage. Loaded Objects now: 2610.
Total: 6,351293 ms (FindLiveObjects: 0,580952 ms CreateObjectMapping: 0,095126 ms MarkObjects: 5,373780 ms  DeleteObjects: 0,296861 ms)

========================================================================
Received Prepare
Registering precompiled user dll's ...
Registered in 0,003725 seconds.
Begin MonoManager ReloadAssembly
Native extension for LinuxStandalone target not found
Native extension for WindowsStandalone target not found
Native extension for OSXStandalone target not found
Native extension for WebGL target not found
Refreshing native plugins compatible for Editor in 1,10 ms, found 1 plugins.
Preloading 0 native plugins for Editor in 0,00 ms.
Mono: successfully reloaded assembly
- Completed reload, in  1,809 seconds
Platform modules already initialized, skipping
Refreshing native plugins compatible for Editor in 1,11 ms, found 1 plugins.
Preloading 0 native plugins for Editor in 0,00 ms.
Unloading 2027 Unused Serialized files (Serialized files now loaded: 0)
System memory in use before: 87,5 MB.
System memory in use after: 87,5 MB.

Unloading 17 unused Assets to reduce memory usage. Loaded Objects now: 2615.
Total: 7,085799 ms (FindLiveObjects: 0,530974 ms CreateObjectMapping: 0,103690 ms MarkObjects: 6,044989 ms  DeleteObjects: 0,403182 ms)

========================================================================
Received Prepare
Registering precompiled user dll's ...
Registered in 0,003491 seconds.
Begin MonoManager ReloadAssembly
Native extension for LinuxStandalone target not found
Native extension for WindowsStandalone target not found
Native extension for OSXStandalone target not found
Native extension for WebGL target not found
Refreshing native plugins compatible for Editor in 1,10 ms, found 1 plugins.
Preloading 0 native plugins for Editor in 0,00 ms.
Mono: successfully reloaded assembly
- Completed reload, in  1,707 seconds
Platform modules already initialized, skipping
Refreshing native plugins compatible for Editor in 1,05 ms, found 1 plugins.
Preloading 0 native plugins for Editor in 0,00 ms.
Unloading 2027 Unused Serialized files (Serialized files now loaded: 0)
System memory in use before: 87,5 MB.
System memory in use after: 87,5 MB.

Unloading 17 unused Assets to reduce memory usage. Loaded Objects now: 2620.
Total: 6,984420 ms (FindLiveObjects: 0,556070 ms CreateObjectMapping: 0,105805 ms MarkObjects: 5,946994 ms  DeleteObjects: 0,372137 ms)

========================================================================
Received Prepare
Refreshing native plugins compatible for Editor in 4,84 ms, found 1 plugins.
Preloading 0 native plugins for Editor in 0,00 ms.
Unloading 15 Unused Serialized files (Serialized files now loaded: 0)
System memory in use before: 47,6 MB.
System memory in use after: 47,6 MB.

Unloading 15 unused Assets to reduce memory usage. Loaded Objects now: 2620.
Total: 5,931476 ms (FindLiveObjects: 0,578673 ms CreateObjectMapping: 0,095294 ms MarkObjects: 4,946864 ms  DeleteObjects: 0,306350 ms)

========================================================================
Received Prepare
Registering precompiled user dll's ...
Registered in 0,003554 seconds.
Begin MonoManager ReloadAssembly
Native extension for LinuxStandalone target not found
Native extension for WindowsStandalone target not found
Native extension for OSXStandalone target not found
Native extension for WebGL target not found
Refreshing native plugins compatible for Editor in 1,23 ms, found 1 plugins.
Preloading 0 native plugins for Editor in 0,00 ms.
Mono: successfully reloaded assembly
- Completed reload, in  1,811 seconds
Platform modules already initialized, skipping
Refreshing native plugins compatible for Editor in 1,27 ms, found 1 plugins.
Preloading 0 native plugins for Editor in 0,00 ms.
Unloading 2027 Unused Serialized files (Serialized files now loaded: 0)
System memory in use before: 87,5 MB.
System memory in use after: 87,5 MB.

Unloading 17 unused Assets to reduce memory usage. Loaded Objects now: 2625.
Total: 8,075438 ms (FindLiveObjects: 0,705111 ms CreateObjectMapping: 0,151491 ms MarkObjects: 6,825600 ms  DeleteObjects: 0,388998 ms)

========================================================================
Received Prepare
Registering precompiled user dll's ...
Registered in 0,003718 seconds.
Begin MonoManager ReloadAssembly
Native extension for LinuxStandalone target not found
Native extension for WindowsStandalone target not found
Native extension for OSXStandalone target not found
Native extension for WebGL target not found
Refreshing native plugins compatible for Editor in 1,14 ms, found 1 plugins.
Preloading 0 native plugins for Editor in 0,00 ms.
Mono: successfully reloaded assembly
- Completed reload, in  1,789 seconds
Platform modules already initialized, skipping
Refreshing native plugins compatible for Editor in 1,09 ms, found 1 plugins.
Preloading 0 native plugins for Editor in 0,00 ms.
Unloading 2027 Unused Serialized files (Serialized files now loaded: 0)
System memory in use before: 87,5 MB.
System memory in use after: 87,5 MB.

Unloading 17 unused Assets to reduce memory usage. Loaded Objects now: 2630.
Total: 8,607326 ms (FindLiveObjects: 0,566194 ms CreateObjectMapping: 0,108080 ms MarkObjects: 7,483034 ms  DeleteObjects: 0,446331 ms)

========================================================================
Received Prepare
Registering precompiled user dll's ...
Registered in 0,003811 seconds.
Begin MonoManager ReloadAssembly
Native extension for LinuxStandalone target not found
Native extension for WindowsStandalone target not found
Native extension for OSXStandalone target not found
Native extension for WebGL target not found
Refreshing native plugins compatible for Editor in 1,09 ms, found 1 plugins.
Preloading 0 native plugins for Editor in 0,00 ms.
Mono: successfully reloaded assembly
- Completed reload, in  1,725 seconds
Platform modules already initialized, skipping
Refreshing native plugins compatible for Editor in 1,13 ms, found 1 plugins.
Preloading 0 native plugins for Editor in 0,00 ms.
Unloading 2027 Unused Serialized files (Serialized files now loaded: 0)
System memory in use before: 87,6 MB.
System memory in use after: 87,5 MB.

Unloading 17 unused Assets to reduce memory usage. Loaded Objects now: 2635.
Total: 8,043891 ms (FindLiveObjects: 0,606182 ms CreateObjectMapping: 0,131422 ms MarkObjects: 6,900989 ms  DeleteObjects: 0,402565 ms)

========================================================================
Received Prepare
Refreshing native plugins compatible for Editor in 4,87 ms, found 1 plugins.
Preloading 0 native plugins for Editor in 0,00 ms.
Unloading 15 Unused Serialized files (Serialized files now loaded: 0)
System memory in use before: 47,6 MB.
System memory in use after: 47,6 MB.

Unloading 15 unused Assets to reduce memory usage. Loaded Objects now: 2635.
Total: 6,041321 ms (FindLiveObjects: 0,580430 ms CreateObjectMapping: 0,095596 ms MarkObjects: 5,022115 ms  DeleteObjects: 0,339719 ms)

========================================================================
Received Prepare
Registering precompiled user dll's ...
Registered in 0,004366 seconds.
Begin MonoManager ReloadAssembly
Native extension for LinuxStandalone target not found
Native extension for WindowsStandalone target not found
Native extension for OSXStandalone target not found
Native extension for WebGL target not found
Refreshing native plugins compatible for Editor in 1,20 ms, found 1 plugins.
Preloading 0 native plugins for Editor in 0,00 ms.
Mono: successfully reloaded assembly
- Completed reload, in  1,878 seconds
Platform modules already initialized, skipping
Refreshing native plugins compatible for Editor in 1,22 ms, found 1 plugins.
Preloading 0 native plugins for Editor in 0,00 ms.
Unloading 2027 Unused Serialized files (Serialized files now loaded: 0)
System memory in use before: 87,6 MB.
System memory in use after: 87,5 MB.

Unloading 17 unused Assets to reduce memory usage. Loaded Objects now: 2640.
Total: 12,114513 ms (FindLiveObjects: 0,697800 ms CreateObjectMapping: 0,172841 ms MarkObjects: 10,589702 ms  DeleteObjects: 0,649061 ms)

========================================================================
Received Prepare
Registering precompiled user dll's ...
Registered in 0,003658 seconds.
Begin MonoManager ReloadAssembly
Native extension for LinuxStandalone target not found
Native extension for WindowsStandalone target not found
Native extension for OSXStandalone target not found
Native extension for WebGL target not found
Refreshing native plugins compatible for Editor in 1,09 ms, found 1 plugins.
Preloading 0 native plugins for Editor in 0,00 ms.
Mono: successfully reloaded assembly
- Completed reload, in  1,669 seconds
Platform modules already initialized, skipping
Refreshing native plugins compatible for Editor in 1,06 ms, found 1 plugins.
Preloading 0 native plugins for Editor in 0,00 ms.
Unloading 2027 Unused Serialized files (Serialized files now loaded: 0)
System memory in use before: 87,6 MB.
System memory in use after: 87,5 MB.

Unloading 17 unused Assets to reduce memory usage. Loaded Objects now: 2645.
Total: 7,233278 ms (FindLiveObjects: 0,578817 ms CreateObjectMapping: 0,103945 ms MarkObjects: 6,166478 ms  DeleteObjects: 0,380503 ms)

========================================================================
Received Prepare
Refreshing native plugins compatible for Editor in 5,11 ms, found 1 plugins.
Preloading 0 native plugins for Editor in 0,00 ms.
Unloading 15 Unused Serialized files (Serialized files now loaded: 0)
System memory in use before: 47,6 MB.
System memory in use after: 47,6 MB.

Unloading 15 unused Assets to reduce memory usage. Loaded Objects now: 2645.
Total: 6,154021 ms (FindLiveObjects: 0,575230 ms CreateObjectMapping: 0,105750 ms MarkObjects: 5,174002 ms  DeleteObjects: 0,294072 ms)

========================================================================
Received Prepare
Registering precompiled user dll's ...
Registered in 0,003613 seconds.
Begin MonoManager ReloadAssembly
Native extension for LinuxStandalone target not found
Native extension for WindowsStandalone target not found
Native extension for OSXStandalone target not found
Native extension for WebGL target not found
Refreshing native plugins compatible for Editor in 1,04 ms, found 1 plugins.
Preloading 0 native plugins for Editor in 0,00 ms.
Mono: successfully reloaded assembly
- Completed reload, in  1,808 seconds
Platform modules already initialized, skipping
Refreshing native plugins compatible for Editor in 1,02 ms, found 1 plugins.
Preloading 0 native plugins for Editor in 0,00 ms.
Unloading 2027 Unused Serialized files (Serialized files now loaded: 0)
System memory in use before: 87,6 MB.
System memory in use after: 87,6 MB.

Unloading 17 unused Assets to reduce memory usage. Loaded Objects now: 2650.
Total: 7,025898 ms (FindLiveObjects: 0,558481 ms CreateObjectMapping: 0,103177 ms MarkObjects: 5,941086 ms  DeleteObjects: 0,419176 ms)

========================================================================
Received Prepare
Registering precompiled user dll's ...
Registered in 0,003978 seconds.
Begin MonoManager ReloadAssembly
Native extension for LinuxStandalone target not found
Native extension for WindowsStandalone target not found
Native extension for OSXStandalone target not found
Native extension for WebGL target not found
Refreshing native plugins compatible for Editor in 1,09 ms, found 1 plugins.
Preloading 0 native plugins for Editor in 0,00 ms.
Mono: successfully reloaded assembly
- Completed reload, in  1,716 seconds
Platform modules already initialized, skipping
Refreshing native plugins compatible for Editor in 1,04 ms, found 1 plugins.
Preloading 0 native plugins for Editor in 0,00 ms.
Unloading 2027 Unused Serialized files (Serialized files now loaded: 0)
System memory in use before: 87,6 MB.
System memory in use after: 87,6 MB.

Unloading 17 unused Assets to reduce memory usage. Loaded Objects now: 2655.
Total: 7,085923 ms (FindLiveObjects: 0,587782 ms CreateObjectMapping: 0,107800 ms MarkObjects: 6,003453 ms  DeleteObjects: 0,383473 ms)

