Using pre-set license
Desktop is 1366 x 768 @ 60 Hz

 COMMAND LINE ARGUMENTS:
Unity
-adb2
-batchMode
-noUpm
-name
AssetImportWorker0
-projectPath
/home/abel/JvaljerGit/WallVR/Code/Wall_PreWork_v2
-logFile
Logs/AssetImportWorker0.log
-srvPort
42739
Successfully changed project path to: /home/abel/JvaljerGit/WallVR/Code/Wall_PreWork_v2
/home/abel/JvaljerGit/WallVR/Code/Wall_PreWork_v2
Using Asset Import Pipeline V2.
Refreshing native plugins compatible for Editor in 86,11 ms, found 1 plugins.
Preloading 0 native plugins for Editor in 0,00 ms.
Initialize engine version: 2020.3.6f1 (338bb68529b2)
[Subsystems] Discovering subsystems at path /home/abel/Unity/Hub/Editor/2020.3.6f1/Editor/Data/Resources/UnitySubsystems
[Subsystems] Discovering subsystems at path /home/abel/JvaljerGit/WallVR/Code/Wall_PreWork_v2/Assets
GLX Extensions: GLX_ARB_context_flush_control GLX_ARB_create_context GLX_ARB_create_context_no_error GLX_ARB_create_context_profile GLX_ARB_create_context_robustness GLX_ARB_fbconfig_float GLX_ARB_framebuffer_sRGB GLX_ARB_get_proc_address GLX_ARB_multisample GLX_EXT_buffer_age GLX_EXT_create_context_es2_profile GLX_EXT_create_context_es_profile GLX_EXT_fbconfig_packed_float GLX_EXT_framebuffer_sRGB GLX_EXT_no_config_context GLX_EXT_swap_control GLX_EXT_swap_control_tear GLX_EXT_texture_from_pixmap GLX_EXT_visual_info GLX_EXT_visual_rating GLX_MESA_copy_sub_buffer GLX_MESA_query_renderer GLX_MESA_swap_control GLX_OML_swap_method GLX_OML_sync_control GLX_SGIS_multisample GLX_SGIX_fbconfig GLX_SGIX_pbuffer GLX_SGIX_visual_select_group GLX_SGI_make_current_read GLX_SGI_video_sync 
Renderer: Mesa Intel(R) UHD Graphics 605 (GLK 3)
Vendor:   Intel
Version:  4.6 (Core Profile) Mesa 22.2.5
GLES:     0
 GL_3DFX_texture_compression_FXT1 GL_AMD_conservative_depth GL_AMD_depth_clamp_separate GL_AMD_draw_buffers_blend GL_AMD_gpu_shader_int64 GL_AMD_multi_draw_indirect GL_AMD_performance_monitor GL_AMD_query_buffer_object GL_AMD_seamless_cubemap_per_texture GL_AMD_shader_stencil_export GL_AMD_shader_trinary_minmax GL_AMD_texture_texture4 GL_AMD_vertex_shader_layer GL_AMD_vertex_shader_viewport_index GL_ANGLE_texture_compression_dxt3 GL_ANGLE_texture_compression_dxt5 GL_ARB_ES2_compatibility GL_ARB_ES3_1_compatibility GL_ARB_ES3_2_compatibility GL_ARB_ES3_compatibility GL_ARB_arrays_of_arrays GL_ARB_base_instance GL_ARB_blend_func_extended GL_ARB_buffer_storage GL_ARB_clear_buffer_object GL_ARB_clear_texture GL_ARB_clip_control GL_ARB_compressed_texture_pixel_storage GL_ARB_compute_shader GL_ARB_compute_variable_group_size GL_ARB_conditional_render_inverted GL_ARB_conservative_depth GL_ARB_copy_buffer GL_ARB_copy_image GL_ARB_cull_distance GL_ARB_debug_output GL_ARB_depth_buffer_float GL_ARB_depth_clamp GL_ARB_d
erivative_control GL_ARB_direct_state_access GL_ARB_draw_buffers GL_ARB_draw_buffers_blend GL_ARB_draw_elements_base_vertex GL_ARB_draw_indirect GL_ARB_draw_instanced GL_ARB_enhanced_layouts GL_ARB_explicit_attrib_location GL_ARB_explicit_uniform_location GL_ARB_fragment_coord_conventions GL_ARB_fragment_layer_viewport GL_ARB_fragment_shader GL_ARB_fragment_shader_interlock GL_ARB_framebuffer_no_attachments GL_ARB_framebuffer_object GL_ARB_framebuffer_sRGB GL_ARB_get_program_binary GL_ARB_get_texture_sub_image GL_ARB_gl_spirv GL_ARB_gpu_shader5 GL_ARB_gpu_shader_fp64 GL_ARB_gpu_shader_int64 GL_ARB_half_float_pixel GL_ARB_half_float_vertex GL_ARB_indirect_parameters GL_ARB_instanced_arrays GL_ARB_internalformat_query GL_ARB_internalformat_query2 GL_ARB_invalidate_subdata GL_ARB_map_buffer_alignment GL_ARB_map_buffer_range GL_ARB_multi_bind GL_ARB_multi_draw_indirect GL_ARB_occlusion_query2 GL_ARB_parallel_shader_compile GL_ARB_pipeline_statistics_query GL_ARB_pixel_buffer_object GL_ARB_point_sprite GL_ARB_pol
ygon_offset_clamp GL_ARB_post_depth_coverage GL_ARB_program_interface_query GL_ARB_provoking_vertex GL_ARB_query_buffer_object GL_ARB_robust_buffer_access_behavior GL_ARB_robustness GL_ARB_sample_shading GL_ARB_sampler_objects GL_ARB_seamless_cube_map GL_ARB_seamless_cubemap_per_texture GL_ARB_separate_shader_objects GL_ARB_shader_atomic_counter_ops GL_ARB_shader_atomic_counters GL_ARB_shader_ballot GL_ARB_shader_bit_encoding GL_ARB_shader_clock GL_ARB_shader_draw_parameters GL_ARB_shader_group_vote GL_ARB_shader_image_load_store GL_ARB_shader_image_size GL_ARB_shader_objects GL_ARB_shader_precision GL_ARB_shader_stencil_export GL_ARB_shader_storage_buffer_object GL_ARB_shader_subroutine GL_ARB_shader_texture_image_samples GL_ARB_shader_texture_lod GL_ARB_shader_viewport_layer_array GL_ARB_shading_language_420pack GL_ARB_shading_language_include GL_ARB_shading_language_packing GL_ARB_spirv_extensions GL_ARB_stencil_texturing GL_ARB_sync GL_ARB_tessellation_shader GL_ARB_texture_barrier GL_ARB_texture_buffer_
object GL_ARB_texture_buffer_object_rgb32 GL_ARB_texture_buffer_range GL_ARB_texture_compression_bptc GL_ARB_texture_compression_rgtc GL_ARB_texture_cube_map_array GL_ARB_texture_filter_anisotropic GL_ARB_texture_float GL_ARB_texture_gather GL_ARB_texture_mirror_clamp_to_edge GL_ARB_texture_multisample GL_ARB_texture_non_power_of_two GL_ARB_texture_query_levels GL_ARB_texture_query_lod GL_ARB_texture_rectangle GL_ARB_texture_rg GL_ARB_texture_rgb10_a2ui GL_ARB_texture_stencil8 GL_ARB_texture_storage GL_ARB_texture_storage_multisample GL_ARB_texture_swizzle GL_ARB_texture_view GL_ARB_timer_query GL_ARB_transform_feedback2 GL_ARB_transform_feedback3 GL_ARB_transform_feedback_instanced GL_ARB_transform_feedback_overflow_query GL_ARB_uniform_buffer_object GL_ARB_vertex_array_bgra GL_ARB_vertex_array_object GL_ARB_vertex_attrib_64bit GL_ARB_vertex_attrib_binding GL_ARB_vertex_buffer_object GL_ARB_vertex_shader GL_ARB_vertex_type_10f_11f_11f_rev GL_ARB_vertex_type_2_10_10_10_rev GL_ARB_viewport_array GL_ATI_blend_
equation_separate GL_ATI_texture_float GL_EXT_EGL_image_storage GL_EXT_EGL_sync GL_EXT_abgr GL_EXT_blend_equation_separate GL_EXT_demote_to_helper_invocation GL_EXT_draw_buffers2 GL_EXT_draw_instanced GL_EXT_framebuffer_blit GL_EXT_framebuffer_multisample GL_EXT_framebuffer_multisample_blit_scaled GL_EXT_framebuffer_object GL_EXT_framebuffer_sRGB GL_EXT_memory_object GL_EXT_memory_object_fd GL_EXT_packed_depth_stencil GL_EXT_packed_float GL_EXT_pixel_buffer_object GL_EXT_polygon_offset_clamp GL_EXT_provoking_vertex GL_EXT_semaphore GL_EXT_semaphore_fd GL_EXT_shader_framebuffer_fetch GL_EXT_shader_framebuffer_fetch_non_coherent GL_EXT_shader_integer_mix GL_EXT_shader_samples_identical GL_EXT_texture_array GL_EXT_texture_compression_dxt1 GL_EXT_texture_compression_rgtc GL_EXT_texture_compression_s3tc GL_EXT_texture_filter_anisotropic GL_EXT_texture_integer GL_EXT_texture_sRGB GL_EXT_texture_sRGB_R8 GL_EXT_texture_sRGB_decode GL_EXT_texture_shadow_lod GL_EXT_texture_shared_exponent GL_EXT_texture_snorm GL_EXT_t
exture_swizzle GL_EXT_timer_query GL_EXT_transform_feedback GL_EXT_vertex_array_bgra GL_EXT_vertex_attrib_64bit GL_IBM_multimode_draw_arrays GL_INTEL_blackhole_render GL_INTEL_conservative_rasterization GL_INTEL_performance_query GL_INTEL_shader_atomic_float_minmax GL_INTEL_shader_integer_functions2 GL_KHR_blend_equation_advanced GL_KHR_blend_equation_advanced_coherent GL_KHR_context_flush_control GL_KHR_debug GL_KHR_no_error GL_KHR_parallel_shader_compile GL_KHR_robust_buffer_access_behavior GL_KHR_robustness GL_KHR_texture_compression_astc_ldr GL_KHR_texture_compression_astc_sliced_3d GL_MESA_framebuffer_flip_y GL_MESA_pack_invert GL_MESA_shader_integer_functions GL_MESA_texture_signed_rgba GL_NV_compute_shader_derivatives GL_NV_conditional_render GL_NV_copy_image GL_NV_depth_clamp GL_NV_fragment_shader_interlock GL_NV_packed_depth_stencil GL_NV_texture_barrier GL_OES_EGL_image GL_S3_s3tc
OPENGL LOG: Creating OpenGL 4.6 graphics device ; Context level  <OpenGL 4.5> ; Context handle 736281024
Initialize mono
Mono path[0] = '/home/abel/Unity/Hub/Editor/2020.3.6f1/Editor/Data/Managed'
Mono path[1] = '/home/abel/Unity/Hub/Editor/2020.3.6f1/Editor/Data/MonoBleedingEdge/lib/mono/unityjit'
Mono config path = '/home/abel/Unity/Hub/Editor/2020.3.6f1/Editor/Data/MonoBleedingEdge/etc'
Using monoOptions --debugger-agent=transport=dt_socket,embedding=1,server=y,suspend=n,address=127.0.0.1:56372
Begin MonoManager ReloadAssembly
Registering precompiled unity dll's ...
Register platform support module: /home/abel/Unity/Hub/Editor/2020.3.6f1/Editor/Data/PlaybackEngines/WebGLSupport/UnityEditor.WebGL.Extensions.dll
Register platform support module: /home/abel/Unity/Hub/Editor/2020.3.6f1/Editor/Data/PlaybackEngines/MacStandaloneSupport/UnityEditor.OSXStandalone.Extensions.dll
Register platform support module: /home/abel/Unity/Hub/Editor/2020.3.6f1/Editor/Data/PlaybackEngines/WindowsStandaloneSupport/UnityEditor.WindowsStandalone.Extensions.dll
Register platform support module: /home/abel/Unity/Hub/Editor/2020.3.6f1/Editor/Data/PlaybackEngines/LinuxStandaloneSupport/UnityEditor.LinuxStandalone.Extensions.dll
Registered in 0,003981 seconds.
Native extension for LinuxStandalone target not found
Native extension for WindowsStandalone target not found
Native extension for OSXStandalone target not found
Native extension for WebGL target not found
Refreshing native plugins compatible for Editor in 83,30 ms, found 1 plugins.
Preloading 0 native plugins for Editor in 0,00 ms.
Mono: successfully reloaded assembly
- Completed reload, in  2,443 seconds
Platform modules already initialized, skipping
Registering precompiled user dll's ...
Registered in 0,004128 seconds.
Begin MonoManager ReloadAssembly
Native extension for LinuxStandalone target not found
Native extension for WindowsStandalone target not found
Native extension for OSXStandalone target not found
Native extension for WebGL target not found
Refreshing native plugins compatible for Editor in 84,59 ms, found 1 plugins.
Preloading 0 native plugins for Editor in 0,00 ms.
Mono: successfully reloaded assembly
- Completed reload, in  1,864 seconds
Platform modules already initialized, skipping
========================================================================
Worker process is ready to serve import requests
Launched and connected shader compiler UnityShaderCompiler after 0.05 seconds
Refreshing native plugins compatible for Editor in 1,05 ms, found 1 plugins.
Preloading 0 native plugins for Editor in 0,00 ms.
Unloading 2049 Unused Serialized files (Serialized files now loaded: 0)
System memory in use before: 88,7 MB.
System memory in use after: 88,7 MB.

Unloading 30 unused Assets to reduce memory usage. Loaded Objects now: 2488.
Total: 5,849575 ms (FindLiveObjects: 0,547823 ms CreateObjectMapping: 0,124192 ms MarkObjects: 4,621140 ms  DeleteObjects: 0,553286 ms)

========================================================================
Received Import Request.
  path: Assets/Resources/ScreenPart.prefab
  artifactKey: Guid(4da0304c2cebacf62aefec6325a091ba) Importer(815301076,1909f56bfc062723c751e8b465ee728b)
Start importing Assets/Resources/ScreenPart.prefab using Guid(4da0304c2cebacf62aefec6325a091ba) Importer(815301076,1909f56bfc062723c751e8b465ee728b)  -> (artifact id: '5a6dc2e01b064a37668d791865ee0e30') in 0,046567 seconds
  Import took 0,053475 seconds .

========================================================================
Received Import Request.
  Time since last request: 0,266264 seconds.
  path: Assets/Resources/ScreenPart.prefab
  artifactKey: Guid(4da0304c2cebacf62aefec6325a091ba) Importer(815301076,1909f56bfc062723c751e8b465ee728b)
Start importing Assets/Resources/ScreenPart.prefab using Guid(4da0304c2cebacf62aefec6325a091ba) Importer(815301076,1909f56bfc062723c751e8b465ee728b)  -> (artifact id: '75368a6abdf6059c29ba5cf016f56083') in 0,008159 seconds
  Import took 0,015816 seconds .

========================================================================
Received Import Request.
  Time since last request: 0,012526 seconds.
  path: Assets/Resources/ScreenPart.prefab
  artifactKey: Guid(4da0304c2cebacf62aefec6325a091ba) Importer(815301076,1909f56bfc062723c751e8b465ee728b)
Start importing Assets/Resources/ScreenPart.prefab using Guid(4da0304c2cebacf62aefec6325a091ba) Importer(815301076,1909f56bfc062723c751e8b465ee728b)  -> (artifact id: '75368a6abdf6059c29ba5cf016f56083') in 0,007091 seconds
  Import took 0,013871 seconds .

========================================================================
Received Prepare
Registering precompiled user dll's ...
Registered in 0,003618 seconds.
Begin MonoManager ReloadAssembly
Native extension for LinuxStandalone target not found
Native extension for WindowsStandalone target not found
Native extension for OSXStandalone target not found
Native extension for WebGL target not found
Refreshing native plugins compatible for Editor in 1,06 ms, found 1 plugins.
Preloading 0 native plugins for Editor in 0,00 ms.
Mono: successfully reloaded assembly
- Completed reload, in  1,663 seconds
Platform modules already initialized, skipping
Refreshing native plugins compatible for Editor in 1,03 ms, found 1 plugins.
Preloading 0 native plugins for Editor in 0,00 ms.
Unloading 2031 Unused Serialized files (Serialized files now loaded: 0)
System memory in use before: 87,3 MB.
System memory in use after: 87,3 MB.

Unloading 17 unused Assets to reduce memory usage. Loaded Objects now: 2494.
Total: 5,833396 ms (FindLiveObjects: 0,537446 ms CreateObjectMapping: 0,103815 ms MarkObjects: 4,899900 ms  DeleteObjects: 0,288992 ms)

========================================================================
Received Import Request.
  Time since last request: 14,680705 seconds.
  path: Assets/Resources/ScreenPart.prefab
  artifactKey: Guid(4da0304c2cebacf62aefec6325a091ba) Importer(815301076,1909f56bfc062723c751e8b465ee728b)
Start importing Assets/Resources/ScreenPart.prefab using Guid(4da0304c2cebacf62aefec6325a091ba) Importer(815301076,1909f56bfc062723c751e8b465ee728b)  -> (artifact id: 'c34900284cbc9d5d15c82417b2e2a611') in 0,045222 seconds
  Import took 0,050975 seconds .

========================================================================
Received Prepare
Registering precompiled user dll's ...
Registered in 0,003523 seconds.
Begin MonoManager ReloadAssembly
Native extension for LinuxStandalone target not found
Native extension for WindowsStandalone target not found
Native extension for OSXStandalone target not found
Native extension for WebGL target not found
Refreshing native plugins compatible for Editor in 1,11 ms, found 1 plugins.
Preloading 0 native plugins for Editor in 0,00 ms.
Mono: successfully reloaded assembly
- Completed reload, in  1,677 seconds
Platform modules already initialized, skipping
Refreshing native plugins compatible for Editor in 1,07 ms, found 1 plugins.
Preloading 0 native plugins for Editor in 0,00 ms.
Unloading 2027 Unused Serialized files (Serialized files now loaded: 0)
System memory in use before: 87,3 MB.
System memory in use after: 87,3 MB.

Unloading 21 unused Assets to reduce memory usage. Loaded Objects now: 2495.
Total: 6,705605 ms (FindLiveObjects: 0,575976 ms CreateObjectMapping: 0,134417 ms MarkObjects: 5,634127 ms  DeleteObjects: 0,358286 ms)

========================================================================
Received Prepare
Registering precompiled user dll's ...
Registered in 0,003768 seconds.
Begin MonoManager ReloadAssembly
Native extension for LinuxStandalone target not found
Native extension for WindowsStandalone target not found
Native extension for OSXStandalone target not found
Native extension for WebGL target not found
Refreshing native plugins compatible for Editor in 1,07 ms, found 1 plugins.
Preloading 0 native plugins for Editor in 0,00 ms.
Mono: successfully reloaded assembly
- Completed reload, in  1,637 seconds
Platform modules already initialized, skipping
Refreshing native plugins compatible for Editor in 1,04 ms, found 1 plugins.
Preloading 0 native plugins for Editor in 0,00 ms.
Unloading 2027 Unused Serialized files (Serialized files now loaded: 0)
System memory in use before: 87,3 MB.
System memory in use after: 87,3 MB.

Unloading 17 unused Assets to reduce memory usage. Loaded Objects now: 2500.
Total: 6,298590 ms (FindLiveObjects: 0,537683 ms CreateObjectMapping: 0,104626 ms MarkObjects: 5,286879 ms  DeleteObjects: 0,366991 ms)

========================================================================
Received Prepare
Registering precompiled user dll's ...
Registered in 0,003697 seconds.
Begin MonoManager ReloadAssembly
Native extension for LinuxStandalone target not found
Native extension for WindowsStandalone target not found
Native extension for OSXStandalone target not found
Native extension for WebGL target not found
Refreshing native plugins compatible for Editor in 1,11 ms, found 1 plugins.
Preloading 0 native plugins for Editor in 0,00 ms.
Mono: successfully reloaded assembly
- Completed reload, in  1,680 seconds
Platform modules already initialized, skipping
Refreshing native plugins compatible for Editor in 1,14 ms, found 1 plugins.
Preloading 0 native plugins for Editor in 0,00 ms.
Unloading 2027 Unused Serialized files (Serialized files now loaded: 0)
System memory in use before: 87,3 MB.
System memory in use after: 87,3 MB.

Unloading 17 unused Assets to reduce memory usage. Loaded Objects now: 2505.
Total: 6,720388 ms (FindLiveObjects: 0,560673 ms CreateObjectMapping: 0,128759 ms MarkObjects: 5,636237 ms  DeleteObjects: 0,390119 ms)

========================================================================
Received Prepare
Refreshing native plugins compatible for Editor in 7,21 ms, found 1 plugins.
Preloading 0 native plugins for Editor in 0,00 ms.
Unloading 15 Unused Serialized files (Serialized files now loaded: 0)
System memory in use before: 47,4 MB.
System memory in use after: 47,4 MB.

Unloading 15 unused Assets to reduce memory usage. Loaded Objects now: 2505.
Total: 5,793772 ms (FindLiveObjects: 0,546712 ms CreateObjectMapping: 0,103996 ms MarkObjects: 4,814571 ms  DeleteObjects: 0,324393 ms)

========================================================================
Received Prepare
Registering precompiled user dll's ...
Registered in 0,003886 seconds.
Begin MonoManager ReloadAssembly
Native extension for LinuxStandalone target not found
Native extension for WindowsStandalone target not found
Native extension for OSXStandalone target not found
Native extension for WebGL target not found
Refreshing native plugins compatible for Editor in 1,16 ms, found 1 plugins.
Preloading 0 native plugins for Editor in 0,00 ms.
Mono: successfully reloaded assembly
- Completed reload, in  1,708 seconds
Platform modules already initialized, skipping
Refreshing native plugins compatible for Editor in 1,14 ms, found 1 plugins.
Preloading 0 native plugins for Editor in 0,00 ms.
Unloading 2027 Unused Serialized files (Serialized files now loaded: 0)
System memory in use before: 87,4 MB.
System memory in use after: 87,3 MB.

Unloading 17 unused Assets to reduce memory usage. Loaded Objects now: 2510.
Total: 6,256336 ms (FindLiveObjects: 0,543039 ms CreateObjectMapping: 0,108874 ms MarkObjects: 5,189368 ms  DeleteObjects: 0,410936 ms)

========================================================================
Received Prepare
Registering precompiled user dll's ...
Registered in 0,003547 seconds.
Begin MonoManager ReloadAssembly
Native extension for LinuxStandalone target not found
Native extension for WindowsStandalone target not found
Native extension for OSXStandalone target not found
Native extension for WebGL target not found
Refreshing native plugins compatible for Editor in 1,10 ms, found 1 plugins.
Preloading 0 native plugins for Editor in 0,00 ms.
Mono: successfully reloaded assembly
- Completed reload, in  1,710 seconds
Platform modules already initialized, skipping
Refreshing native plugins compatible for Editor in 1,12 ms, found 1 plugins.
Preloading 0 native plugins for Editor in 0,00 ms.
Unloading 2027 Unused Serialized files (Serialized files now loaded: 0)
System memory in use before: 87,4 MB.
System memory in use after: 87,3 MB.

Unloading 17 unused Assets to reduce memory usage. Loaded Objects now: 2515.
Total: 7,846439 ms (FindLiveObjects: 0,594867 ms CreateObjectMapping: 0,167103 ms MarkObjects: 6,727424 ms  DeleteObjects: 0,353287 ms)

========================================================================
Received Prepare
Registering precompiled user dll's ...
Registered in 0,003660 seconds.
Begin MonoManager ReloadAssembly
Native extension for LinuxStandalone target not found
Native extension for WindowsStandalone target not found
Native extension for OSXStandalone target not found
Native extension for WebGL target not found
Refreshing native plugins compatible for Editor in 1,09 ms, found 1 plugins.
Preloading 0 native plugins for Editor in 0,00 ms.
Mono: successfully reloaded assembly
- Completed reload, in  1,657 seconds
Platform modules already initialized, skipping
Refreshing native plugins compatible for Editor in 1,15 ms, found 1 plugins.
Preloading 0 native plugins for Editor in 0,00 ms.
Unloading 2027 Unused Serialized files (Serialized files now loaded: 0)
System memory in use before: 87,4 MB.
System memory in use after: 87,3 MB.

Unloading 17 unused Assets to reduce memory usage. Loaded Objects now: 2520.
Total: 6,938430 ms (FindLiveObjects: 0,780710 ms CreateObjectMapping: 0,105182 ms MarkObjects: 5,683745 ms  DeleteObjects: 0,365282 ms)

========================================================================
Received Prepare
Refreshing native plugins compatible for Editor in 4,86 ms, found 1 plugins.
Preloading 0 native plugins for Editor in 0,00 ms.
Unloading 15 Unused Serialized files (Serialized files now loaded: 0)
System memory in use before: 47,4 MB.
System memory in use after: 47,4 MB.

Unloading 15 unused Assets to reduce memory usage. Loaded Objects now: 2520.
Total: 5,713115 ms (FindLiveObjects: 0,539743 ms CreateObjectMapping: 0,104820 ms MarkObjects: 4,772719 ms  DeleteObjects: 0,291068 ms)

========================================================================
Received Prepare
Registering precompiled user dll's ...
Registered in 0,058604 seconds.
Begin MonoManager ReloadAssembly
Native extension for LinuxStandalone target not found
Native extension for WindowsStandalone target not found
Native extension for OSXStandalone target not found
Native extension for WebGL target not found
Refreshing native plugins compatible for Editor in 1,06 ms, found 1 plugins.
Preloading 0 native plugins for Editor in 0,00 ms.
Mono: successfully reloaded assembly
- Completed reload, in  2,019 seconds
Platform modules already initialized, skipping
Refreshing native plugins compatible for Editor in 1,34 ms, found 1 plugins.
Preloading 0 native plugins for Editor in 0,00 ms.
Unloading 2027 Unused Serialized files (Serialized files now loaded: 0)
System memory in use before: 87,4 MB.
System memory in use after: 87,4 MB.

Unloading 17 unused Assets to reduce memory usage. Loaded Objects now: 2525.
Total: 8,905785 ms (FindLiveObjects: 0,701291 ms CreateObjectMapping: 0,141592 ms MarkObjects: 7,606843 ms  DeleteObjects: 0,451229 ms)

========================================================================
Received Prepare
Registering precompiled user dll's ...
Registered in 0,003952 seconds.
Begin MonoManager ReloadAssembly
Native extension for LinuxStandalone target not found
Native extension for WindowsStandalone target not found
Native extension for OSXStandalone target not found
Native extension for WebGL target not found
Refreshing native plugins compatible for Editor in 1,17 ms, found 1 plugins.
Preloading 0 native plugins for Editor in 0,00 ms.
Mono: successfully reloaded assembly
- Completed reload, in  1,674 seconds
Platform modules already initialized, skipping
Refreshing native plugins compatible for Editor in 0,99 ms, found 1 plugins.
Preloading 0 native plugins for Editor in 0,00 ms.
Unloading 2027 Unused Serialized files (Serialized files now loaded: 0)
System memory in use before: 87,4 MB.
System memory in use after: 87,4 MB.

Unloading 17 unused Assets to reduce memory usage. Loaded Objects now: 2530.
Total: 6,866618 ms (FindLiveObjects: 0,617413 ms CreateObjectMapping: 0,146378 ms MarkObjects: 5,721034 ms  DeleteObjects: 0,378704 ms)

========================================================================
Received Prepare
Registering precompiled user dll's ...
Registered in 0,003461 seconds.
Begin MonoManager ReloadAssembly
Native extension for LinuxStandalone target not found
Native extension for WindowsStandalone target not found
Native extension for OSXStandalone target not found
Native extension for WebGL target not found
Refreshing native plugins compatible for Editor in 1,11 ms, found 1 plugins.
Preloading 0 native plugins for Editor in 0,00 ms.
Mono: successfully reloaded assembly
- Completed reload, in  1,639 seconds
Platform modules already initialized, skipping
Refreshing native plugins compatible for Editor in 1,04 ms, found 1 plugins.
Preloading 0 native plugins for Editor in 0,00 ms.
Unloading 2027 Unused Serialized files (Serialized files now loaded: 0)
System memory in use before: 87,4 MB.
System memory in use after: 87,4 MB.

Unloading 17 unused Assets to reduce memory usage. Loaded Objects now: 2535.
Total: 6,506830 ms (FindLiveObjects: 0,520258 ms CreateObjectMapping: 0,101901 ms MarkObjects: 5,517933 ms  DeleteObjects: 0,363702 ms)

========================================================================
Received Prepare
Registering precompiled user dll's ...
Registered in 0,003492 seconds.
Begin MonoManager ReloadAssembly
Native extension for LinuxStandalone target not found
Native extension for WindowsStandalone target not found
Native extension for OSXStandalone target not found
Native extension for WebGL target not found
Refreshing native plugins compatible for Editor in 1,07 ms, found 1 plugins.
Preloading 0 native plugins for Editor in 0,00 ms.
Mono: successfully reloaded assembly
- Completed reload, in  1,735 seconds
Platform modules already initialized, skipping
Refreshing native plugins compatible for Editor in 1,22 ms, found 1 plugins.
Preloading 0 native plugins for Editor in 0,00 ms.
Unloading 2027 Unused Serialized files (Serialized files now loaded: 0)
System memory in use before: 87,4 MB.
System memory in use after: 87,4 MB.

Unloading 17 unused Assets to reduce memory usage. Loaded Objects now: 2540.
Total: 7,220018 ms (FindLiveObjects: 0,637861 ms CreateObjectMapping: 0,180925 ms MarkObjects: 6,018786 ms  DeleteObjects: 0,379303 ms)

========================================================================
Received Prepare
Registering precompiled user dll's ...
Registered in 0,003784 seconds.
Begin MonoManager ReloadAssembly
Native extension for LinuxStandalone target not found
Native extension for WindowsStandalone target not found
Native extension for OSXStandalone target not found
Native extension for WebGL target not found
Refreshing native plugins compatible for Editor in 1,08 ms, found 1 plugins.
Preloading 0 native plugins for Editor in 0,00 ms.
Mono: successfully reloaded assembly
- Completed reload, in  1,748 seconds
Platform modules already initialized, skipping
Refreshing native plugins compatible for Editor in 1,08 ms, found 1 plugins.
Preloading 0 native plugins for Editor in 0,00 ms.
Unloading 2027 Unused Serialized files (Serialized files now loaded: 0)
System memory in use before: 87,4 MB.
System memory in use after: 87,4 MB.

Unloading 17 unused Assets to reduce memory usage. Loaded Objects now: 2545.
Total: 6,687753 ms (FindLiveObjects: 0,533231 ms CreateObjectMapping: 0,106131 ms MarkObjects: 5,678931 ms  DeleteObjects: 0,366396 ms)

========================================================================
Received Prepare
Registering precompiled user dll's ...
Registered in 0,003566 seconds.
Begin MonoManager ReloadAssembly
Native extension for LinuxStandalone target not found
Native extension for WindowsStandalone target not found
Native extension for OSXStandalone target not found
Native extension for WebGL target not found
Refreshing native plugins compatible for Editor in 1,09 ms, found 1 plugins.
Preloading 0 native plugins for Editor in 0,00 ms.
Mono: successfully reloaded assembly
- Completed reload, in  1,677 seconds
Platform modules already initialized, skipping
Refreshing native plugins compatible for Editor in 1,03 ms, found 1 plugins.
Preloading 0 native plugins for Editor in 0,00 ms.
Unloading 2027 Unused Serialized files (Serialized files now loaded: 0)
System memory in use before: 87,4 MB.
System memory in use after: 87,4 MB.

Unloading 17 unused Assets to reduce memory usage. Loaded Objects now: 2550.
Total: 6,614020 ms (FindLiveObjects: 0,557144 ms CreateObjectMapping: 0,103114 ms MarkObjects: 5,575690 ms  DeleteObjects: 0,374570 ms)

========================================================================
Received Prepare
Registering precompiled user dll's ...
Registered in 0,003716 seconds.
Begin MonoManager ReloadAssembly
Native extension for LinuxStandalone target not found
Native extension for WindowsStandalone target not found
Native extension for OSXStandalone target not found
Native extension for WebGL target not found
Refreshing native plugins compatible for Editor in 1,10 ms, found 1 plugins.
Preloading 0 native plugins for Editor in 0,00 ms.
Mono: successfully reloaded assembly
- Completed reload, in  1,650 seconds
Platform modules already initialized, skipping
Refreshing native plugins compatible for Editor in 1,03 ms, found 1 plugins.
Preloading 0 native plugins for Editor in 0,00 ms.
Unloading 2027 Unused Serialized files (Serialized files now loaded: 0)
System memory in use before: 87,4 MB.
System memory in use after: 87,4 MB.

Unloading 17 unused Assets to reduce memory usage. Loaded Objects now: 2555.
Total: 6,935737 ms (FindLiveObjects: 0,565246 ms CreateObjectMapping: 0,106295 ms MarkObjects: 5,888646 ms  DeleteObjects: 0,372453 ms)

========================================================================
Received Prepare
Registering precompiled user dll's ...
Registered in 0,003689 seconds.
Begin MonoManager ReloadAssembly
Native extension for LinuxStandalone target not found
Native extension for WindowsStandalone target not found
Native extension for OSXStandalone target not found
Native extension for WebGL target not found
Refreshing native plugins compatible for Editor in 1,05 ms, found 1 plugins.
Preloading 0 native plugins for Editor in 0,00 ms.
Mono: successfully reloaded assembly
- Completed reload, in  1,674 seconds
Platform modules already initialized, skipping
Refreshing native plugins compatible for Editor in 1,05 ms, found 1 plugins.
Preloading 0 native plugins for Editor in 0,00 ms.
Unloading 2027 Unused Serialized files (Serialized files now loaded: 0)
System memory in use before: 87,4 MB.
System memory in use after: 87,4 MB.

Unloading 17 unused Assets to reduce memory usage. Loaded Objects now: 2560.
Total: 8,021271 ms (FindLiveObjects: 0,756233 ms CreateObjectMapping: 0,353488 ms MarkObjects: 6,412868 ms  DeleteObjects: 0,495752 ms)

========================================================================
Received Prepare
Registering precompiled user dll's ...
Registered in 0,003618 seconds.
Begin MonoManager ReloadAssembly
Native extension for LinuxStandalone target not found
Native extension for WindowsStandalone target not found
Native extension for OSXStandalone target not found
Native extension for WebGL target not found
Refreshing native plugins compatible for Editor in 1,08 ms, found 1 plugins.
Preloading 0 native plugins for Editor in 0,00 ms.
Mono: successfully reloaded assembly
- Completed reload, in  1,669 seconds
Platform modules already initialized, skipping
Refreshing native plugins compatible for Editor in 1,05 ms, found 1 plugins.
Preloading 0 native plugins for Editor in 0,00 ms.
Unloading 2027 Unused Serialized files (Serialized files now loaded: 0)
System memory in use before: 87,4 MB.
System memory in use after: 87,4 MB.

Unloading 17 unused Assets to reduce memory usage. Loaded Objects now: 2565.
Total: 6,878525 ms (FindLiveObjects: 0,579327 ms CreateObjectMapping: 0,124935 ms MarkObjects: 5,793651 ms  DeleteObjects: 0,376934 ms)

========================================================================
Received Prepare
Registering precompiled user dll's ...
Registered in 0,003617 seconds.
Begin MonoManager ReloadAssembly
Native extension for LinuxStandalone target not found
Native extension for WindowsStandalone target not found
Native extension for OSXStandalone target not found
Native extension for WebGL target not found
Refreshing native plugins compatible for Editor in 1,13 ms, found 1 plugins.
Preloading 0 native plugins for Editor in 0,00 ms.
Mono: successfully reloaded assembly
- Completed reload, in  1,897 seconds
Platform modules already initialized, skipping
Refreshing native plugins compatible for Editor in 1,11 ms, found 1 plugins.
Preloading 0 native plugins for Editor in 0,00 ms.
Unloading 2027 Unused Serialized files (Serialized files now loaded: 0)
System memory in use before: 87,4 MB.
System memory in use after: 87,4 MB.

Unloading 17 unused Assets to reduce memory usage. Loaded Objects now: 2570.
Total: 7,956665 ms (FindLiveObjects: 0,564154 ms CreateObjectMapping: 0,115535 ms MarkObjects: 6,812331 ms  DeleteObjects: 0,460197 ms)

========================================================================
Received Prepare
Refreshing native plugins compatible for Editor in 4,86 ms, found 1 plugins.
Preloading 0 native plugins for Editor in 0,00 ms.
Unloading 15 Unused Serialized files (Serialized files now loaded: 0)
System memory in use before: 47,5 MB.
System memory in use after: 47,5 MB.

Unloading 15 unused Assets to reduce memory usage. Loaded Objects now: 2570.
Total: 6,044829 ms (FindLiveObjects: 0,549854 ms CreateObjectMapping: 0,108495 ms MarkObjects: 5,086389 ms  DeleteObjects: 0,295937 ms)

========================================================================
Received Prepare
Registering precompiled user dll's ...
Registered in 0,008587 seconds.
Begin MonoManager ReloadAssembly
Native extension for LinuxStandalone target not found
Native extension for WindowsStandalone target not found
Native extension for OSXStandalone target not found
Native extension for WebGL target not found
Refreshing native plugins compatible for Editor in 1,18 ms, found 1 plugins.
Preloading 0 native plugins for Editor in 0,00 ms.
Mono: successfully reloaded assembly
- Completed reload, in  1,790 seconds
Platform modules already initialized, skipping
Refreshing native plugins compatible for Editor in 1,48 ms, found 1 plugins.
Preloading 0 native plugins for Editor in 0,00 ms.
Unloading 2027 Unused Serialized files (Serialized files now loaded: 0)
System memory in use before: 87,5 MB.
System memory in use after: 87,4 MB.

Unloading 17 unused Assets to reduce memory usage. Loaded Objects now: 2575.
Total: 10,986028 ms (FindLiveObjects: 0,625233 ms CreateObjectMapping: 0,172930 ms MarkObjects: 9,758324 ms  DeleteObjects: 0,424441 ms)

========================================================================
Received Prepare
Registering precompiled user dll's ...
Registered in 0,003567 seconds.
Begin MonoManager ReloadAssembly
Native extension for LinuxStandalone target not found
Native extension for WindowsStandalone target not found
Native extension for OSXStandalone target not found
Native extension for WebGL target not found
Refreshing native plugins compatible for Editor in 1,12 ms, found 1 plugins.
Preloading 0 native plugins for Editor in 0,00 ms.
Mono: successfully reloaded assembly
- Completed reload, in  1,803 seconds
Platform modules already initialized, skipping
Refreshing native plugins compatible for Editor in 1,08 ms, found 1 plugins.
Preloading 0 native plugins for Editor in 0,00 ms.
Unloading 2027 Unused Serialized files (Serialized files now loaded: 0)
System memory in use before: 87,5 MB.
System memory in use after: 87,4 MB.

Unloading 17 unused Assets to reduce memory usage. Loaded Objects now: 2580.
Total: 8,122068 ms (FindLiveObjects: 0,584851 ms CreateObjectMapping: 0,131055 ms MarkObjects: 6,926357 ms  DeleteObjects: 0,476081 ms)

========================================================================
Received Prepare
Registering precompiled user dll's ...
Registered in 0,003632 seconds.
Begin MonoManager ReloadAssembly
Native extension for LinuxStandalone target not found
Native extension for WindowsStandalone target not found
Native extension for OSXStandalone target not found
Native extension for WebGL target not found
Refreshing native plugins compatible for Editor in 1,20 ms, found 1 plugins.
Preloading 0 native plugins for Editor in 0,00 ms.
Mono: successfully reloaded assembly
- Completed reload, in  1,715 seconds
Platform modules already initialized, skipping
Refreshing native plugins compatible for Editor in 1,33 ms, found 1 plugins.
Preloading 0 native plugins for Editor in 0,00 ms.
Unloading 2027 Unused Serialized files (Serialized files now loaded: 0)
System memory in use before: 87,5 MB.
System memory in use after: 87,4 MB.

Unloading 17 unused Assets to reduce memory usage. Loaded Objects now: 2585.
Total: 12,461052 ms (FindLiveObjects: 0,937852 ms CreateObjectMapping: 0,517798 ms MarkObjects: 10,526317 ms  DeleteObjects: 0,473538 ms)

========================================================================
Received Prepare
Registering precompiled user dll's ...
Registered in 0,004227 seconds.
Begin MonoManager ReloadAssembly
Native extension for LinuxStandalone target not found
Native extension for WindowsStandalone target not found
Native extension for OSXStandalone target not found
Native extension for WebGL target not found
Refreshing native plugins compatible for Editor in 1,80 ms, found 1 plugins.
Preloading 0 native plugins for Editor in 0,00 ms.
Mono: successfully reloaded assembly
- Completed reload, in  2,352 seconds
Platform modules already initialized, skipping
Refreshing native plugins compatible for Editor in 1,24 ms, found 1 plugins.
Preloading 0 native plugins for Editor in 0,00 ms.
Unloading 2027 Unused Serialized files (Serialized files now loaded: 0)
System memory in use before: 87,5 MB.
System memory in use after: 87,5 MB.

Unloading 17 unused Assets to reduce memory usage. Loaded Objects now: 2590.
Total: 10,590418 ms (FindLiveObjects: 1,521220 ms CreateObjectMapping: 0,409591 ms MarkObjects: 8,190276 ms  DeleteObjects: 0,465604 ms)

========================================================================
Received Prepare
Registering precompiled user dll's ...
Registered in 0,003571 seconds.
Begin MonoManager ReloadAssembly
Native extension for LinuxStandalone target not found
Native extension for WindowsStandalone target not found
Native extension for OSXStandalone target not found
Native extension for WebGL target not found
Refreshing native plugins compatible for Editor in 1,35 ms, found 1 plugins.
Preloading 0 native plugins for Editor in 0,00 ms.
Mono: successfully reloaded assembly
- Completed reload, in  1,743 seconds
Platform modules already initialized, skipping
Refreshing native plugins compatible for Editor in 1,06 ms, found 1 plugins.
Preloading 0 native plugins for Editor in 0,00 ms.
Unloading 2027 Unused Serialized files (Serialized files now loaded: 0)
System memory in use before: 87,5 MB.
System memory in use after: 87,5 MB.

Unloading 17 unused Assets to reduce memory usage. Loaded Objects now: 2595.
Total: 7,334589 ms (FindLiveObjects: 0,582526 ms CreateObjectMapping: 0,105415 ms MarkObjects: 6,241852 ms  DeleteObjects: 0,400370 ms)

========================================================================
Received Prepare
Registering precompiled user dll's ...
Registered in 0,003569 seconds.
Begin MonoManager ReloadAssembly
Native extension for LinuxStandalone target not found
Native extension for WindowsStandalone target not found
Native extension for OSXStandalone target not found
Native extension for WebGL target not found
Refreshing native plugins compatible for Editor in 1,07 ms, found 1 plugins.
Preloading 0 native plugins for Editor in 0,00 ms.
Mono: successfully reloaded assembly
- Completed reload, in  1,763 seconds
Platform modules already initialized, skipping
Refreshing native plugins compatible for Editor in 1,07 ms, found 1 plugins.
Preloading 0 native plugins for Editor in 0,00 ms.
Unloading 2027 Unused Serialized files (Serialized files now loaded: 0)
System memory in use before: 87,5 MB.
System memory in use after: 87,5 MB.

Unloading 17 unused Assets to reduce memory usage. Loaded Objects now: 2600.
Total: 7,267829 ms (FindLiveObjects: 0,555496 ms CreateObjectMapping: 0,108152 ms MarkObjects: 6,199930 ms  DeleteObjects: 0,400619 ms)

========================================================================
Received Prepare
Refreshing native plugins compatible for Editor in 4,83 ms, found 1 plugins.
Preloading 0 native plugins for Editor in 0,00 ms.
Unloading 15 Unused Serialized files (Serialized files now loaded: 0)
System memory in use before: 47,5 MB.
System memory in use after: 47,5 MB.

Unloading 15 unused Assets to reduce memory usage. Loaded Objects now: 2600.
Total: 6,115631 ms (FindLiveObjects: 0,557240 ms CreateObjectMapping: 0,104802 ms MarkObjects: 5,153819 ms  DeleteObjects: 0,295534 ms)

========================================================================
Received Prepare
Registering precompiled user dll's ...
Registered in 0,057703 seconds.
Begin MonoManager ReloadAssembly
Native extension for LinuxStandalone target not found
Native extension for WindowsStandalone target not found
Native extension for OSXStandalone target not found
Native extension for WebGL target not found
Refreshing native plugins compatible for Editor in 1,14 ms, found 1 plugins.
Preloading 0 native plugins for Editor in 0,00 ms.
Mono: successfully reloaded assembly
- Completed reload, in  1,936 seconds
Platform modules already initialized, skipping
Refreshing native plugins compatible for Editor in 1,11 ms, found 1 plugins.
Preloading 0 native plugins for Editor in 0,00 ms.
Unloading 2027 Unused Serialized files (Serialized files now loaded: 0)
System memory in use before: 87,5 MB.
System memory in use after: 87,5 MB.

Unloading 17 unused Assets to reduce memory usage. Loaded Objects now: 2605.
Total: 7,602079 ms (FindLiveObjects: 0,711274 ms CreateObjectMapping: 0,444587 ms MarkObjects: 6,043261 ms  DeleteObjects: 0,398739 ms)

========================================================================
Received Prepare
Registering precompiled user dll's ...
Registered in 0,003548 seconds.
Begin MonoManager ReloadAssembly
Native extension for LinuxStandalone target not found
Native extension for WindowsStandalone target not found
Native extension for OSXStandalone target not found
Native extension for WebGL target not found
Refreshing native plugins compatible for Editor in 1,09 ms, found 1 plugins.
Preloading 0 native plugins for Editor in 0,00 ms.
Mono: successfully reloaded assembly
- Completed reload, in  1,791 seconds
Platform modules already initialized, skipping
Refreshing native plugins compatible for Editor in 1,13 ms, found 1 plugins.
Preloading 0 native plugins for Editor in 0,00 ms.
Unloading 2027 Unused Serialized files (Serialized files now loaded: 0)
System memory in use before: 87,5 MB.
System memory in use after: 87,5 MB.

Unloading 17 unused Assets to reduce memory usage. Loaded Objects now: 2610.
Total: 8,101307 ms (FindLiveObjects: 0,569341 ms CreateObjectMapping: 0,112761 ms MarkObjects: 7,030533 ms  DeleteObjects: 0,385757 ms)

========================================================================
Received Prepare
Refreshing native plugins compatible for Editor in 4,96 ms, found 1 plugins.
Preloading 0 native plugins for Editor in 0,00 ms.
Unloading 15 Unused Serialized files (Serialized files now loaded: 0)
System memory in use before: 47,6 MB.
System memory in use after: 47,5 MB.

Unloading 15 unused Assets to reduce memory usage. Loaded Objects now: 2610.
Total: 6,351293 ms (FindLiveObjects: 0,580952 ms CreateObjectMapping: 0,095126 ms MarkObjects: 5,373780 ms  DeleteObjects: 0,296861 ms)

========================================================================
Received Prepare
Registering precompiled user dll's ...
Registered in 0,003725 seconds.
Begin MonoManager ReloadAssembly
Native extension for LinuxStandalone target not found
Native extension for WindowsStandalone target not found
Native extension for OSXStandalone target not found
Native extension for WebGL target not found
Refreshing native plugins compatible for Editor in 1,10 ms, found 1 plugins.
Preloading 0 native plugins for Editor in 0,00 ms.
Mono: successfully reloaded assembly
- Completed reload, in  1,809 seconds
Platform modules already initialized, skipping
Refreshing native plugins compatible for Editor in 1,11 ms, found 1 plugins.
Preloading 0 native plugins for Editor in 0,00 ms.
Unloading 2027 Unused Serialized files (Serialized files now loaded: 0)
System memory in use before: 87,5 MB.
System memory in use after: 87,5 MB.

Unloading 17 unused Assets to reduce memory usage. Loaded Objects now: 2615.
Total: 7,085799 ms (FindLiveObjects: 0,530974 ms CreateObjectMapping: 0,103690 ms MarkObjects: 6,044989 ms  DeleteObjects: 0,403182 ms)

========================================================================
Received Prepare
Registering precompiled user dll's ...
Registered in 0,003491 seconds.
Begin MonoManager ReloadAssembly
Native extension for LinuxStandalone target not found
Native extension for WindowsStandalone target not found
Native extension for OSXStandalone target not found
Native extension for WebGL target not found
Refreshing native plugins compatible for Editor in 1,10 ms, found 1 plugins.
Preloading 0 native plugins for Editor in 0,00 ms.
Mono: successfully reloaded assembly
- Completed reload, in  1,707 seconds
Platform modules already initialized, skipping
Refreshing native plugins compatible for Editor in 1,05 ms, found 1 plugins.
Preloading 0 native plugins for Editor in 0,00 ms.
Unloading 2027 Unused Serialized files (Serialized files now loaded: 0)
System memory in use before: 87,5 MB.
System memory in use after: 87,5 MB.

Unloading 17 unused Assets to reduce memory usage. Loaded Objects now: 2620.
Total: 6,984420 ms (FindLiveObjects: 0,556070 ms CreateObjectMapping: 0,105805 ms MarkObjects: 5,946994 ms  DeleteObjects: 0,372137 ms)

========================================================================
Received Prepare
Refreshing native plugins compatible for Editor in 4,84 ms, found 1 plugins.
Preloading 0 native plugins for Editor in 0,00 ms.
Unloading 15 Unused Serialized files (Serialized files now loaded: 0)
System memory in use before: 47,6 MB.
System memory in use after: 47,6 MB.

Unloading 15 unused Assets to reduce memory usage. Loaded Objects now: 2620.
Total: 5,931476 ms (FindLiveObjects: 0,578673 ms CreateObjectMapping: 0,095294 ms MarkObjects: 4,946864 ms  DeleteObjects: 0,306350 ms)

========================================================================
Received Prepare
Registering precompiled user dll's ...
Registered in 0,003554 seconds.
Begin MonoManager ReloadAssembly
Native extension for LinuxStandalone target not found
Native extension for WindowsStandalone target not found
Native extension for OSXStandalone target not found
Native extension for WebGL target not found
Refreshing native plugins compatible for Editor in 1,23 ms, found 1 plugins.
Preloading 0 native plugins for Editor in 0,00 ms.
Mono: successfully reloaded assembly
- Completed reload, in  1,811 seconds
Platform modules already initialized, skipping
Refreshing native plugins compatible for Editor in 1,27 ms, found 1 plugins.
Preloading 0 native plugins for Editor in 0,00 ms.
Unloading 2027 Unused Serialized files (Serialized files now loaded: 0)
System memory in use before: 87,5 MB.
System memory in use after: 87,5 MB.

Unloading 17 unused Assets to reduce memory usage. Loaded Objects now: 2625.
Total: 8,075438 ms (FindLiveObjects: 0,705111 ms CreateObjectMapping: 0,151491 ms MarkObjects: 6,825600 ms  DeleteObjects: 0,388998 ms)

========================================================================
Received Prepare
Registering precompiled user dll's ...
Registered in 0,003718 seconds.
Begin MonoManager ReloadAssembly
Native extension for LinuxStandalone target not found
Native extension for WindowsStandalone target not found
Native extension for OSXStandalone target not found
Native extension for WebGL target not found
Refreshing native plugins compatible for Editor in 1,14 ms, found 1 plugins.
Preloading 0 native plugins for Editor in 0,00 ms.
Mono: successfully reloaded assembly
- Completed reload, in  1,789 seconds
Platform modules already initialized, skipping
Refreshing native plugins compatible for Editor in 1,09 ms, found 1 plugins.
Preloading 0 native plugins for Editor in 0,00 ms.
Unloading 2027 Unused Serialized files (Serialized files now loaded: 0)
System memory in use before: 87,5 MB.
System memory in use after: 87,5 MB.

Unloading 17 unused Assets to reduce memory usage. Loaded Objects now: 2630.
Total: 8,607326 ms (FindLiveObjects: 0,566194 ms CreateObjectMapping: 0,108080 ms MarkObjects: 7,483034 ms  DeleteObjects: 0,446331 ms)

========================================================================
Received Prepare
Registering precompiled user dll's ...
Registered in 0,003811 seconds.
Begin MonoManager ReloadAssembly
Native extension for LinuxStandalone target not found
Native extension for WindowsStandalone target not found
Native extension for OSXStandalone target not found
Native extension for WebGL target not found
Refreshing native plugins compatible for Editor in 1,09 ms, found 1 plugins.
Preloading 0 native plugins for Editor in 0,00 ms.
Mono: successfully reloaded assembly
- Completed reload, in  1,725 seconds
Platform modules already initialized, skipping
Refreshing native plugins compatible for Editor in 1,13 ms, found 1 plugins.
Preloading 0 native plugins for Editor in 0,00 ms.
Unloading 2027 Unused Serialized files (Serialized files now loaded: 0)
System memory in use before: 87,6 MB.
System memory in use after: 87,5 MB.

Unloading 17 unused Assets to reduce memory usage. Loaded Objects now: 2635.
Total: 8,043891 ms (FindLiveObjects: 0,606182 ms CreateObjectMapping: 0,131422 ms MarkObjects: 6,900989 ms  DeleteObjects: 0,402565 ms)

========================================================================
Received Prepare
Refreshing native plugins compatible for Editor in 4,87 ms, found 1 plugins.
Preloading 0 native plugins for Editor in 0,00 ms.
Unloading 15 Unused Serialized files (Serialized files now loaded: 0)
System memory in use before: 47,6 MB.
System memory in use after: 47,6 MB.

Unloading 15 unused Assets to reduce memory usage. Loaded Objects now: 2635.
Total: 6,041321 ms (FindLiveObjects: 0,580430 ms CreateObjectMapping: 0,095596 ms MarkObjects: 5,022115 ms  DeleteObjects: 0,339719 ms)

========================================================================
Received Prepare
Registering precompiled user dll's ...
Registered in 0,004366 seconds.
Begin MonoManager ReloadAssembly
Native extension for LinuxStandalone target not found
Native extension for WindowsStandalone target not found
Native extension for OSXStandalone target not found
Native extension for WebGL target not found
Refreshing native plugins compatible for Editor in 1,20 ms, found 1 plugins.
Preloading 0 native plugins for Editor in 0,00 ms.
Mono: successfully reloaded assembly
- Completed reload, in  1,878 seconds
Platform modules already initialized, skipping
Refreshing native plugins compatible for Editor in 1,22 ms, found 1 plugins.
Preloading 0 native plugins for Editor in 0,00 ms.
Unloading 2027 Unused Serialized files (Serialized files now loaded: 0)
System memory in use before: 87,6 MB.
System memory in use after: 87,5 MB.

Unloading 17 unused Assets to reduce memory usage. Loaded Objects now: 2640.
Total: 12,114513 ms (FindLiveObjects: 0,697800 ms CreateObjectMapping: 0,172841 ms MarkObjects: 10,589702 ms  DeleteObjects: 0,649061 ms)

========================================================================
Received Prepare
Registering precompiled user dll's ...
Registered in 0,003658 seconds.
Begin MonoManager ReloadAssembly
Native extension for LinuxStandalone target not found
Native extension for WindowsStandalone target not found
Native extension for OSXStandalone target not found
Native extension for WebGL target not found
Refreshing native plugins compatible for Editor in 1,09 ms, found 1 plugins.
Preloading 0 native plugins for Editor in 0,00 ms.
Mono: successfully reloaded assembly
- Completed reload, in  1,669 seconds
Platform modules already initialized, skipping
Refreshing native plugins compatible for Editor in 1,06 ms, found 1 plugins.
Preloading 0 native plugins for Editor in 0,00 ms.
Unloading 2027 Unused Serialized files (Serialized files now loaded: 0)
System memory in use before: 87,6 MB.
System memory in use after: 87,5 MB.

Unloading 17 unused Assets to reduce memory usage. Loaded Objects now: 2645.
Total: 7,233278 ms (FindLiveObjects: 0,578817 ms CreateObjectMapping: 0,103945 ms MarkObjects: 6,166478 ms  DeleteObjects: 0,380503 ms)

========================================================================
Received Prepare
Refreshing native plugins compatible for Editor in 5,11 ms, found 1 plugins.
Preloading 0 native plugins for Editor in 0,00 ms.
Unloading 15 Unused Serialized files (Serialized files now loaded: 0)
System memory in use before: 47,6 MB.
System memory in use after: 47,6 MB.

Unloading 15 unused Assets to reduce memory usage. Loaded Objects now: 2645.
Total: 6,154021 ms (FindLiveObjects: 0,575230 ms CreateObjectMapping: 0,105750 ms MarkObjects: 5,174002 ms  DeleteObjects: 0,294072 ms)

========================================================================
Received Prepare
Registering precompiled user dll's ...
Registered in 0,003613 seconds.
Begin MonoManager ReloadAssembly
Native extension for LinuxStandalone target not found
Native extension for WindowsStandalone target not found
Native extension for OSXStandalone target not found
Native extension for WebGL target not found
Refreshing native plugins compatible for Editor in 1,04 ms, found 1 plugins.
Preloading 0 native plugins for Editor in 0,00 ms.
Mono: successfully reloaded assembly
- Completed reload, in  1,808 seconds
Platform modules already initialized, skipping
Refreshing native plugins compatible for Editor in 1,02 ms, found 1 plugins.
Preloading 0 native plugins for Editor in 0,00 ms.
Unloading 2027 Unused Serialized files (Serialized files now loaded: 0)
System memory in use before: 87,6 MB.
System memory in use after: 87,6 MB.

Unloading 17 unused Assets to reduce memory usage. Loaded Objects now: 2650.
Total: 7,025898 ms (FindLiveObjects: 0,558481 ms CreateObjectMapping: 0,103177 ms MarkObjects: 5,941086 ms  DeleteObjects: 0,419176 ms)

========================================================================
Received Prepare
Registering precompiled user dll's ...
Registered in 0,003978 seconds.
Begin MonoManager ReloadAssembly
Native extension for LinuxStandalone target not found
Native extension for WindowsStandalone target not found
Native extension for OSXStandalone target not found
Native extension for WebGL target not found
Refreshing native plugins compatible for Editor in 1,09 ms, found 1 plugins.
Preloading 0 native plugins for Editor in 0,00 ms.
Mono: successfully reloaded assembly
- Completed reload, in  1,716 seconds
Platform modules already initialized, skipping
Refreshing native plugins compatible for Editor in 1,04 ms, found 1 plugins.
Preloading 0 native plugins for Editor in 0,00 ms.
Unloading 2027 Unused Serialized files (Serialized files now loaded: 0)
System memory in use before: 87,6 MB.
System memory in use after: 87,6 MB.

Unloading 17 unused Assets to reduce memory usage. Loaded Objects now: 2655.
Total: 7,085923 ms (FindLiveObjects: 0,587782 ms CreateObjectMapping: 0,107800 ms MarkObjects: 6,003453 ms  DeleteObjects: 0,383473 ms)

========================================================================
Received Prepare
Refreshing native plugins compatible for Editor in 4,79 ms, found 1 plugins.
Preloading 0 native plugins for Editor in 0,00 ms.
Unloading 15 Unused Serialized files (Serialized files now loaded: 0)
System memory in use before: 47,6 MB.
System memory in use after: 47,6 MB.

Unloading 15 unused Assets to reduce memory usage. Loaded Objects now: 2655.
Total: 6,825241 ms (FindLiveObjects: 0,972838 ms CreateObjectMapping: 0,108119 ms MarkObjects: 5,456201 ms  DeleteObjects: 0,286001 ms)

========================================================================
Received Prepare
Registering precompiled user dll's ...
Registered in 0,064688 seconds.
Begin MonoManager ReloadAssembly
Native extension for LinuxStandalone target not found
Native extension for WindowsStandalone target not found
Native extension for OSXStandalone target not found
Native extension for WebGL target not found
Refreshing native plugins compatible for Editor in 1,19 ms, found 1 plugins.
Preloading 0 native plugins for Editor in 0,00 ms.
Mono: successfully reloaded assembly
- Completed reload, in  2,187 seconds
Platform modules already initialized, skipping
Refreshing native plugins compatible for Editor in 1,08 ms, found 1 plugins.
Preloading 0 native plugins for Editor in 0,00 ms.
Unloading 2027 Unused Serialized files (Serialized files now loaded: 0)
System memory in use before: 87,6 MB.
System memory in use after: 87,6 MB.

Unloading 17 unused Assets to reduce memory usage. Loaded Objects now: 2660.
Total: 9,004918 ms (FindLiveObjects: 0,574987 ms CreateObjectMapping: 0,109895 ms MarkObjects: 8,016558 ms  DeleteObjects: 0,298248 ms)

========================================================================
Received Prepare
Registering precompiled user dll's ...
Registered in 0,003897 seconds.
Begin MonoManager ReloadAssembly
Native extension for LinuxStandalone target not found
Native extension for WindowsStandalone target not found
Native extension for OSXStandalone target not found
Native extension for WebGL target not found
Refreshing native plugins compatible for Editor in 1,11 ms, found 1 plugins.
Preloading 0 native plugins for Editor in 0,00 ms.
Mono: successfully reloaded assembly
- Completed reload, in  1,908 seconds
Platform modules already initialized, skipping
Refreshing native plugins compatible for Editor in 1,09 ms, found 1 plugins.
Preloading 0 native plugins for Editor in 0,00 ms.
Unloading 2027 Unused Serialized files (Serialized files now loaded: 0)
System memory in use before: 87,6 MB.
System memory in use after: 87,6 MB.

Unloading 17 unused Assets to reduce memory usage. Loaded Objects now: 2665.
Total: 6,917642 ms (FindLiveObjects: 0,557683 ms CreateObjectMapping: 0,128021 ms MarkObjects: 5,839133 ms  DeleteObjects: 0,389779 ms)

========================================================================
Received Prepare
Registering precompiled user dll's ...
Registered in 0,003888 seconds.
Begin MonoManager ReloadAssembly
Native extension for LinuxStandalone target not found
Native extension for WindowsStandalone target not found
Native extension for OSXStandalone target not found
Native extension for WebGL target not found
Refreshing native plugins compatible for Editor in 1,11 ms, found 1 plugins.
Preloading 0 native plugins for Editor in 0,00 ms.
Mono: successfully reloaded assembly
- Completed reload, in  1,700 seconds
Platform modules already initialized, skipping
Refreshing native plugins compatible for Editor in 1,12 ms, found 1 plugins.
Preloading 0 native plugins for Editor in 0,00 ms.
Unloading 2027 Unused Serialized files (Serialized files now loaded: 0)
System memory in use before: 87,6 MB.
System memory in use after: 87,6 MB.

Unloading 17 unused Assets to reduce memory usage. Loaded Objects now: 2670.
Total: 6,441395 ms (FindLiveObjects: 0,588163 ms CreateObjectMapping: 0,104052 ms MarkObjects: 5,358064 ms  DeleteObjects: 0,387929 ms)

========================================================================
Received Prepare
Refreshing native plugins compatible for Editor in 4,97 ms, found 1 plugins.
Preloading 0 native plugins for Editor in 0,00 ms.
Unloading 15 Unused Serialized files (Serialized files now loaded: 0)
System memory in use before: 47,7 MB.
System memory in use after: 47,6 MB.

Unloading 15 unused Assets to reduce memory usage. Loaded Objects now: 2670.
Total: 5,967590 ms (FindLiveObjects: 0,551844 ms CreateObjectMapping: 0,106306 ms MarkObjects: 5,007612 ms  DeleteObjects: 0,297676 ms)

========================================================================
Received Prepare
Registering precompiled user dll's ...
Registered in 0,004503 seconds.
Begin MonoManager ReloadAssembly
Native extension for LinuxStandalone target not found
Native extension for WindowsStandalone target not found
Native extension for OSXStandalone target not found
Native extension for WebGL target not found
Refreshing native plugins compatible for Editor in 1,18 ms, found 1 plugins.
Preloading 0 native plugins for Editor in 0,00 ms.
Mono: successfully reloaded assembly
- Completed reload, in  2,395 seconds
Platform modules already initialized, skipping
Refreshing native plugins compatible for Editor in 1,31 ms, found 1 plugins.
Preloading 0 native plugins for Editor in 0,00 ms.
Unloading 2027 Unused Serialized files (Serialized files now loaded: 0)
System memory in use before: 87,6 MB.
System memory in use after: 87,6 MB.

Unloading 17 unused Assets to reduce memory usage. Loaded Objects now: 2675.
Total: 8,716902 ms (FindLiveObjects: 0,663398 ms CreateObjectMapping: 0,144120 ms MarkObjects: 7,420843 ms  DeleteObjects: 0,484413 ms)

========================================================================
Received Prepare
Registering precompiled user dll's ...
Registered in 0,003739 seconds.
Begin MonoManager ReloadAssembly
Native extension for LinuxStandalone target not found
Native extension for WindowsStandalone target not found
Native extension for OSXStandalone target not found
Native extension for WebGL target not found
Refreshing native plugins compatible for Editor in 1,10 ms, found 1 plugins.
Preloading 0 native plugins for Editor in 0,00 ms.
Mono: successfully reloaded assembly
- Completed reload, in  1,773 seconds
Platform modules already initialized, skipping
Refreshing native plugins compatible for Editor in 1,24 ms, found 1 plugins.
Preloading 0 native plugins for Editor in 0,00 ms.
Unloading 2027 Unused Serialized files (Serialized files now loaded: 0)
System memory in use before: 87,6 MB.
System memory in use after: 87,6 MB.

Unloading 17 unused Assets to reduce memory usage. Loaded Objects now: 2680.
Total: 7,529051 ms (FindLiveObjects: 0,620080 ms CreateObjectMapping: 0,104262 ms MarkObjects: 6,387762 ms  DeleteObjects: 0,414156 ms)

========================================================================
Received Prepare
Refreshing native plugins compatible for Editor in 5,03 ms, found 1 plugins.
Preloading 0 native plugins for Editor in 0,00 ms.
Unloading 15 Unused Serialized files (Serialized files now loaded: 0)
System memory in use before: 47,7 MB.
System memory in use after: 47,7 MB.

Unloading 15 unused Assets to reduce memory usage. Loaded Objects now: 2680.
Total: 5,980405 ms (FindLiveObjects: 0,650370 ms CreateObjectMapping: 0,104089 ms MarkObjects: 4,927315 ms  DeleteObjects: 0,295082 ms)

========================================================================
Received Prepare
Registering precompiled user dll's ...
Registered in 0,005306 seconds.
Begin MonoManager ReloadAssembly
Native extension for LinuxStandalone target not found
Native extension for WindowsStandalone target not found
Native extension for OSXStandalone target not found
Native extension for WebGL target not found
Refreshing native plugins compatible for Editor in 1,32 ms, found 1 plugins.
Preloading 0 native plugins for Editor in 0,00 ms.
Mono: successfully reloaded assembly
- Completed reload, in  2,732 seconds
Platform modules already initialized, skipping
Refreshing native plugins compatible for Editor in 1,29 ms, found 1 plugins.
Preloading 0 native plugins for Editor in 0,00 ms.
Unloading 2027 Unused Serialized files (Serialized files now loaded: 0)
System memory in use before: 87,6 MB.
System memory in use after: 87,6 MB.

Unloading 17 unused Assets to reduce memory usage. Loaded Objects now: 2685.
Total: 7,356167 ms (FindLiveObjects: 0,584271 ms CreateObjectMapping: 0,116553 ms MarkObjects: 6,175061 ms  DeleteObjects: 0,475688 ms)

========================================================================
Received Prepare
Registering precompiled user dll's ...
Registered in 0,003731 seconds.
Begin MonoManager ReloadAssembly
Native extension for LinuxStandalone target not found
Native extension for WindowsStandalone target not found
Native extension for OSXStandalone target not found
Native extension for WebGL target not found
Refreshing native plugins compatible for Editor in 1,09 ms, found 1 plugins.
Preloading 0 native plugins for Editor in 0,00 ms.
Mono: successfully reloaded assembly
- Completed reload, in  1,753 seconds
Platform modules already initialized, skipping
Refreshing native plugins compatible for Editor in 1,03 ms, found 1 plugins.
Preloading 0 native plugins for Editor in 0,00 ms.
Unloading 2027 Unused Serialized files (Serialized files now loaded: 0)
System memory in use before: 87,6 MB.
System memory in use after: 87,6 MB.

Unloading 17 unused Assets to reduce memory usage. Loaded Objects now: 2690.
Total: 6,742250 ms (FindLiveObjects: 0,558133 ms CreateObjectMapping: 0,103919 ms MarkObjects: 5,704215 ms  DeleteObjects: 0,372665 ms)

========================================================================
Received Prepare
Refreshing native plugins compatible for Editor in 5,89 ms, found 1 plugins.
Preloading 0 native plugins for Editor in 0,00 ms.
Unloading 15 Unused Serialized files (Serialized files now loaded: 0)
System memory in use before: 47,7 MB.
System memory in use after: 47,7 MB.

Unloading 15 unused Assets to reduce memory usage. Loaded Objects now: 2690.
Total: 8,179477 ms (FindLiveObjects: 0,651129 ms CreateObjectMapping: 0,143624 ms MarkObjects: 7,062121 ms  DeleteObjects: 0,318082 ms)

========================================================================
Received Prepare
Registering precompiled user dll's ...
Registered in 0,080803 seconds.
Begin MonoManager ReloadAssembly
Native extension for LinuxStandalone target not found
Native extension for WindowsStandalone target not found
Native extension for OSXStandalone target not found
Native extension for WebGL target not found
Refreshing native plugins compatible for Editor in 1,14 ms, found 1 plugins.
Preloading 0 native plugins for Editor in 0,00 ms.
Mono: successfully reloaded assembly
- Completed reload, in  1,884 seconds
Platform modules already initialized, skipping
Refreshing native plugins compatible for Editor in 1,51 ms, found 1 plugins.
Preloading 0 native plugins for Editor in 0,00 ms.
Unloading 2027 Unused Serialized files (Serialized files now loaded: 0)
System memory in use before: 87,7 MB.
System memory in use after: 87,6 MB.

Unloading 17 unused Assets to reduce memory usage. Loaded Objects now: 2695.
Total: 9,962704 ms (FindLiveObjects: 1,148331 ms CreateObjectMapping: 0,335117 ms MarkObjects: 8,059493 ms  DeleteObjects: 0,415995 ms)

========================================================================
Received Prepare
Registering precompiled user dll's ...
Registered in 0,003762 seconds.
Begin MonoManager ReloadAssembly
Native extension for LinuxStandalone target not found
Native extension for WindowsStandalone target not found
Native extension for OSXStandalone target not found
Native extension for WebGL target not found
Refreshing native plugins compatible for Editor in 1,48 ms, found 1 plugins.
Preloading 0 native plugins for Editor in 0,00 ms.
Mono: successfully reloaded assembly
- Completed reload, in  1,728 seconds
Platform modules already initialized, skipping
Refreshing native plugins compatible for Editor in 1,33 ms, found 1 plugins.
Preloading 0 native plugins for Editor in 0,00 ms.
Unloading 2027 Unused Serialized files (Serialized files now loaded: 0)
System memory in use before: 87,7 MB.
System memory in use after: 87,6 MB.

Unloading 17 unused Assets to reduce memory usage. Loaded Objects now: 2700.
Total: 7,885716 ms (FindLiveObjects: 0,624617 ms CreateObjectMapping: 0,152766 ms MarkObjects: 6,679766 ms  DeleteObjects: 0,424120 ms)

========================================================================
Received Import Request.
  Time since last request: 6558,144474 seconds.
  path: Assets/Resources/ScreenPart.prefab
  artifactKey: Guid(4da0304c2cebacf62aefec6325a091ba) Importer(815301076,1909f56bfc062723c751e8b465ee728b)
Start importing Assets/Resources/ScreenPart.prefab using Guid(4da0304c2cebacf62aefec6325a091ba) Importer(815301076,1909f56bfc062723c751e8b465ee728b)  -> (artifact id: '62e1b759c74d700a3a432ba979d13084') in 0,077772 seconds
  Import took 0,088251 seconds .

========================================================================
Received Import Request.
  Time since last request: 0,011402 seconds.
  path: Assets/Resources/ScreenPart.prefab
  artifactKey: Guid(4da0304c2cebacf62aefec6325a091ba) Importer(815301076,1909f56bfc062723c751e8b465ee728b)
Start importing Assets/Resources/ScreenPart.prefab using Guid(4da0304c2cebacf62aefec6325a091ba) Importer(815301076,1909f56bfc062723c751e8b465ee728b)  -> (artifact id: '62e1b759c74d700a3a432ba979d13084') in 0,005345 seconds
  Import took 0,013404 seconds .

========================================================================
Received Import Request.
  Time since last request: 16,662352 seconds.
  path: Assets/Resources/Circle.prefab
  artifactKey: Guid(968dfc3ec5e062b0d8bbbb66254a63b7) Importer(815301076,1909f56bfc062723c751e8b465ee728b)
Start importing Assets/Resources/Circle.prefab using Guid(968dfc3ec5e062b0d8bbbb66254a63b7) Importer(815301076,1909f56bfc062723c751e8b465ee728b)  -> (artifact id: 'a05cd2c8702b9a113cc19c68a6da9ecc') in 0,271720 seconds
  Import took 0,279255 seconds .

========================================================================
Received Import Request.
  Time since last request: 4,781397 seconds.
  path: Assets/Resources/Circle.prefab
  artifactKey: Guid(968dfc3ec5e062b0d8bbbb66254a63b7) Importer(815301076,1909f56bfc062723c751e8b465ee728b)
Start importing Assets/Resources/Circle.prefab using Guid(968dfc3ec5e062b0d8bbbb66254a63b7) Importer(815301076,1909f56bfc062723c751e8b465ee728b)  -> (artifact id: 'd76225fe7b02ff9a22a60ba71055b96e') in 0,027025 seconds
  Import took 0,034914 seconds .

========================================================================
Received Import Request.
  Time since last request: 3,509172 seconds.
  path: Assets/Resources/Circle.prefab
  artifactKey: Guid(968dfc3ec5e062b0d8bbbb66254a63b7) Importer(815301076,1909f56bfc062723c751e8b465ee728b)
Start importing Assets/Resources/Circle.prefab using Guid(968dfc3ec5e062b0d8bbbb66254a63b7) Importer(815301076,1909f56bfc062723c751e8b465ee728b)  -> (artifact id: '8e5dc3447ac6cb751da0bf91842b4e96') in 0,017368 seconds
  Import took 0,025855 seconds .

========================================================================
Received Import Request.
  Time since last request: 10,526091 seconds.
  path: Packages/com.unity.2d.sprite/Editor/ObjectMenuCreation/DefaultAssets/Textures/9-Sliced.png
  artifactKey: Guid(71ebafeef3c03457483266a33ab2b270) Importer(815301076,1909f56bfc062723c751e8b465ee728b)
Start importing Packages/com.unity.2d.sprite/Editor/ObjectMenuCreation/DefaultAssets/Textures/9-Sliced.png using Guid(71ebafeef3c03457483266a33ab2b270) Importer(815301076,1909f56bfc062723c751e8b465ee728b)  -> (artifact id: 'e5a1d4164d5df946d047aec1366958ca') in 0,051741 seconds
  Import took 0,060233 seconds .

========================================================================
Received Import Request.
  Time since last request: 0,000378 seconds.
  path: Packages/com.unity.2d.sprite/Editor/ObjectMenuCreation/DefaultAssets/Textures/HexagonPointed-Top.png
  artifactKey: Guid(eed45a33cd08446c8b88325cf82fc52f) Importer(815301076,1909f56bfc062723c751e8b465ee728b)
Start importing Packages/com.unity.2d.sprite/Editor/ObjectMenuCreation/DefaultAssets/Textures/HexagonPointed-Top.png using Guid(eed45a33cd08446c8b88325cf82fc52f) Importer(815301076,1909f56bfc062723c751e8b465ee728b)  -> (artifact id: '44bf3ab245bb77c13b324d0ec0e929bd') in 0,017388 seconds
  Import took 0,023903 seconds .

========================================================================
Received Import Request.
  Time since last request: 0,000394 seconds.
  path: Packages/com.unity.2d.sprite/Editor/ObjectMenuCreation/DefaultAssets/Textures/HexagonPointed-TopWithBorder.png
  artifactKey: Guid(4b2a04fdbe0ef4d8da8f90eaca817cd1) Importer(815301076,1909f56bfc062723c751e8b465ee728b)
Start importing Packages/com.unity.2d.sprite/Editor/ObjectMenuCreation/DefaultAssets/Textures/HexagonPointed-TopWithBorder.png using Guid(4b2a04fdbe0ef4d8da8f90eaca817cd1) Importer(815301076,1909f56bfc062723c751e8b465ee728b)  -> (artifact id: '8160636e04a51d7ad1b28823edb8c8a0') in 0,016541 seconds
  Import took 0,023603 seconds .

========================================================================
Received Import Request.
  Time since last request: 0,000382 seconds.
  path: Packages/com.unity.2d.sprite/Editor/ObjectMenuCreation/DefaultAssets/Textures/HexagonFlat-TopWithBorder.png
  artifactKey: Guid(a9716c16a44a94eed9b5c90fbf4d9bdd) Importer(815301076,1909f56bfc062723c751e8b465ee728b)
Start importing Packages/com.unity.2d.sprite/Editor/ObjectMenuCreation/DefaultAssets/Textures/HexagonFlat-TopWithBorder.png using Guid(a9716c16a44a94eed9b5c90fbf4d9bdd) Importer(815301076,1909f56bfc062723c751e8b465ee728b)  -> (artifact id: '15bbbc5bb1a7cb1ecf8f4b8371120d97') in 0,020105 seconds
  Import took 0,026911 seconds .

========================================================================
Received Import Request.
  Time since last request: 0,000498 seconds.
  path: Packages/com.unity.2d.sprite/Editor/ObjectMenuCreation/DefaultAssets/Textures/Capsule.png
  artifactKey: Guid(bd3cb4af8406d4436a2ae8c2aafe1f8d) Importer(815301076,1909f56bfc062723c751e8b465ee728b)
Start importing Packages/com.unity.2d.sprite/Editor/ObjectMenuCreation/DefaultAssets/Textures/Capsule.png using Guid(bd3cb4af8406d4436a2ae8c2aafe1f8d) Importer(815301076,1909f56bfc062723c751e8b465ee728b)  -> (artifact id: 'a9f6c88784711e5d7a56cf135c42e5a3') in 0,024212 seconds
  Import took 0,031767 seconds .

========================================================================
Received Import Request.
  Time since last request: 0,000351 seconds.
  path: Packages/com.unity.2d.sprite/Editor/ObjectMenuCreation/DefaultAssets/Textures/HexagonFlat-Top.png
  artifactKey: Guid(16037dbd798344f57a526d53d48f5ead) Importer(815301076,1909f56bfc062723c751e8b465ee728b)
Start importing Packages/com.unity.2d.sprite/Editor/ObjectMenuCreation/DefaultAssets/Textures/HexagonFlat-Top.png using Guid(16037dbd798344f57a526d53d48f5ead) Importer(815301076,1909f56bfc062723c751e8b465ee728b)  -> (artifact id: '03b8bca2ab26d59d71c1b030b164557c') in 0,016220 seconds
  Import took 0,023576 seconds .

========================================================================
Received Import Request.
  Time since last request: 0,000387 seconds.
  path: Packages/com.unity.2d.sprite/Editor/ObjectMenuCreation/DefaultAssets/Textures/CircleMask.png
  artifactKey: Guid(87aaca0a643d54397ba969dab4fc8875) Importer(815301076,1909f56bfc062723c751e8b465ee728b)
Start importing Packages/com.unity.2d.sprite/Editor/ObjectMenuCreation/DefaultAssets/Textures/CircleMask.png using Guid(87aaca0a643d54397ba969dab4fc8875) Importer(815301076,1909f56bfc062723c751e8b465ee728b)  -> (artifact id: '2f3bfec3d60199220cbdf19542717d6b') in 0,015241 seconds
  Import took 0,022381 seconds .

========================================================================
Received Import Request.
  Time since last request: 0,000445 seconds.
  path: Packages/com.unity.2d.sprite/Editor/ObjectMenuCreation/DefaultAssets/Textures/9-SlicedWithBorder.png
  artifactKey: Guid(cc35afd292fc349128b36a291fb3a165) Importer(815301076,1909f56bfc062723c751e8b465ee728b)
Start importing Packages/com.unity.2d.sprite/Editor/ObjectMenuCreation/DefaultAssets/Textures/9-SlicedWithBorder.png using Guid(cc35afd292fc349128b36a291fb3a165) Importer(815301076,1909f56bfc062723c751e8b465ee728b)  -> (artifact id: 'e5b14e2fb32a6ff97eb707f4d44c7845') in 0,025518 seconds
  Import took 0,032232 seconds .

========================================================================
Received Import Request.
  Time since last request: 0,000370 seconds.
  path: Packages/com.unity.2d.sprite/Editor/ObjectMenuCreation/DefaultAssets/Textures/9-Sliced.png
  artifactKey: Guid(71ebafeef3c03457483266a33ab2b270) Importer(815301076,1909f56bfc062723c751e8b465ee728b)
Start importing Packages/com.unity.2d.sprite/Editor/ObjectMenuCreation/DefaultAssets/Textures/9-Sliced.png using Guid(71ebafeef3c03457483266a33ab2b270) Importer(815301076,1909f56bfc062723c751e8b465ee728b)  -> (artifact id: 'e5a1d4164d5df946d047aec1366958ca') in 0,013997 seconds
  Import took 0,020538 seconds .

========================================================================
Received Import Request.
  Time since last request: 0,000387 seconds.
  path: Packages/com.unity.2d.sprite/Editor/ObjectMenuCreation/DefaultAssets/Textures/Square.png
  artifactKey: Guid(48e93eef0688c4a259cb0eddcd8661f7) Importer(815301076,1909f56bfc062723c751e8b465ee728b)
Start importing Packages/com.unity.2d.sprite/Editor/ObjectMenuCreation/DefaultAssets/Textures/Square.png using Guid(48e93eef0688c4a259cb0eddcd8661f7) Importer(815301076,1909f56bfc062723c751e8b465ee728b)  -> (artifact id: 'd7d630b0522023a73c672066527bebb2') in 0,015741 seconds
  Import took 0,022187 seconds .

========================================================================
Received Import Request.
  Time since last request: 0,000582 seconds.
  path: Packages/com.unity.2d.sprite/Editor/ObjectMenuCreation/DefaultAssets/Textures/Circle.png
  artifactKey: Guid(ebe73ca9363db456bacf42c025bb4847) Importer(815301076,1909f56bfc062723c751e8b465ee728b)
Start importing Packages/com.unity.2d.sprite/Editor/ObjectMenuCreation/DefaultAssets/Textures/Circle.png using Guid(ebe73ca9363db456bacf42c025bb4847) Importer(815301076,1909f56bfc062723c751e8b465ee728b)  -> (artifact id: '313402e704c7bc3efecf804df7285d11') in 0,017587 seconds
  Import took 0,024253 seconds .

========================================================================
Received Import Request.
  Time since last request: 0,002381 seconds.
  path: Packages/com.unity.2d.sprite/Editor/ObjectMenuCreation/DefaultAssets/Textures/CircleWithBorder.png
  artifactKey: Guid(4adeaf2d2b1c7417e89f026626d8264f) Importer(815301076,1909f56bfc062723c751e8b465ee728b)
Start importing Packages/com.unity.2d.sprite/Editor/ObjectMenuCreation/DefaultAssets/Textures/CircleWithBorder.png using Guid(4adeaf2d2b1c7417e89f026626d8264f) Importer(815301076,1909f56bfc062723c751e8b465ee728b)  -> (artifact id: 'b816d16333363ed1cd940457d755528d') in 0,023232 seconds
  Import took 0,030134 seconds .

========================================================================
Received Import Request.
  Time since last request: 0,000355 seconds.
  path: Packages/com.unity.2d.sprite/Editor/ObjectMenuCreation/DefaultAssets/Textures/SquareWithBorder.png
  artifactKey: Guid(db750325989564987a34393247d883b4) Importer(815301076,1909f56bfc062723c751e8b465ee728b)
Start importing Packages/com.unity.2d.sprite/Editor/ObjectMenuCreation/DefaultAssets/Textures/SquareWithBorder.png using Guid(db750325989564987a34393247d883b4) Importer(815301076,1909f56bfc062723c751e8b465ee728b)  -> (artifact id: 'd7878c04c548f4f14d088850090a5642') in 0,014989 seconds
  Import took 0,021286 seconds .

========================================================================
Received Import Request.
  Time since last request: 0,000484 seconds.
  path: Packages/com.unity.2d.sprite/Editor/ObjectMenuCreation/DefaultAssets/Textures/IsometricDiamond.png
  artifactKey: Guid(045b15ec09bba42448d89db77fa6f20a) Importer(815301076,1909f56bfc062723c751e8b465ee728b)
Start importing Packages/com.unity.2d.sprite/Editor/ObjectMenuCreation/DefaultAssets/Textures/IsometricDiamond.png using Guid(045b15ec09bba42448d89db77fa6f20a) Importer(815301076,1909f56bfc062723c751e8b465ee728b)  -> (artifact id: 'c3773709b4c6e976b2e8ded8ba97e99b') in 0,019637 seconds
  Import took 0,026873 seconds .

========================================================================
Received Import Request.
  Time since last request: 0,000460 seconds.
  path: Packages/com.unity.2d.sprite/Editor/ObjectMenuCreation/DefaultAssets/Textures/CapsuleWithBorder.png
  artifactKey: Guid(34587324d412940a79d530020c957dc0) Importer(815301076,1909f56bfc062723c751e8b465ee728b)
Start importing Packages/com.unity.2d.sprite/Editor/ObjectMenuCreation/DefaultAssets/Textures/CapsuleWithBorder.png using Guid(34587324d412940a79d530020c957dc0) Importer(815301076,1909f56bfc062723c751e8b465ee728b)  -> (artifact id: '7185f6e681c6563c228e3366b81a5ca2') in 0,016102 seconds
  Import took 0,023498 seconds .

========================================================================
Received Import Request.
  Time since last request: 0,000336 seconds.
  path: Packages/com.unity.2d.sprite/Editor/ObjectMenuCreation/DefaultAssets/Textures/IsometricDiamondWithBorder.png
  artifactKey: Guid(0d267bc78a0864eb48358689b29ed20a) Importer(815301076,1909f56bfc062723c751e8b465ee728b)
Start importing Packages/com.unity.2d.sprite/Editor/ObjectMenuCreation/DefaultAssets/Textures/IsometricDiamondWithBorder.png using Guid(0d267bc78a0864eb48358689b29ed20a) Importer(815301076,1909f56bfc062723c751e8b465ee728b)  -> (artifact id: 'a999d6b48e2918c8a319b5a444e2a0d6') in 0,014394 seconds
  Import took 0,022866 seconds .

========================================================================
Received Prepare
Registering precompiled user dll's ...
Registered in 0,003607 seconds.
Begin MonoManager ReloadAssembly
Native extension for LinuxStandalone target not found
Native extension for WindowsStandalone target not found
Native extension for OSXStandalone target not found
Native extension for WebGL target not found
Refreshing native plugins compatible for Editor in 1,08 ms, found 1 plugins.
Preloading 0 native plugins for Editor in 0,00 ms.
Mono: successfully reloaded assembly
- Completed reload, in  1,723 seconds
Platform modules already initialized, skipping
Refreshing native plugins compatible for Editor in 1,05 ms, found 1 plugins.
Preloading 0 native plugins for Editor in 0,00 ms.
Unloading 2027 Unused Serialized files (Serialized files now loaded: 0)
System memory in use before: 89,0 MB.
System memory in use after: 89,1 MB.

Unloading 17 unused Assets to reduce memory usage. Loaded Objects now: 2722.
Total: 7,065919 ms (FindLiveObjects: 0,753493 ms CreateObjectMapping: 0,120440 ms MarkObjects: 5,854471 ms  DeleteObjects: 0,333827 ms)

========================================================================
Received Prepare
Refreshing native plugins compatible for Editor in 6,72 ms, found 1 plugins.
Preloading 0 native plugins for Editor in 0,00 ms.
Unloading 15 Unused Serialized files (Serialized files now loaded: 0)
System memory in use before: 49,1 MB.
System memory in use after: 49,1 MB.

Unloading 15 unused Assets to reduce memory usage. Loaded Objects now: 2722.
Total: 6,862694 ms (FindLiveObjects: 0,750000 ms CreateObjectMapping: 0,127636 ms MarkObjects: 5,692571 ms  DeleteObjects: 0,288836 ms)

========================================================================
Received Prepare
Registering precompiled user dll's ...
Registered in 0,003579 seconds.
Begin MonoManager ReloadAssembly
Native extension for LinuxStandalone target not found
Native extension for WindowsStandalone target not found
Native extension for OSXStandalone target not found
Native extension for WebGL target not found
Refreshing native plugins compatible for Editor in 1,38 ms, found 1 plugins.
Preloading 0 native plugins for Editor in 0,00 ms.
Mono: successfully reloaded assembly
- Completed reload, in  2,471 seconds
Platform modules already initialized, skipping
Refreshing native plugins compatible for Editor in 1,07 ms, found 1 plugins.
Preloading 0 native plugins for Editor in 0,00 ms.
Unloading 2027 Unused Serialized files (Serialized files now loaded: 0)
System memory in use before: 89,0 MB.
System memory in use after: 89,1 MB.

Unloading 17 unused Assets to reduce memory usage. Loaded Objects now: 2727.
Total: 7,387619 ms (FindLiveObjects: 0,726289 ms CreateObjectMapping: 0,120462 ms MarkObjects: 6,056289 ms  DeleteObjects: 0,481181 ms)

========================================================================
Received Prepare
Registering precompiled user dll's ...
Registered in 0,003788 seconds.
Begin MonoManager ReloadAssembly
Native extension for LinuxStandalone target not found
Native extension for WindowsStandalone target not found
Native extension for OSXStandalone target not found
Native extension for WebGL target not found
Refreshing native plugins compatible for Editor in 1,17 ms, found 1 plugins.
Preloading 0 native plugins for Editor in 0,00 ms.
Mono: successfully reloaded assembly
- Completed reload, in  1,857 seconds
Platform modules already initialized, skipping
Refreshing native plugins compatible for Editor in 1,13 ms, found 1 plugins.
Preloading 0 native plugins for Editor in 0,00 ms.
Unloading 2027 Unused Serialized files (Serialized files now loaded: 0)
System memory in use before: 89,0 MB.
System memory in use after: 89,1 MB.

Unloading 17 unused Assets to reduce memory usage. Loaded Objects now: 2732.
Total: 7,733824 ms (FindLiveObjects: 1,055462 ms CreateObjectMapping: 0,347999 ms MarkObjects: 5,958751 ms  DeleteObjects: 0,367328 ms)

========================================================================
Received Import Request.
  Time since last request: 1047,511832 seconds.
  path: Assets/Resources/ScreenPart.prefab
  artifactKey: Guid(4da0304c2cebacf62aefec6325a091ba) Importer(815301076,1909f56bfc062723c751e8b465ee728b)
Start importing Assets/Resources/ScreenPart.prefab using Guid(4da0304c2cebacf62aefec6325a091ba) Importer(815301076,1909f56bfc062723c751e8b465ee728b)  -> (artifact id: 'cbd94d4bb3685ddff39c38aa43712c05') in 0,065767 seconds
  Import took 0,075872 seconds .

========================================================================
Received Prepare
Registering precompiled user dll's ...
Registered in 0,003733 seconds.
Begin MonoManager ReloadAssembly
Native extension for LinuxStandalone target not found
Native extension for WindowsStandalone target not found
Native extension for OSXStandalone target not found
Native extension for WebGL target not found
Refreshing native plugins compatible for Editor in 1,06 ms, found 1 plugins.
Preloading 0 native plugins for Editor in 0,00 ms.
Mono: successfully reloaded assembly
- Completed reload, in  1,833 seconds
Platform modules already initialized, skipping
Refreshing native plugins compatible for Editor in 1,53 ms, found 1 plugins.
Preloading 0 native plugins for Editor in 0,00 ms.
Unloading 2027 Unused Serialized files (Serialized files now loaded: 0)
System memory in use before: 89,0 MB.
System memory in use after: 89,1 MB.

Unloading 17 unused Assets to reduce memory usage. Loaded Objects now: 2737.
Total: 9,153254 ms (FindLiveObjects: 1,100780 ms CreateObjectMapping: 0,288291 ms MarkObjects: 7,389730 ms  DeleteObjects: 0,370022 ms)

========================================================================
Received Prepare
Registering precompiled user dll's ...
Registered in 0,003792 seconds.
Begin MonoManager ReloadAssembly
Native extension for LinuxStandalone target not found
Native extension for WindowsStandalone target not found
Native extension for OSXStandalone target not found
Native extension for WebGL target not found
Refreshing native plugins compatible for Editor in 1,08 ms, found 1 plugins.
Preloading 0 native plugins for Editor in 0,00 ms.
Mono: successfully reloaded assembly
- Completed reload, in  1,817 seconds
Platform modules already initialized, skipping
Refreshing native plugins compatible for Editor in 1,09 ms, found 1 plugins.
Preloading 0 native plugins for Editor in 0,00 ms.
Unloading 2027 Unused Serialized files (Serialized files now loaded: 0)
System memory in use before: 89,1 MB.
System memory in use after: 89,1 MB.

Unloading 17 unused Assets to reduce memory usage. Loaded Objects now: 2742.
Total: 8,454958 ms (FindLiveObjects: 0,795806 ms CreateObjectMapping: 0,235717 ms MarkObjects: 6,927955 ms  DeleteObjects: 0,491865 ms)

========================================================================
Received Prepare
Registering precompiled user dll's ...
Registered in 0,003506 seconds.
Begin MonoManager ReloadAssembly
Native extension for LinuxStandalone target not found
Native extension for WindowsStandalone target not found
Native extension for OSXStandalone target not found
Native extension for WebGL target not found
Refreshing native plugins compatible for Editor in 1,08 ms, found 1 plugins.
Preloading 0 native plugins for Editor in 0,00 ms.
Mono: successfully reloaded assembly
- Completed reload, in  1,711 seconds
Platform modules already initialized, skipping
Refreshing native plugins compatible for Editor in 1,25 ms, found 1 plugins.
Preloading 0 native plugins for Editor in 0,00 ms.
Unloading 2027 Unused Serialized files (Serialized files now loaded: 0)
System memory in use before: 89,1 MB.
System memory in use after: 89,1 MB.

Unloading 17 unused Assets to reduce memory usage. Loaded Objects now: 2747.
Total: 9,573195 ms (FindLiveObjects: 0,764990 ms CreateObjectMapping: 0,183908 ms MarkObjects: 8,085211 ms  DeleteObjects: 0,536047 ms)

========================================================================
Received Prepare
Registering precompiled user dll's ...
Registered in 0,004149 seconds.
Begin MonoManager ReloadAssembly
Native extension for LinuxStandalone target not found
Native extension for WindowsStandalone target not found
Native extension for OSXStandalone target not found
Native extension for WebGL target not found
Refreshing native plugins compatible for Editor in 1,10 ms, found 1 plugins.
Preloading 0 native plugins for Editor in 0,00 ms.
Mono: successfully reloaded assembly
- Completed reload, in  1,864 seconds
Platform modules already initialized, skipping
Refreshing native plugins compatible for Editor in 1,10 ms, found 1 plugins.
Preloading 0 native plugins for Editor in 0,00 ms.
Unloading 2027 Unused Serialized files (Serialized files now loaded: 0)
System memory in use before: 89,1 MB.
System memory in use after: 89,1 MB.

Unloading 17 unused Assets to reduce memory usage. Loaded Objects now: 2752.
Total: 6,896148 ms (FindLiveObjects: 0,721273 ms CreateObjectMapping: 0,117515 ms MarkObjects: 5,660997 ms  DeleteObjects: 0,393706 ms)

========================================================================
Received Prepare
Registering precompiled user dll's ...
Registered in 0,003644 seconds.
Begin MonoManager ReloadAssembly
Native extension for LinuxStandalone target not found
Native extension for WindowsStandalone target not found
Native extension for OSXStandalone target not found
Native extension for WebGL target not found
Refreshing native plugins compatible for Editor in 1,09 ms, found 1 plugins.
Preloading 0 native plugins for Editor in 0,00 ms.
Mono: successfully reloaded assembly
- Completed reload, in  1,736 seconds
Platform modules already initialized, skipping
Refreshing native plugins compatible for Editor in 1,23 ms, found 1 plugins.
Preloading 0 native plugins for Editor in 0,00 ms.
Unloading 2027 Unused Serialized files (Serialized files now loaded: 0)
System memory in use before: 89,1 MB.
System memory in use after: 89,1 MB.

Unloading 17 unused Assets to reduce memory usage. Loaded Objects now: 2757.
Total: 7,543534 ms (FindLiveObjects: 0,744736 ms CreateObjectMapping: 0,141952 ms MarkObjects: 6,240477 ms  DeleteObjects: 0,413005 ms)

========================================================================
Received Prepare
Registering precompiled user dll's ...
Registered in 0,004375 seconds.
Begin MonoManager ReloadAssembly
Native extension for LinuxStandalone target not found
Native extension for WindowsStandalone target not found
Native extension for OSXStandalone target not found
Native extension for WebGL target not found
Refreshing native plugins compatible for Editor in 1,30 ms, found 1 plugins.
Preloading 0 native plugins for Editor in 0,00 ms.
Mono: successfully reloaded assembly
- Completed reload, in  1,901 seconds
Platform modules already initialized, skipping
Refreshing native plugins compatible for Editor in 1,09 ms, found 1 plugins.
Preloading 0 native plugins for Editor in 0,00 ms.
Unloading 2027 Unused Serialized files (Serialized files now loaded: 0)
System memory in use before: 89,1 MB.
System memory in use after: 89,2 MB.

Unloading 17 unused Assets to reduce memory usage. Loaded Objects now: 2762.
Total: 10,587370 ms (FindLiveObjects: 1,017975 ms CreateObjectMapping: 0,515778 ms MarkObjects: 8,593341 ms  DeleteObjects: 0,455262 ms)

========================================================================
Received Prepare
Refreshing native plugins compatible for Editor in 5,23 ms, found 1 plugins.
Preloading 0 native plugins for Editor in 0,00 ms.
Unloading 15 Unused Serialized files (Serialized files now loaded: 0)
System memory in use before: 49,1 MB.
System memory in use after: 49,2 MB.

Unloading 15 unused Assets to reduce memory usage. Loaded Objects now: 2762.
Total: 7,805782 ms (FindLiveObjects: 0,774537 ms CreateObjectMapping: 0,141236 ms MarkObjects: 6,514495 ms  DeleteObjects: 0,370524 ms)

========================================================================
Received Prepare
Registering precompiled user dll's ...
Registered in 0,005572 seconds.
Begin MonoManager ReloadAssembly
Native extension for LinuxStandalone target not found
Native extension for WindowsStandalone target not found
Native extension for OSXStandalone target not found
Native extension for WebGL target not found
Refreshing native plugins compatible for Editor in 1,27 ms, found 1 plugins.
Preloading 0 native plugins for Editor in 0,00 ms.
Mono: successfully reloaded assembly
- Completed reload, in  2,405 seconds
Platform modules already initialized, skipping
Refreshing native plugins compatible for Editor in 1,47 ms, found 1 plugins.
Preloading 0 native plugins for Editor in 0,00 ms.
Unloading 2027 Unused Serialized files (Serialized files now loaded: 0)
System memory in use before: 89,1 MB.
System memory in use after: 89,2 MB.

Unloading 17 unused Assets to reduce memory usage. Loaded Objects now: 2767.
Total: 10,829599 ms (FindLiveObjects: 1,055526 ms CreateObjectMapping: 0,341976 ms MarkObjects: 8,949096 ms  DeleteObjects: 0,478493 ms)

========================================================================
Received Prepare
Registering precompiled user dll's ...
Registered in 0,004456 seconds.
Begin MonoManager ReloadAssembly
Native extension for LinuxStandalone target not found
Native extension for WindowsStandalone target not found
Native extension for OSXStandalone target not found
Native extension for WebGL target not found
Refreshing native plugins compatible for Editor in 1,25 ms, found 1 plugins.
Preloading 0 native plugins for Editor in 0,00 ms.
Mono: successfully reloaded assembly
- Completed reload, in  2,171 seconds
Platform modules already initialized, skipping
Refreshing native plugins compatible for Editor in 1,33 ms, found 1 plugins.
Preloading 0 native plugins for Editor in 0,00 ms.
Unloading 2027 Unused Serialized files (Serialized files now loaded: 0)
System memory in use before: 89,1 MB.
System memory in use after: 89,2 MB.

Unloading 17 unused Assets to reduce memory usage. Loaded Objects now: 2772.
Total: 10,064782 ms (FindLiveObjects: 0,902715 ms CreateObjectMapping: 0,277156 ms MarkObjects: 8,371938 ms  DeleteObjects: 0,508180 ms)

AssetImportWorkerClient::OnTransportError - code=2 error=End of file
