Using pre-set license
Built from '2020.3/staging' branch; Version is '2020.3.6f1 (338bb68529b2) revision 3378102'; Using compiler version '192528614'; Build Type 'Release'
OS: 'Windows 10 Pro for Workstations; OS build 19044.2728; Version 2009; 64bit' Language: 'en' Physical Memory: 32440 MB
BatchMode: 1, IsHumanControllingUs: 0, StartBugReporterOnCrash: 0, Is64bit: 1, IsPro: 0

 COMMAND LINE ARGUMENTS:
C:\Program Files\Unity\Hub\Editor\2020.3.6f1\Editor\Unity.exe
-adb2
-batchMode
-noUpm
-name
AssetImportWorker0
-projectPath
C:/cygwin64/home/ilda-vive/henrylapassat/WallVR/Code/Wall_PreWork
-logFile
Logs/AssetImportWorker0.log
-srvPort
60104
Successfully changed project path to: C:/cygwin64/home/ilda-vive/henrylapassat/WallVR/Code/Wall_PreWork
C:/cygwin64/home/ilda-vive/henrylapassat/WallVR/Code/Wall_PreWork
Using Asset Import Pipeline V2.
Refreshing native plugins compatible for Editor in 40.70 ms, found 1 plugins.
Preloading 0 native plugins for Editor in 0.00 ms.
Initialize engine version: 2020.3.6f1 (338bb68529b2)
[Subsystems] Discovering subsystems at path C:/Program Files/Unity/Hub/Editor/2020.3.6f1/Editor/Data/Resources/UnitySubsystems
[Subsystems] Discovering subsystems at path C:/cygwin64/home/ilda-vive/henrylapassat/WallVR/Code/Wall_PreWork/Assets
GfxDevice: creating device client; threaded=0
Direct3D:
    Version:  Direct3D 11.0 [level 11.1]
    Renderer: NVIDIA Quadro P2000 (ID=0x1c30)
    Vendor:   
    VRAM:     5032 MB
    Driver:   31.0.15.1737
Initialize mono
Mono path[0] = 'C:/Program Files/Unity/Hub/Editor/2020.3.6f1/Editor/Data/Managed'
Mono path[1] = 'C:/Program Files/Unity/Hub/Editor/2020.3.6f1/Editor/Data/MonoBleedingEdge/lib/mono/unityjit'
Mono config path = 'C:/Program Files/Unity/Hub/Editor/2020.3.6f1/Editor/Data/MonoBleedingEdge/etc'
Using monoOptions --debugger-agent=transport=dt_socket,embedding=1,server=y,suspend=n,address=127.0.0.1:56384
Begin MonoManager ReloadAssembly
Registering precompiled unity dll's ...
Register platform support module: C:/Program Files/Unity/Hub/Editor/2020.3.6f1/Editor/Data/PlaybackEngines/WindowsStandaloneSupport/UnityEditor.WindowsStandalone.Extensions.dll
Registered in 0.001965 seconds.
Native extension for WindowsStandalone target not found
Refreshing native plugins compatible for Editor in 38.68 ms, found 1 plugins.
Preloading 0 native plugins for Editor in 0.00 ms.
Mono: successfully reloaded assembly
- Completed reload, in  1.644 seconds
Platform modules already initialized, skipping
Registering precompiled user dll's ...
Registered in 0.002901 seconds.
Begin MonoManager ReloadAssembly
Native extension for WindowsStandalone target not found
Refreshing native plugins compatible for Editor in 38.65 ms, found 1 plugins.
Preloading 0 native plugins for Editor in 0.00 ms.
Mono: successfully reloaded assembly
- Completed reload, in  0.936 seconds
Platform modules already initialized, skipping
========================================================================
Worker process is ready to serve import requests
Launched and connected shader compiler UnityShaderCompiler.exe after 0.04 seconds
Refreshing native plugins compatible for Editor in 0.48 ms, found 1 plugins.
Preloading 0 native plugins for Editor in 0.00 ms.
Unloading 2033 Unused Serialized files (Serialized files now loaded: 0)
System memory in use before: 92.3 MB.
System memory in use after: 92.3 MB.

Unloading 30 unused Assets to reduce memory usage. Loaded Objects now: 2472.
Total: 2.588000 ms (FindLiveObjects: 0.348600 ms CreateObjectMapping: 0.063500 ms MarkObjects: 2.027900 ms  DeleteObjects: 0.146400 ms)

========================================================================
Received Import Request.
  path: Assets/Resources
  artifactKey: Guid(6b58b021152586b469f7fe1cd59836d3) Importer(815301076,1909f56bfc062723c751e8b465ee728b)
Start importing Assets/Resources using Guid(6b58b021152586b469f7fe1cd59836d3) Importer(815301076,1909f56bfc062723c751e8b465ee728b)  -> (artifact id: '7962514a83494f43e40af008f832ada7') in 0.009551 seconds
  Import took 0.012971 seconds .

========================================================================
Received Import Request.
  Time since last request: 8.036198 seconds.
  path: Assets/Resources/User.prefab
  artifactKey: Guid(42d1524c29dae994db43d1b336e5f11b) Importer(815301076,1909f56bfc062723c751e8b465ee728b)
Start importing Assets/Resources/User.prefab using Guid(42d1524c29dae994db43d1b336e5f11b) Importer(815301076,1909f56bfc062723c751e8b465ee728b)  -> (artifact id: '8191fab3d3852498dc57f9edb6813fc6') in 0.047217 seconds
  Import took 0.050733 seconds .

========================================================================
Received Import Request.
  Time since last request: 100.186200 seconds.
  path: Assets/Resources/User.prefab
  artifactKey: Guid(42d1524c29dae994db43d1b336e5f11b) Importer(815301076,1909f56bfc062723c751e8b465ee728b)
Start importing Assets/Resources/User.prefab using Guid(42d1524c29dae994db43d1b336e5f11b) Importer(815301076,1909f56bfc062723c751e8b465ee728b)  -> (artifact id: '0594771b134b277849e63b044e6a6791') in 0.005247 seconds
  Import took 0.009354 seconds .

========================================================================
Received Import Request.
  Time since last request: 0.004097 seconds.
  path: Assets/Resources/User.prefab
  artifactKey: Guid(42d1524c29dae994db43d1b336e5f11b) Importer(815301076,1909f56bfc062723c751e8b465ee728b)
Start importing Assets/Resources/User.prefab using Guid(42d1524c29dae994db43d1b336e5f11b) Importer(815301076,1909f56bfc062723c751e8b465ee728b)  -> (artifact id: '0594771b134b277849e63b044e6a6791') in 0.003445 seconds
  Import took 0.006870 seconds .

========================================================================
Received Import Request.
  Time since last request: 29.930343 seconds.
  path: Assets/Resources/UpLeft.prefab
  artifactKey: Guid(38e54d7316bf6b947a0587201f70b291) Importer(815301076,1909f56bfc062723c751e8b465ee728b)
Start importing Assets/Resources/UpLeft.prefab using Guid(38e54d7316bf6b947a0587201f70b291) Importer(815301076,1909f56bfc062723c751e8b465ee728b)  -> (artifact id: '9fe4e432a1072e9b9eca27eda463e479') in 0.008283 seconds
  Import took 0.012029 seconds .

========================================================================
Received Import Request.
  Time since last request: 37.244107 seconds.
  path: Assets/Resources/UpLeft.prefab
  artifactKey: Guid(38e54d7316bf6b947a0587201f70b291) Importer(815301076,1909f56bfc062723c751e8b465ee728b)
Start importing Assets/Resources/UpLeft.prefab using Guid(38e54d7316bf6b947a0587201f70b291) Importer(815301076,1909f56bfc062723c751e8b465ee728b)  -> (artifact id: '077c34d35a0945579c0b951c0400b07c') in 0.063605 seconds
  Import took 0.067172 seconds .

========================================================================
Received Import Request.
  Time since last request: 7.136284 seconds.
  path: Assets/Resources/UpLeft.prefab
  artifactKey: Guid(38e54d7316bf6b947a0587201f70b291) Importer(815301076,1909f56bfc062723c751e8b465ee728b)
Start importing Assets/Resources/UpLeft.prefab using Guid(38e54d7316bf6b947a0587201f70b291) Importer(815301076,1909f56bfc062723c751e8b465ee728b)  -> (artifact id: '81a9508eda1afde11b7c343887392edc') in 0.009106 seconds
  Import took 0.013272 seconds .

========================================================================
Received Import Request.
  Time since last request: 94.457818 seconds.
  path: Assets/Resources/UpLeft.prefab
  artifactKey: Guid(38e54d7316bf6b947a0587201f70b291) Importer(815301076,1909f56bfc062723c751e8b465ee728b)
Start importing Assets/Resources/UpLeft.prefab using Guid(38e54d7316bf6b947a0587201f70b291) Importer(815301076,1909f56bfc062723c751e8b465ee728b)  -> (artifact id: '5fe7f755f1f06f559a6a941160a8b788') in 0.013167 seconds
  Import took 0.016790 seconds .

========================================================================
Received Import Request.
  Time since last request: 22.963604 seconds.
  path: Assets/Resources/UpLeft.prefab
  artifactKey: Guid(38e54d7316bf6b947a0587201f70b291) Importer(815301076,1909f56bfc062723c751e8b465ee728b)
Start importing Assets/Resources/UpLeft.prefab using Guid(38e54d7316bf6b947a0587201f70b291) Importer(815301076,1909f56bfc062723c751e8b465ee728b)  -> (artifact id: '3076523c35188fa14eecbce7c080df62') in 0.025972 seconds
  Import took 0.029581 seconds .

========================================================================
Received Import Request.
  Time since last request: 2.049555 seconds.
  path: Assets/Resources/UpLeft.prefab
  artifactKey: Guid(38e54d7316bf6b947a0587201f70b291) Importer(815301076,1909f56bfc062723c751e8b465ee728b)
Start importing Assets/Resources/UpLeft.prefab using Guid(38e54d7316bf6b947a0587201f70b291) Importer(815301076,1909f56bfc062723c751e8b465ee728b)  -> (artifact id: '0cfb2c3ef3e3c931f544774b397b28a2') in 0.007750 seconds
  Import took 0.011375 seconds .

========================================================================
Received Import Request.
  Time since last request: 12.668245 seconds.
  path: Assets/Resources/UpRight.prefab
  artifactKey: Guid(08a5aaf5c79f5c64bae6d9e4d8151352) Importer(815301076,1909f56bfc062723c751e8b465ee728b)
Start importing Assets/Resources/UpRight.prefab using Guid(08a5aaf5c79f5c64bae6d9e4d8151352) Importer(815301076,1909f56bfc062723c751e8b465ee728b)  -> (artifact id: '35c7845326da85bb0c5b8e9322ec66f2') in 0.008088 seconds
  Import took 0.011675 seconds .

========================================================================
Received Import Request.
  Time since last request: 11.033909 seconds.
  path: Assets/Resources/UpRight.prefab
  artifactKey: Guid(08a5aaf5c79f5c64bae6d9e4d8151352) Importer(815301076,1909f56bfc062723c751e8b465ee728b)
Start importing Assets/Resources/UpRight.prefab using Guid(08a5aaf5c79f5c64bae6d9e4d8151352) Importer(815301076,1909f56bfc062723c751e8b465ee728b)  -> (artifact id: '282ac456177750ef007103d1bd116fd5') in 0.011918 seconds
  Import took 0.015550 seconds .

========================================================================
Received Import Request.
  Time since last request: 5.824857 seconds.
  path: Assets/Resources/UpRight.prefab
  artifactKey: Guid(08a5aaf5c79f5c64bae6d9e4d8151352) Importer(815301076,1909f56bfc062723c751e8b465ee728b)
Start importing Assets/Resources/UpRight.prefab using Guid(08a5aaf5c79f5c64bae6d9e4d8151352) Importer(815301076,1909f56bfc062723c751e8b465ee728b)  -> (artifact id: 'c227a592dc1b61be901a830f0c051d17') in 0.007370 seconds
  Import took 0.011026 seconds .

========================================================================
Received Import Request.
  Time since last request: 2.207714 seconds.
  path: Assets/Resources/UpRight.prefab
  artifactKey: Guid(08a5aaf5c79f5c64bae6d9e4d8151352) Importer(815301076,1909f56bfc062723c751e8b465ee728b)
Start importing Assets/Resources/UpRight.prefab using Guid(08a5aaf5c79f5c64bae6d9e4d8151352) Importer(815301076,1909f56bfc062723c751e8b465ee728b)  -> (artifact id: 'f4d024428b7155851c421352e8d12d09') in 0.007051 seconds
  Import took 0.010644 seconds .

========================================================================
Received Import Request.
  Time since last request: 1.181958 seconds.
  path: Assets/Resources/UpRight.prefab
  artifactKey: Guid(08a5aaf5c79f5c64bae6d9e4d8151352) Importer(815301076,1909f56bfc062723c751e8b465ee728b)
Start importing Assets/Resources/UpRight.prefab using Guid(08a5aaf5c79f5c64bae6d9e4d8151352) Importer(815301076,1909f56bfc062723c751e8b465ee728b)  -> (artifact id: '8cf03ded55a402acc6184507e9173907') in 0.008320 seconds
  Import took 0.012754 seconds .

========================================================================
Received Import Request.
  Time since last request: 79.397768 seconds.
  path: Assets/Resources/DownRight.prefab
  artifactKey: Guid(0e81e4dd9b1a8a9498c787f9819355f1) Importer(815301076,1909f56bfc062723c751e8b465ee728b)
Start importing Assets/Resources/DownRight.prefab using Guid(0e81e4dd9b1a8a9498c787f9819355f1) Importer(815301076,1909f56bfc062723c751e8b465ee728b)  -> (artifact id: '8eb906b617db8e1d49797f9f76b29440') in 0.008793 seconds
  Import took 0.012780 seconds .

========================================================================
Received Import Request.
  Time since last request: 0.000358 seconds.
  path: Assets/Resources/DownRight.prefab
  artifactKey: Guid(0e81e4dd9b1a8a9498c787f9819355f1) Importer(815301076,1909f56bfc062723c751e8b465ee728b)
Start importing Assets/Resources/DownRight.prefab using Guid(0e81e4dd9b1a8a9498c787f9819355f1) Importer(815301076,1909f56bfc062723c751e8b465ee728b)  -> (artifact id: '8eb906b617db8e1d49797f9f76b29440') in 0.003250 seconds
  Import took 0.006767 seconds .

========================================================================
Received Import Request.
  Time since last request: 4.909102 seconds.
  path: Assets/Resources/DownRight.prefab
  artifactKey: Guid(0e81e4dd9b1a8a9498c787f9819355f1) Importer(815301076,1909f56bfc062723c751e8b465ee728b)
Start importing Assets/Resources/DownRight.prefab using Guid(0e81e4dd9b1a8a9498c787f9819355f1) Importer(815301076,1909f56bfc062723c751e8b465ee728b)  -> (artifact id: 'ee684e23c36454f2b8cdbbdbfce106ae') in 0.010893 seconds
  Import took 0.014710 seconds .

========================================================================
Received Import Request.
  Time since last request: 5.625019 seconds.
  path: Assets/Resources/DownRight.prefab
  artifactKey: Guid(0e81e4dd9b1a8a9498c787f9819355f1) Importer(815301076,1909f56bfc062723c751e8b465ee728b)
Start importing Assets/Resources/DownRight.prefab using Guid(0e81e4dd9b1a8a9498c787f9819355f1) Importer(815301076,1909f56bfc062723c751e8b465ee728b)  -> (artifact id: '38bd4d2868830c48cba73609529b97b7') in 0.006938 seconds
  Import took 0.011232 seconds .

========================================================================
Received Import Request.
  Time since last request: 2.016253 seconds.
  path: Assets/Resources/DownRight.prefab
  artifactKey: Guid(0e81e4dd9b1a8a9498c787f9819355f1) Importer(815301076,1909f56bfc062723c751e8b465ee728b)
Start importing Assets/Resources/DownRight.prefab using Guid(0e81e4dd9b1a8a9498c787f9819355f1) Importer(815301076,1909f56bfc062723c751e8b465ee728b)  -> (artifact id: '5303529949065a0caee45a18b3849816') in 0.007456 seconds
  Import took 0.011511 seconds .

========================================================================
Received Import Request.
  Time since last request: 1.194839 seconds.
  path: Assets/Resources/DownRight.prefab
  artifactKey: Guid(0e81e4dd9b1a8a9498c787f9819355f1) Importer(815301076,1909f56bfc062723c751e8b465ee728b)
Start importing Assets/Resources/DownRight.prefab using Guid(0e81e4dd9b1a8a9498c787f9819355f1) Importer(815301076,1909f56bfc062723c751e8b465ee728b)  -> (artifact id: '40add1966183049d5cdde82815348b29') in 0.006793 seconds
  Import took 0.010574 seconds .

========================================================================
Received Import Request.
  Time since last request: 33.051118 seconds.
  path: Assets/Resources/DownLeft.prefab
  artifactKey: Guid(984b9e14b4ac538479473a06a77b6dd9) Importer(815301076,1909f56bfc062723c751e8b465ee728b)
Start importing Assets/Resources/DownLeft.prefab using Guid(984b9e14b4ac538479473a06a77b6dd9) Importer(815301076,1909f56bfc062723c751e8b465ee728b)  -> (artifact id: '41ce8473e13dc8d3d7ec96df90396273') in 0.008434 seconds
  Import took 0.012370 seconds .

========================================================================
Received Import Request.
  Time since last request: 3.767006 seconds.
  path: Assets/Resources/DownLeft.prefab
  artifactKey: Guid(984b9e14b4ac538479473a06a77b6dd9) Importer(815301076,1909f56bfc062723c751e8b465ee728b)
Start importing Assets/Resources/DownLeft.prefab using Guid(984b9e14b4ac538479473a06a77b6dd9) Importer(815301076,1909f56bfc062723c751e8b465ee728b)  -> (artifact id: 'd2f101d105aba1e3a5abc070a60a87d3') in 0.012464 seconds
  Import took 0.016297 seconds .

========================================================================
Received Import Request.
  Time since last request: 3.803865 seconds.
  path: Assets/Resources/DownLeft.prefab
  artifactKey: Guid(984b9e14b4ac538479473a06a77b6dd9) Importer(815301076,1909f56bfc062723c751e8b465ee728b)
Start importing Assets/Resources/DownLeft.prefab using Guid(984b9e14b4ac538479473a06a77b6dd9) Importer(815301076,1909f56bfc062723c751e8b465ee728b)  -> (artifact id: '951c044142d8750140ed6f8c34cf351a') in 0.008234 seconds
  Import took 0.012158 seconds .

========================================================================
Received Import Request.
  Time since last request: 1.575157 seconds.
  path: Assets/Resources/DownLeft.prefab
  artifactKey: Guid(984b9e14b4ac538479473a06a77b6dd9) Importer(815301076,1909f56bfc062723c751e8b465ee728b)
Start importing Assets/Resources/DownLeft.prefab using Guid(984b9e14b4ac538479473a06a77b6dd9) Importer(815301076,1909f56bfc062723c751e8b465ee728b)  -> (artifact id: 'fb17e188c1ec30f441f99d7dd8a2e51e') in 0.007175 seconds
  Import took 0.010882 seconds .

========================================================================
Received Import Request.
  Time since last request: 4.078883 seconds.
  path: Assets/Resources/DownLeft.prefab
  artifactKey: Guid(984b9e14b4ac538479473a06a77b6dd9) Importer(815301076,1909f56bfc062723c751e8b465ee728b)
Start importing Assets/Resources/DownLeft.prefab using Guid(984b9e14b4ac538479473a06a77b6dd9) Importer(815301076,1909f56bfc062723c751e8b465ee728b)  -> (artifact id: '9e2e64444611830d4036d982bdd97123') in 0.009463 seconds
  Import took 0.013160 seconds .

========================================================================
Received Prepare
Registering precompiled user dll's ...
Registered in 0.002780 seconds.
Begin MonoManager ReloadAssembly
Native extension for WindowsStandalone target not found
Refreshing native plugins compatible for Editor in 0.50 ms, found 1 plugins.
Preloading 0 native plugins for Editor in 0.00 ms.
Mono: successfully reloaded assembly
- Completed reload, in  0.852 seconds
Platform modules already initialized, skipping
Refreshing native plugins compatible for Editor in 0.51 ms, found 1 plugins.
Preloading 0 native plugins for Editor in 0.00 ms.
Unloading 2027 Unused Serialized files (Serialized files now loaded: 0)
System memory in use before: 95.2 MB.
System memory in use after: 95.2 MB.

Unloading 17 unused Assets to reduce memory usage. Loaded Objects now: 2484.
Total: 2.486900 ms (FindLiveObjects: 0.344400 ms CreateObjectMapping: 0.080600 ms MarkObjects: 1.946700 ms  DeleteObjects: 0.113800 ms)

========================================================================
Received Prepare
Registering precompiled user dll's ...
Registered in 0.002716 seconds.
Begin MonoManager ReloadAssembly
Native extension for WindowsStandalone target not found
Refreshing native plugins compatible for Editor in 0.49 ms, found 1 plugins.
Preloading 0 native plugins for Editor in 0.00 ms.
Mono: successfully reloaded assembly
- Completed reload, in  0.841 seconds
Platform modules already initialized, skipping
Refreshing native plugins compatible for Editor in 0.48 ms, found 1 plugins.
Preloading 0 native plugins for Editor in 0.00 ms.
Unloading 2027 Unused Serialized files (Serialized files now loaded: 0)
System memory in use before: 95.2 MB.
System memory in use after: 95.2 MB.

Unloading 17 unused Assets to reduce memory usage. Loaded Objects now: 2489.
Total: 2.624200 ms (FindLiveObjects: 0.255000 ms CreateObjectMapping: 0.063800 ms MarkObjects: 2.187300 ms  DeleteObjects: 0.117100 ms)

========================================================================
Received Prepare
Registering precompiled user dll's ...
Registered in 0.002890 seconds.
Begin MonoManager ReloadAssembly
Native extension for WindowsStandalone target not found
Refreshing native plugins compatible for Editor in 0.49 ms, found 1 plugins.
Preloading 0 native plugins for Editor in 0.00 ms.
Mono: successfully reloaded assembly
- Completed reload, in  0.848 seconds
Platform modules already initialized, skipping
Refreshing native plugins compatible for Editor in 0.50 ms, found 1 plugins.
Preloading 0 native plugins for Editor in 0.00 ms.
Unloading 2027 Unused Serialized files (Serialized files now loaded: 0)
System memory in use before: 95.3 MB.
System memory in use after: 95.3 MB.

Unloading 17 unused Assets to reduce memory usage. Loaded Objects now: 2494.
Total: 2.613300 ms (FindLiveObjects: 0.260800 ms CreateObjectMapping: 0.085700 ms MarkObjects: 2.148300 ms  DeleteObjects: 0.117300 ms)

========================================================================
Received Import Request.
  Time since last request: 117.311844 seconds.
  path: Assets/Resources/UpRight.prefab
  artifactKey: Guid(08a5aaf5c79f5c64bae6d9e4d8151352) Importer(815301076,1909f56bfc062723c751e8b465ee728b)
Start importing Assets/Resources/UpRight.prefab using Guid(08a5aaf5c79f5c64bae6d9e4d8151352) Importer(815301076,1909f56bfc062723c751e8b465ee728b)  -> (artifact id: '611d8638af158173bd7253cb8f3022dc') in 0.049755 seconds
  Import took 0.053400 seconds .

========================================================================
Received Import Request.
  Time since last request: 3.496511 seconds.
  path: Assets/Resources/UpLeft.prefab
  artifactKey: Guid(38e54d7316bf6b947a0587201f70b291) Importer(815301076,1909f56bfc062723c751e8b465ee728b)
Start importing Assets/Resources/UpLeft.prefab using Guid(38e54d7316bf6b947a0587201f70b291) Importer(815301076,1909f56bfc062723c751e8b465ee728b)  -> (artifact id: '980331223b5b0c554f73fac6c5bc5627') in 0.007093 seconds
  Import took 0.010627 seconds .

========================================================================
Received Import Request.
  Time since last request: 2.962645 seconds.
  path: Assets/Resources/DownRight.prefab
  artifactKey: Guid(0e81e4dd9b1a8a9498c787f9819355f1) Importer(815301076,1909f56bfc062723c751e8b465ee728b)
Start importing Assets/Resources/DownRight.prefab using Guid(0e81e4dd9b1a8a9498c787f9819355f1) Importer(815301076,1909f56bfc062723c751e8b465ee728b)  -> (artifact id: '33352b5286cd0cf7b7d25bfb21810164') in 0.007192 seconds
  Import took 0.010781 seconds .

========================================================================
Received Import Request.
  Time since last request: 2.778334 seconds.
  path: Assets/Resources/DownLeft.prefab
  artifactKey: Guid(984b9e14b4ac538479473a06a77b6dd9) Importer(815301076,1909f56bfc062723c751e8b465ee728b)
Start importing Assets/Resources/DownLeft.prefab using Guid(984b9e14b4ac538479473a06a77b6dd9) Importer(815301076,1909f56bfc062723c751e8b465ee728b)  -> (artifact id: '314583ea33d5e84e24941506501c3ec7') in 0.007399 seconds
  Import took 0.011019 seconds .

========================================================================
Received Prepare
Registering precompiled user dll's ...
Registered in 0.002687 seconds.
Begin MonoManager ReloadAssembly
Native extension for WindowsStandalone target not found
Refreshing native plugins compatible for Editor in 0.50 ms, found 1 plugins.
Preloading 0 native plugins for Editor in 0.00 ms.
Mono: successfully reloaded assembly
- Completed reload, in  0.842 seconds
Platform modules already initialized, skipping
Refreshing native plugins compatible for Editor in 0.52 ms, found 1 plugins.
Preloading 0 native plugins for Editor in 0.00 ms.
Unloading 2027 Unused Serialized files (Serialized files now loaded: 0)
System memory in use before: 95.3 MB.
System memory in use after: 95.3 MB.

Unloading 17 unused Assets to reduce memory usage. Loaded Objects now: 2500.
Total: 2.550300 ms (FindLiveObjects: 0.271100 ms CreateObjectMapping: 0.089600 ms MarkObjects: 2.069800 ms  DeleteObjects: 0.118700 ms)

========================================================================
Received Prepare
Registering precompiled user dll's ...
Registered in 0.002673 seconds.
Begin MonoManager ReloadAssembly
Native extension for WindowsStandalone target not found
Refreshing native plugins compatible for Editor in 0.49 ms, found 1 plugins.
Preloading 0 native plugins for Editor in 0.00 ms.
Mono: successfully reloaded assembly
- Completed reload, in  0.869 seconds
Platform modules already initialized, skipping
Refreshing native plugins compatible for Editor in 0.48 ms, found 1 plugins.
Preloading 0 native plugins for Editor in 0.00 ms.
Unloading 2027 Unused Serialized files (Serialized files now loaded: 0)
System memory in use before: 95.3 MB.
System memory in use after: 95.3 MB.

Unloading 17 unused Assets to reduce memory usage. Loaded Objects now: 2505.
Total: 2.867700 ms (FindLiveObjects: 0.269500 ms CreateObjectMapping: 0.067900 ms MarkObjects: 2.394100 ms  DeleteObjects: 0.135000 ms)

========================================================================
Received Prepare
Registering precompiled user dll's ...
Registered in 0.002743 seconds.
Begin MonoManager ReloadAssembly
Native extension for WindowsStandalone target not found
Refreshing native plugins compatible for Editor in 0.48 ms, found 1 plugins.
Preloading 0 native plugins for Editor in 0.00 ms.
Mono: successfully reloaded assembly
- Completed reload, in  0.825 seconds
Platform modules already initialized, skipping
Refreshing native plugins compatible for Editor in 0.49 ms, found 1 plugins.
Preloading 0 native plugins for Editor in 0.00 ms.
Unloading 2027 Unused Serialized files (Serialized files now loaded: 0)
System memory in use before: 95.3 MB.
System memory in use after: 95.3 MB.

Unloading 17 unused Assets to reduce memory usage. Loaded Objects now: 2510.
Total: 2.757500 ms (FindLiveObjects: 0.332100 ms CreateObjectMapping: 0.065900 ms MarkObjects: 2.241200 ms  DeleteObjects: 0.116800 ms)

========================================================================
Received Prepare
Registering precompiled user dll's ...
Registered in 0.002720 seconds.
Begin MonoManager ReloadAssembly
Native extension for WindowsStandalone target not found
Refreshing native plugins compatible for Editor in 0.49 ms, found 1 plugins.
Preloading 0 native plugins for Editor in 0.00 ms.
Mono: successfully reloaded assembly
- Completed reload, in  0.841 seconds
Platform modules already initialized, skipping
Refreshing native plugins compatible for Editor in 0.50 ms, found 1 plugins.
Preloading 0 native plugins for Editor in 0.00 ms.
Unloading 2027 Unused Serialized files (Serialized files now loaded: 0)
System memory in use before: 95.3 MB.
System memory in use after: 95.3 MB.

Unloading 17 unused Assets to reduce memory usage. Loaded Objects now: 2515.
Total: 2.466800 ms (FindLiveObjects: 0.328200 ms CreateObjectMapping: 0.074200 ms MarkObjects: 1.949600 ms  DeleteObjects: 0.113300 ms)

========================================================================
Received Prepare
Registering precompiled user dll's ...
Registered in 0.002706 seconds.
Begin MonoManager ReloadAssembly
Native extension for WindowsStandalone target not found
Refreshing native plugins compatible for Editor in 0.50 ms, found 1 plugins.
Preloading 0 native plugins for Editor in 0.00 ms.
Mono: successfully reloaded assembly
- Completed reload, in  0.819 seconds
Platform modules already initialized, skipping
Refreshing native plugins compatible for Editor in 0.48 ms, found 1 plugins.
Preloading 0 native plugins for Editor in 0.00 ms.
Unloading 2027 Unused Serialized files (Serialized files now loaded: 0)
System memory in use before: 95.4 MB.
System memory in use after: 95.3 MB.

Unloading 17 unused Assets to reduce memory usage. Loaded Objects now: 2520.
Total: 2.613400 ms (FindLiveObjects: 0.258300 ms CreateObjectMapping: 0.062900 ms MarkObjects: 2.173700 ms  DeleteObjects: 0.117600 ms)

========================================================================
Received Prepare
Registering precompiled user dll's ...
Registered in 0.002907 seconds.
Begin MonoManager ReloadAssembly
Native extension for WindowsStandalone target not found
Refreshing native plugins compatible for Editor in 0.49 ms, found 1 plugins.
Preloading 0 native plugins for Editor in 0.00 ms.
Mono: successfully reloaded assembly
- Completed reload, in  0.851 seconds
Platform modules already initialized, skipping
Refreshing native plugins compatible for Editor in 0.48 ms, found 1 plugins.
Preloading 0 native plugins for Editor in 0.00 ms.
Unloading 2028 Unused Serialized files (Serialized files now loaded: 0)
System memory in use before: 95.4 MB.
System memory in use after: 95.4 MB.

Unloading 17 unused Assets to reduce memory usage. Loaded Objects now: 2526.
Total: 2.487700 ms (FindLiveObjects: 0.264900 ms CreateObjectMapping: 0.072600 ms MarkObjects: 2.029000 ms  DeleteObjects: 0.120500 ms)

========================================================================
Received Prepare
Registering precompiled user dll's ...
Registered in 0.002749 seconds.
Begin MonoManager ReloadAssembly
Native extension for WindowsStandalone target not found
Refreshing native plugins compatible for Editor in 0.49 ms, found 1 plugins.
Preloading 0 native plugins for Editor in 0.00 ms.
Mono: successfully reloaded assembly
- Completed reload, in  0.826 seconds
Platform modules already initialized, skipping
Refreshing native plugins compatible for Editor in 0.49 ms, found 1 plugins.
Preloading 0 native plugins for Editor in 0.00 ms.
Unloading 2028 Unused Serialized files (Serialized files now loaded: 0)
System memory in use before: 95.4 MB.
System memory in use after: 95.4 MB.

Unloading 17 unused Assets to reduce memory usage. Loaded Objects now: 2531.
Total: 2.573100 ms (FindLiveObjects: 0.256700 ms CreateObjectMapping: 0.061900 ms MarkObjects: 2.129400 ms  DeleteObjects: 0.123600 ms)

========================================================================
Received Prepare
Registering precompiled user dll's ...
Registered in 0.002945 seconds.
Begin MonoManager ReloadAssembly
Native extension for WindowsStandalone target not found
Refreshing native plugins compatible for Editor in 0.78 ms, found 1 plugins.
Preloading 0 native plugins for Editor in 0.00 ms.
Mono: successfully reloaded assembly
- Completed reload, in  0.968 seconds
Platform modules already initialized, skipping
Refreshing native plugins compatible for Editor in 0.53 ms, found 1 plugins.
Preloading 0 native plugins for Editor in 0.00 ms.
Unloading 2028 Unused Serialized files (Serialized files now loaded: 0)
System memory in use before: 95.4 MB.
System memory in use after: 95.4 MB.

Unloading 17 unused Assets to reduce memory usage. Loaded Objects now: 2536.
Total: 2.618000 ms (FindLiveObjects: 0.259800 ms CreateObjectMapping: 0.056700 ms MarkObjects: 2.163600 ms  DeleteObjects: 0.136700 ms)

========================================================================
Received Prepare
Registering precompiled user dll's ...
Registered in 0.002961 seconds.
Begin MonoManager ReloadAssembly
Native extension for WindowsStandalone target not found
Refreshing native plugins compatible for Editor in 0.48 ms, found 1 plugins.
Preloading 0 native plugins for Editor in 0.00 ms.
Mono: successfully reloaded assembly
- Completed reload, in  0.842 seconds
Platform modules already initialized, skipping
Refreshing native plugins compatible for Editor in 0.48 ms, found 1 plugins.
Preloading 0 native plugins for Editor in 0.00 ms.
Unloading 2028 Unused Serialized files (Serialized files now loaded: 0)
System memory in use before: 95.4 MB.
System memory in use after: 95.4 MB.

Unloading 17 unused Assets to reduce memory usage. Loaded Objects now: 2541.
Total: 2.686000 ms (FindLiveObjects: 0.275300 ms CreateObjectMapping: 0.064300 ms MarkObjects: 2.222800 ms  DeleteObjects: 0.122700 ms)

========================================================================
Received Prepare
Registering precompiled user dll's ...
Registered in 0.002891 seconds.
Begin MonoManager ReloadAssembly
Native extension for WindowsStandalone target not found
Refreshing native plugins compatible for Editor in 0.48 ms, found 1 plugins.
Preloading 0 native plugins for Editor in 0.00 ms.
Mono: successfully reloaded assembly
- Completed reload, in  0.824 seconds
Platform modules already initialized, skipping
Refreshing native plugins compatible for Editor in 0.47 ms, found 1 plugins.
Preloading 0 native plugins for Editor in 0.00 ms.
Unloading 2028 Unused Serialized files (Serialized files now loaded: 0)
System memory in use before: 95.4 MB.
System memory in use after: 95.4 MB.

Unloading 17 unused Assets to reduce memory usage. Loaded Objects now: 2546.
Total: 3.069700 ms (FindLiveObjects: 0.634600 ms CreateObjectMapping: 0.096500 ms MarkObjects: 2.209500 ms  DeleteObjects: 0.126900 ms)

========================================================================
Received Prepare
Registering precompiled user dll's ...
Registered in 0.002879 seconds.
Begin MonoManager ReloadAssembly
Native extension for WindowsStandalone target not found
Refreshing native plugins compatible for Editor in 0.50 ms, found 1 plugins.
Preloading 0 native plugins for Editor in 0.00 ms.
Mono: successfully reloaded assembly
- Completed reload, in  0.845 seconds
Platform modules already initialized, skipping
Refreshing native plugins compatible for Editor in 0.48 ms, found 1 plugins.
Preloading 0 native plugins for Editor in 0.00 ms.
Unloading 2028 Unused Serialized files (Serialized files now loaded: 0)
System memory in use before: 95.4 MB.
System memory in use after: 95.4 MB.

Unloading 17 unused Assets to reduce memory usage. Loaded Objects now: 2551.
Total: 2.480500 ms (FindLiveObjects: 0.263100 ms CreateObjectMapping: 0.065900 ms MarkObjects: 2.025300 ms  DeleteObjects: 0.124900 ms)

========================================================================
Received Prepare
Registering precompiled user dll's ...
Registered in 0.002837 seconds.
Begin MonoManager ReloadAssembly
Native extension for WindowsStandalone target not found
Refreshing native plugins compatible for Editor in 0.49 ms, found 1 plugins.
Preloading 0 native plugins for Editor in 0.00 ms.
Mono: successfully reloaded assembly
- Completed reload, in  0.840 seconds
Platform modules already initialized, skipping
Refreshing native plugins compatible for Editor in 0.50 ms, found 1 plugins.
Preloading 0 native plugins for Editor in 0.00 ms.
Unloading 2028 Unused Serialized files (Serialized files now loaded: 0)
System memory in use before: 95.4 MB.
System memory in use after: 95.4 MB.

Unloading 17 unused Assets to reduce memory usage. Loaded Objects now: 2556.
Total: 3.454400 ms (FindLiveObjects: 0.448500 ms CreateObjectMapping: 0.149000 ms MarkObjects: 2.650000 ms  DeleteObjects: 0.205500 ms)

========================================================================
Received Prepare
Registering precompiled user dll's ...
Registered in 0.002696 seconds.
Begin MonoManager ReloadAssembly
Native extension for WindowsStandalone target not found
Refreshing native plugins compatible for Editor in 0.52 ms, found 1 plugins.
Preloading 0 native plugins for Editor in 0.00 ms.
Mono: successfully reloaded assembly
- Completed reload, in  0.879 seconds
Platform modules already initialized, skipping
Refreshing native plugins compatible for Editor in 0.49 ms, found 1 plugins.
Preloading 0 native plugins for Editor in 0.00 ms.
Unloading 2028 Unused Serialized files (Serialized files now loaded: 0)
System memory in use before: 95.5 MB.
System memory in use after: 95.4 MB.

Unloading 17 unused Assets to reduce memory usage. Loaded Objects now: 2561.
Total: 2.676100 ms (FindLiveObjects: 0.255100 ms CreateObjectMapping: 0.067200 ms MarkObjects: 2.232100 ms  DeleteObjects: 0.120800 ms)

========================================================================
Received Prepare
Registering precompiled user dll's ...
Registered in 0.002732 seconds.
Begin MonoManager ReloadAssembly
Native extension for WindowsStandalone target not found
Refreshing native plugins compatible for Editor in 0.49 ms, found 1 plugins.
Preloading 0 native plugins for Editor in 0.00 ms.
Mono: successfully reloaded assembly
- Completed reload, in  0.830 seconds
Platform modules already initialized, skipping
Refreshing native plugins compatible for Editor in 0.48 ms, found 1 plugins.
Preloading 0 native plugins for Editor in 0.00 ms.
Unloading 2028 Unused Serialized files (Serialized files now loaded: 0)
System memory in use before: 95.5 MB.
System memory in use after: 95.4 MB.

Unloading 17 unused Assets to reduce memory usage. Loaded Objects now: 2566.
Total: 3.098000 ms (FindLiveObjects: 0.607900 ms CreateObjectMapping: 0.135800 ms MarkObjects: 2.229700 ms  DeleteObjects: 0.123200 ms)

AssetImportWorkerClient::OnTransportError - code=2 error=End of file
