Using pre-set license
Desktop is 1366 x 768 @ 60 Hz

 COMMAND LINE ARGUMENTS:
Unity
-adb2
-batchMode
-noUpm
-name
AssetImportWorker0
-projectPath
/home/abel/JvaljerGit/WallVR/Code/WallBase
-logFile
Logs/AssetImportWorker0.log
-srvPort
46269
Successfully changed project path to: /home/abel/JvaljerGit/WallVR/Code/WallBase
/home/abel/JvaljerGit/WallVR/Code/WallBase
Using Asset Import Pipeline V2.
Refreshing native plugins compatible for Editor in 84,05 ms, found 1 plugins.
Preloading 0 native plugins for Editor in 0,00 ms.
Initialize engine version: 2020.3.6f1 (338bb68529b2)
[Subsystems] Discovering subsystems at path /home/abel/Unity/Hub/Editor/2020.3.6f1/Editor/Data/Resources/UnitySubsystems
[Subsystems] Discovering subsystems at path /home/abel/JvaljerGit/WallVR/Code/WallBase/Assets
GLX Extensions: GLX_ARB_context_flush_control GLX_ARB_create_context GLX_ARB_create_context_no_error GLX_ARB_create_context_profile GLX_ARB_create_context_robustness GLX_ARB_fbconfig_float GLX_ARB_framebuffer_sRGB GLX_ARB_get_proc_address GLX_ARB_multisample GLX_EXT_buffer_age GLX_EXT_create_context_es2_profile GLX_EXT_create_context_es_profile GLX_EXT_fbconfig_packed_float GLX_EXT_framebuffer_sRGB GLX_EXT_no_config_context GLX_EXT_swap_control GLX_EXT_swap_control_tear GLX_EXT_texture_from_pixmap GLX_EXT_visual_info GLX_EXT_visual_rating GLX_MESA_copy_sub_buffer GLX_MESA_query_renderer GLX_MESA_swap_control GLX_OML_swap_method GLX_OML_sync_control GLX_SGIS_multisample GLX_SGIX_fbconfig GLX_SGIX_pbuffer GLX_SGIX_visual_select_group GLX_SGI_make_current_read GLX_SGI_video_sync 
Renderer: Mesa Intel(R) UHD Graphics 605 (GLK 3)
Vendor:   Intel
Version:  4.6 (Core Profile) Mesa 22.2.5
GLES:     0
 GL_3DFX_texture_compression_FXT1 GL_AMD_conservative_depth GL_AMD_depth_clamp_separate GL_AMD_draw_buffers_blend GL_AMD_gpu_shader_int64 GL_AMD_multi_draw_indirect GL_AMD_performance_monitor GL_AMD_query_buffer_object GL_AMD_seamless_cubemap_per_texture GL_AMD_shader_stencil_export GL_AMD_shader_trinary_minmax GL_AMD_texture_texture4 GL_AMD_vertex_shader_layer GL_AMD_vertex_shader_viewport_index GL_ANGLE_texture_compression_dxt3 GL_ANGLE_texture_compression_dxt5 GL_ARB_ES2_compatibility GL_ARB_ES3_1_compatibility GL_ARB_ES3_2_compatibility GL_ARB_ES3_compatibility GL_ARB_arrays_of_arrays GL_ARB_base_instance GL_ARB_blend_func_extended GL_ARB_buffer_storage GL_ARB_clear_buffer_object GL_ARB_clear_texture GL_ARB_clip_control GL_ARB_compressed_texture_pixel_storage GL_ARB_compute_shader GL_ARB_compute_variable_group_size GL_ARB_conditional_render_inverted GL_ARB_conservative_depth GL_ARB_copy_buffer GL_ARB_copy_image GL_ARB_cull_distance GL_ARB_debug_output GL_ARB_depth_buffer_float GL_ARB_depth_clamp GL_ARB_d
erivative_control GL_ARB_direct_state_access GL_ARB_draw_buffers GL_ARB_draw_buffers_blend GL_ARB_draw_elements_base_vertex GL_ARB_draw_indirect GL_ARB_draw_instanced GL_ARB_enhanced_layouts GL_ARB_explicit_attrib_location GL_ARB_explicit_uniform_location GL_ARB_fragment_coord_conventions GL_ARB_fragment_layer_viewport GL_ARB_fragment_shader GL_ARB_fragment_shader_interlock GL_ARB_framebuffer_no_attachments GL_ARB_framebuffer_object GL_ARB_framebuffer_sRGB GL_ARB_get_program_binary GL_ARB_get_texture_sub_image GL_ARB_gl_spirv GL_ARB_gpu_shader5 GL_ARB_gpu_shader_fp64 GL_ARB_gpu_shader_int64 GL_ARB_half_float_pixel GL_ARB_half_float_vertex GL_ARB_indirect_parameters GL_ARB_instanced_arrays GL_ARB_internalformat_query GL_ARB_internalformat_query2 GL_ARB_invalidate_subdata GL_ARB_map_buffer_alignment GL_ARB_map_buffer_range GL_ARB_multi_bind GL_ARB_multi_draw_indirect GL_ARB_occlusion_query2 GL_ARB_parallel_shader_compile GL_ARB_pipeline_statistics_query GL_ARB_pixel_buffer_object GL_ARB_point_sprite GL_ARB_pol
ygon_offset_clamp GL_ARB_post_depth_coverage GL_ARB_program_interface_query GL_ARB_provoking_vertex GL_ARB_query_buffer_object GL_ARB_robust_buffer_access_behavior GL_ARB_robustness GL_ARB_sample_shading GL_ARB_sampler_objects GL_ARB_seamless_cube_map GL_ARB_seamless_cubemap_per_texture GL_ARB_separate_shader_objects GL_ARB_shader_atomic_counter_ops GL_ARB_shader_atomic_counters GL_ARB_shader_ballot GL_ARB_shader_bit_encoding GL_ARB_shader_clock GL_ARB_shader_draw_parameters GL_ARB_shader_group_vote GL_ARB_shader_image_load_store GL_ARB_shader_image_size GL_ARB_shader_objects GL_ARB_shader_precision GL_ARB_shader_stencil_export GL_ARB_shader_storage_buffer_object GL_ARB_shader_subroutine GL_ARB_shader_texture_image_samples GL_ARB_shader_texture_lod GL_ARB_shader_viewport_layer_array GL_ARB_shading_language_420pack GL_ARB_shading_language_include GL_ARB_shading_language_packing GL_ARB_spirv_extensions GL_ARB_stencil_texturing GL_ARB_sync GL_ARB_tessellation_shader GL_ARB_texture_barrier GL_ARB_texture_buffer_
object GL_ARB_texture_buffer_object_rgb32 GL_ARB_texture_buffer_range GL_ARB_texture_compression_bptc GL_ARB_texture_compression_rgtc GL_ARB_texture_cube_map_array GL_ARB_texture_filter_anisotropic GL_ARB_texture_float GL_ARB_texture_gather GL_ARB_texture_mirror_clamp_to_edge GL_ARB_texture_multisample GL_ARB_texture_non_power_of_two GL_ARB_texture_query_levels GL_ARB_texture_query_lod GL_ARB_texture_rectangle GL_ARB_texture_rg GL_ARB_texture_rgb10_a2ui GL_ARB_texture_stencil8 GL_ARB_texture_storage GL_ARB_texture_storage_multisample GL_ARB_texture_swizzle GL_ARB_texture_view GL_ARB_timer_query GL_ARB_transform_feedback2 GL_ARB_transform_feedback3 GL_ARB_transform_feedback_instanced GL_ARB_transform_feedback_overflow_query GL_ARB_uniform_buffer_object GL_ARB_vertex_array_bgra GL_ARB_vertex_array_object GL_ARB_vertex_attrib_64bit GL_ARB_vertex_attrib_binding GL_ARB_vertex_buffer_object GL_ARB_vertex_shader GL_ARB_vertex_type_10f_11f_11f_rev GL_ARB_vertex_type_2_10_10_10_rev GL_ARB_viewport_array GL_ATI_blend_
equation_separate GL_ATI_texture_float GL_EXT_EGL_image_storage GL_EXT_EGL_sync GL_EXT_abgr GL_EXT_blend_equation_separate GL_EXT_demote_to_helper_invocation GL_EXT_draw_buffers2 GL_EXT_draw_instanced GL_EXT_framebuffer_blit GL_EXT_framebuffer_multisample GL_EXT_framebuffer_multisample_blit_scaled GL_EXT_framebuffer_object GL_EXT_framebuffer_sRGB GL_EXT_memory_object GL_EXT_memory_object_fd GL_EXT_packed_depth_stencil GL_EXT_packed_float GL_EXT_pixel_buffer_object GL_EXT_polygon_offset_clamp GL_EXT_provoking_vertex GL_EXT_semaphore GL_EXT_semaphore_fd GL_EXT_shader_framebuffer_fetch GL_EXT_shader_framebuffer_fetch_non_coherent GL_EXT_shader_integer_mix GL_EXT_shader_samples_identical GL_EXT_texture_array GL_EXT_texture_compression_dxt1 GL_EXT_texture_compression_rgtc GL_EXT_texture_compression_s3tc GL_EXT_texture_filter_anisotropic GL_EXT_texture_integer GL_EXT_texture_sRGB GL_EXT_texture_sRGB_R8 GL_EXT_texture_sRGB_decode GL_EXT_texture_shadow_lod GL_EXT_texture_shared_exponent GL_EXT_texture_snorm GL_EXT_t
exture_swizzle GL_EXT_timer_query GL_EXT_transform_feedback GL_EXT_vertex_array_bgra GL_EXT_vertex_attrib_64bit GL_IBM_multimode_draw_arrays GL_INTEL_blackhole_render GL_INTEL_conservative_rasterization GL_INTEL_performance_query GL_INTEL_shader_atomic_float_minmax GL_INTEL_shader_integer_functions2 GL_KHR_blend_equation_advanced GL_KHR_blend_equation_advanced_coherent GL_KHR_context_flush_control GL_KHR_debug GL_KHR_no_error GL_KHR_parallel_shader_compile GL_KHR_robust_buffer_access_behavior GL_KHR_robustness GL_KHR_texture_compression_astc_ldr GL_KHR_texture_compression_astc_sliced_3d GL_MESA_framebuffer_flip_y GL_MESA_pack_invert GL_MESA_shader_integer_functions GL_MESA_texture_signed_rgba GL_NV_compute_shader_derivatives GL_NV_conditional_render GL_NV_copy_image GL_NV_depth_clamp GL_NV_fragment_shader_interlock GL_NV_packed_depth_stencil GL_NV_texture_barrier GL_OES_EGL_image GL_S3_s3tc
OPENGL LOG: Creating OpenGL 4.6 graphics device ; Context level  <OpenGL 4.5> ; Context handle -2131028912
Initialize mono
Mono path[0] = '/home/abel/Unity/Hub/Editor/2020.3.6f1/Editor/Data/Managed'
Mono path[1] = '/home/abel/Unity/Hub/Editor/2020.3.6f1/Editor/Data/MonoBleedingEdge/lib/mono/unityjit'
Mono config path = '/home/abel/Unity/Hub/Editor/2020.3.6f1/Editor/Data/MonoBleedingEdge/etc'
Using monoOptions --debugger-agent=transport=dt_socket,embedding=1,server=y,suspend=n,address=127.0.0.1:56954
Begin MonoManager ReloadAssembly
Registering precompiled unity dll's ...
Register platform support module: /home/abel/Unity/Hub/Editor/2020.3.6f1/Editor/Data/PlaybackEngines/WebGLSupport/UnityEditor.WebGL.Extensions.dll
Register platform support module: /home/abel/Unity/Hub/Editor/2020.3.6f1/Editor/Data/PlaybackEngines/MacStandaloneSupport/UnityEditor.OSXStandalone.Extensions.dll
Register platform support module: /home/abel/Unity/Hub/Editor/2020.3.6f1/Editor/Data/PlaybackEngines/WindowsStandaloneSupport/UnityEditor.WindowsStandalone.Extensions.dll
Register platform support module: /home/abel/Unity/Hub/Editor/2020.3.6f1/Editor/Data/PlaybackEngines/LinuxStandaloneSupport/UnityEditor.LinuxStandalone.Extensions.dll
Registered in 0,004221 seconds.
Native extension for LinuxStandalone target not found
Native extension for WindowsStandalone target not found
Native extension for OSXStandalone target not found
Native extension for WebGL target not found
Refreshing native plugins compatible for Editor in 83,22 ms, found 1 plugins.
Preloading 0 native plugins for Editor in 0,00 ms.
Mono: successfully reloaded assembly
- Completed reload, in  4,382 seconds
Platform modules already initialized, skipping
Registering precompiled user dll's ...
Registered in 0,005208 seconds.
Begin MonoManager ReloadAssembly
Native extension for LinuxStandalone target not found
Native extension for WindowsStandalone target not found
Native extension for OSXStandalone target not found
Native extension for WebGL target not found
Refreshing native plugins compatible for Editor in 84,92 ms, found 1 plugins.
Preloading 0 native plugins for Editor in 0,00 ms.
Mono: successfully reloaded assembly
- Completed reload, in  1,907 seconds
Platform modules already initialized, skipping
========================================================================
Worker process is ready to serve import requests
Launched and connected shader compiler UnityShaderCompiler after 0.03 seconds
Refreshing native plugins compatible for Editor in 1,03 ms, found 1 plugins.
Preloading 0 native plugins for Editor in 0,00 ms.
Unloading 2038 Unused Serialized files (Serialized files now loaded: 0)
System memory in use before: 86,9 MB.
System memory in use after: 86,8 MB.

Unloading 30 unused Assets to reduce memory usage. Loaded Objects now: 2477.
Total: 6,179896 ms (FindLiveObjects: 0,565741 ms CreateObjectMapping: 0,129792 ms MarkObjects: 4,960444 ms  DeleteObjects: 0,520387 ms)

========================================================================
Received Import Request.
  path: Assets/Resources/Square.prefab
  artifactKey: Guid(a3c7d8629fa08f461af652f3b89d0f13) Importer(815301076,1909f56bfc062723c751e8b465ee728b)
Start importing Assets/Resources/Square.prefab using Guid(a3c7d8629fa08f461af652f3b89d0f13) Importer(815301076,1909f56bfc062723c751e8b465ee728b)  -> (artifact id: 'b6932ada1b58bbee69b03b48f239f557') in 0,171704 seconds
  Import took 0,181037 seconds .

========================================================================
Received Import Request.
  Time since last request: 0,000404 seconds.
  path: Assets/Resources/Circle.prefab
  artifactKey: Guid(e3869d12a7890abcb81dfc58424469a9) Importer(815301076,1909f56bfc062723c751e8b465ee728b)
Start importing Assets/Resources/Circle.prefab using Guid(e3869d12a7890abcb81dfc58424469a9) Importer(815301076,1909f56bfc062723c751e8b465ee728b)  -> (artifact id: '59609ebc4efead58e885f8c9e7e664e9') in 0,019181 seconds
  Import took 0,028982 seconds .

========================================================================
Received Import Request.
  Time since last request: 2,940933 seconds.
  path: Assets/Resources/Vr Part.prefab
  artifactKey: Guid(af9beda73b51a9535ab3952eaee1d209) Importer(815301076,1909f56bfc062723c751e8b465ee728b)
Start importing Assets/Resources/Vr Part.prefab using Guid(af9beda73b51a9535ab3952eaee1d209) Importer(815301076,1909f56bfc062723c751e8b465ee728b)  -> (artifact id: 'ffa95e54e6126a3ae8880ab19ee48af6') in 0,008516 seconds
  Import took 0,016685 seconds .

========================================================================
Received Import Request.
  Time since last request: 0,012635 seconds.
  path: Assets/Resources/Vr Part.prefab
  artifactKey: Guid(af9beda73b51a9535ab3952eaee1d209) Importer(815301076,1909f56bfc062723c751e8b465ee728b)
Start importing Assets/Resources/Vr Part.prefab using Guid(af9beda73b51a9535ab3952eaee1d209) Importer(815301076,1909f56bfc062723c751e8b465ee728b)  -> (artifact id: 'ffa95e54e6126a3ae8880ab19ee48af6') in 0,005133 seconds
  Import took 0,011050 seconds .

========================================================================
Received Import Request.
  Time since last request: 10,870907 seconds.
  path: Assets/Resources/Vr Part.prefab
  artifactKey: Guid(af9beda73b51a9535ab3952eaee1d209) Importer(815301076,1909f56bfc062723c751e8b465ee728b)
Start importing Assets/Resources/Vr Part.prefab using Guid(af9beda73b51a9535ab3952eaee1d209) Importer(815301076,1909f56bfc062723c751e8b465ee728b)  -> (artifact id: '1934ff8ef69f8a1913abb232b081dc40') in 0,005202 seconds
  Import took 0,094374 seconds .

========================================================================
Received Prepare
Registering precompiled user dll's ...
Registered in 0,003623 seconds.
Begin MonoManager ReloadAssembly
Native extension for LinuxStandalone target not found
Native extension for WindowsStandalone target not found
Native extension for OSXStandalone target not found
Native extension for WebGL target not found
Refreshing native plugins compatible for Editor in 1,14 ms, found 1 plugins.
Preloading 0 native plugins for Editor in 0,00 ms.
Mono: successfully reloaded assembly
- Completed reload, in  1,797 seconds
Platform modules already initialized, skipping
Refreshing native plugins compatible for Editor in 1,30 ms, found 1 plugins.
Preloading 0 native plugins for Editor in 0,00 ms.
Unloading 2033 Unused Serialized files (Serialized files now loaded: 0)
System memory in use before: 88,0 MB.
System memory in use after: 88,0 MB.

Unloading 17 unused Assets to reduce memory usage. Loaded Objects now: 2490.
Total: 6,189819 ms (FindLiveObjects: 0,528616 ms CreateObjectMapping: 0,121006 ms MarkObjects: 5,251774 ms  DeleteObjects: 0,285076 ms)

========================================================================
Received Import Request.
  Time since last request: 24,150677 seconds.
  path: Assets/Resources/Vr Part.prefab
  artifactKey: Guid(af9beda73b51a9535ab3952eaee1d209) Importer(815301076,1909f56bfc062723c751e8b465ee728b)
Start importing Assets/Resources/Vr Part.prefab using Guid(af9beda73b51a9535ab3952eaee1d209) Importer(815301076,1909f56bfc062723c751e8b465ee728b)  -> (artifact id: '21b08ff20cd063ba70d29d91952681ba') in 0,050522 seconds
  Import took 0,056503 seconds .

========================================================================
Received Prepare
Registering precompiled user dll's ...
Registered in 0,008162 seconds.
Begin MonoManager ReloadAssembly
Native extension for LinuxStandalone target not found
Native extension for WindowsStandalone target not found
Native extension for OSXStandalone target not found
Native extension for WebGL target not found
Refreshing native plugins compatible for Editor in 1,21 ms, found 1 plugins.
Preloading 0 native plugins for Editor in 0,00 ms.
Mono: successfully reloaded assembly
- Completed reload, in  1,775 seconds
Platform modules already initialized, skipping
Refreshing native plugins compatible for Editor in 1,09 ms, found 1 plugins.
Preloading 0 native plugins for Editor in 0,00 ms.
Unloading 2033 Unused Serialized files (Serialized files now loaded: 0)
System memory in use before: 88,1 MB.
System memory in use after: 88,0 MB.

Unloading 17 unused Assets to reduce memory usage. Loaded Objects now: 2495.
Total: 6,134668 ms (FindLiveObjects: 0,556112 ms CreateObjectMapping: 0,118880 ms MarkObjects: 5,080403 ms  DeleteObjects: 0,375421 ms)

========================================================================
Received Import Request.
  Time since last request: 87,322736 seconds.
  path: Assets/Resources/Vr Part.prefab
  artifactKey: Guid(af9beda73b51a9535ab3952eaee1d209) Importer(815301076,1909f56bfc062723c751e8b465ee728b)
Start importing Assets/Resources/Vr Part.prefab using Guid(af9beda73b51a9535ab3952eaee1d209) Importer(815301076,1909f56bfc062723c751e8b465ee728b)  -> (artifact id: 'da153bddc1abfa60308318b1628b9257') in 0,045904 seconds
  Import took 0,052462 seconds .

========================================================================
Received Import Request.
  Time since last request: 28,630142 seconds.
  path: Assets/Scripts/NetworkHandler.cs
  artifactKey: Guid(b69086e8b66f462178febc523b79c8e6) Importer(815301076,1909f56bfc062723c751e8b465ee728b)
Start importing Assets/Scripts/NetworkHandler.cs using Guid(b69086e8b66f462178febc523b79c8e6) Importer(815301076,1909f56bfc062723c751e8b465ee728b)  -> (artifact id: 'ef415b219c27f72b87a08a7f4b6659e2') in 0,001924 seconds
  Import took 0,007840 seconds .

========================================================================
Received Import Request.
  Time since last request: 0,001835 seconds.
  path: Assets/Scripts/NetworkHandler.cs
  artifactKey: Guid(b69086e8b66f462178febc523b79c8e6) Importer(815301076,1909f56bfc062723c751e8b465ee728b)
Start importing Assets/Scripts/NetworkHandler.cs using Guid(b69086e8b66f462178febc523b79c8e6) Importer(815301076,1909f56bfc062723c751e8b465ee728b)  -> (artifact id: 'ef415b219c27f72b87a08a7f4b6659e2') in 0,001701 seconds
  Import took 0,007957 seconds .

========================================================================
Received Prepare
Registering precompiled user dll's ...
Registered in 0,004154 seconds.
Begin MonoManager ReloadAssembly
Native extension for LinuxStandalone target not found
Native extension for WindowsStandalone target not found
Native extension for OSXStandalone target not found
Native extension for WebGL target not found
Refreshing native plugins compatible for Editor in 1,18 ms, found 1 plugins.
Preloading 0 native plugins for Editor in 0,00 ms.
Mono: successfully reloaded assembly
- Completed reload, in  2,047 seconds
Platform modules already initialized, skipping
Refreshing native plugins compatible for Editor in 1,42 ms, found 1 plugins.
Preloading 0 native plugins for Editor in 0,00 ms.
Unloading 2033 Unused Serialized files (Serialized files now loaded: 0)
System memory in use before: 88,1 MB.
System memory in use after: 88,1 MB.

Unloading 17 unused Assets to reduce memory usage. Loaded Objects now: 2500.
Total: 12,103712 ms (FindLiveObjects: 1,006470 ms CreateObjectMapping: 0,477986 ms MarkObjects: 10,220089 ms  DeleteObjects: 0,393179 ms)

========================================================================
Received Prepare
Refreshing native plugins compatible for Editor in 5,92 ms, found 1 plugins.
Preloading 0 native plugins for Editor in 0,00 ms.
Unloading 15 Unused Serialized files (Serialized files now loaded: 0)
System memory in use before: 48,0 MB.
System memory in use after: 48,0 MB.

Unloading 15 unused Assets to reduce memory usage. Loaded Objects now: 2500.
Total: 7,598683 ms (FindLiveObjects: 0,654381 ms CreateObjectMapping: 0,142897 ms MarkObjects: 6,449072 ms  DeleteObjects: 0,347542 ms)

========================================================================
Received Prepare
Registering precompiled user dll's ...
Registered in 0,006720 seconds.
Begin MonoManager ReloadAssembly
Native extension for LinuxStandalone target not found
Native extension for WindowsStandalone target not found
Native extension for OSXStandalone target not found
Native extension for WebGL target not found
Refreshing native plugins compatible for Editor in 1,10 ms, found 1 plugins.
Preloading 0 native plugins for Editor in 0,00 ms.
Mono: successfully reloaded assembly
- Completed reload, in  2,587 seconds
Platform modules already initialized, skipping
Refreshing native plugins compatible for Editor in 1,06 ms, found 1 plugins.
Preloading 0 native plugins for Editor in 0,00 ms.
Unloading 2033 Unused Serialized files (Serialized files now loaded: 0)
System memory in use before: 88,1 MB.
System memory in use after: 88,1 MB.

Unloading 17 unused Assets to reduce memory usage. Loaded Objects now: 2505.
Total: 6,437856 ms (FindLiveObjects: 0,544272 ms CreateObjectMapping: 0,106014 ms MarkObjects: 5,090884 ms  DeleteObjects: 0,693666 ms)

========================================================================
Received Prepare
Registering precompiled user dll's ...
Registered in 0,003483 seconds.
Begin MonoManager ReloadAssembly
Native extension for LinuxStandalone target not found
Native extension for WindowsStandalone target not found
Native extension for OSXStandalone target not found
Native extension for WebGL target not found
Refreshing native plugins compatible for Editor in 1,07 ms, found 1 plugins.
Preloading 0 native plugins for Editor in 0,00 ms.
Mono: successfully reloaded assembly
- Completed reload, in  1,717 seconds
Platform modules already initialized, skipping
Refreshing native plugins compatible for Editor in 1,04 ms, found 1 plugins.
Preloading 0 native plugins for Editor in 0,00 ms.
Unloading 2033 Unused Serialized files (Serialized files now loaded: 0)
System memory in use before: 88,1 MB.
System memory in use after: 88,1 MB.

Unloading 17 unused Assets to reduce memory usage. Loaded Objects now: 2510.
Total: 6,202742 ms (FindLiveObjects: 0,588495 ms CreateObjectMapping: 0,103102 ms MarkObjects: 5,155893 ms  DeleteObjects: 0,350900 ms)

========================================================================
Received Prepare
Refreshing native plugins compatible for Editor in 7,94 ms, found 1 plugins.
Preloading 0 native plugins for Editor in 0,00 ms.
Unloading 15 Unused Serialized files (Serialized files now loaded: 0)
System memory in use before: 48,0 MB.
System memory in use after: 48,0 MB.

Unloading 15 unused Assets to reduce memory usage. Loaded Objects now: 2510.
Total: 5,535885 ms (FindLiveObjects: 0,576004 ms CreateObjectMapping: 0,106712 ms MarkObjects: 4,568434 ms  DeleteObjects: 0,280391 ms)

========================================================================
Received Prepare
Registering precompiled user dll's ...
Registered in 0,005399 seconds.
Begin MonoManager ReloadAssembly
Native extension for LinuxStandalone target not found
Native extension for WindowsStandalone target not found
Native extension for OSXStandalone target not found
Native extension for WebGL target not found
Refreshing native plugins compatible for Editor in 1,11 ms, found 1 plugins.
Preloading 0 native plugins for Editor in 0,00 ms.
Mono: successfully reloaded assembly
- Completed reload, in  2,098 seconds
Platform modules already initialized, skipping
Refreshing native plugins compatible for Editor in 1,15 ms, found 1 plugins.
Preloading 0 native plugins for Editor in 0,00 ms.
Unloading 2033 Unused Serialized files (Serialized files now loaded: 0)
System memory in use before: 88,1 MB.
System memory in use after: 88,1 MB.

Unloading 17 unused Assets to reduce memory usage. Loaded Objects now: 2515.
Total: 6,423604 ms (FindLiveObjects: 0,652496 ms CreateObjectMapping: 0,112441 ms MarkObjects: 5,288200 ms  DeleteObjects: 0,367329 ms)

========================================================================
Received Prepare
Refreshing native plugins compatible for Editor in 4,80 ms, found 1 plugins.
Preloading 0 native plugins for Editor in 0,00 ms.
Unloading 15 Unused Serialized files (Serialized files now loaded: 0)
System memory in use before: 48,0 MB.
System memory in use after: 48,0 MB.

Unloading 15 unused Assets to reduce memory usage. Loaded Objects now: 2515.
Total: 5,876864 ms (FindLiveObjects: 0,550629 ms CreateObjectMapping: 0,107657 ms MarkObjects: 4,928851 ms  DeleteObjects: 0,284913 ms)

========================================================================
Received Prepare
Registering precompiled user dll's ...
Registered in 0,054179 seconds.
Begin MonoManager ReloadAssembly
Native extension for LinuxStandalone target not found
Native extension for WindowsStandalone target not found
Native extension for OSXStandalone target not found
Native extension for WebGL target not found
Refreshing native plugins compatible for Editor in 1,13 ms, found 1 plugins.
Preloading 0 native plugins for Editor in 0,00 ms.
Mono: successfully reloaded assembly
- Completed reload, in  1,898 seconds
Platform modules already initialized, skipping
Refreshing native plugins compatible for Editor in 1,15 ms, found 1 plugins.
Preloading 0 native plugins for Editor in 0,00 ms.
Unloading 2033 Unused Serialized files (Serialized files now loaded: 0)
System memory in use before: 88,1 MB.
System memory in use after: 88,1 MB.

Unloading 17 unused Assets to reduce memory usage. Loaded Objects now: 2520.
Total: 6,809775 ms (FindLiveObjects: 0,691315 ms CreateObjectMapping: 0,105062 ms MarkObjects: 5,363484 ms  DeleteObjects: 0,645597 ms)

========================================================================
Received Prepare
Registering precompiled user dll's ...
Registered in 0,003521 seconds.
Begin MonoManager ReloadAssembly
Native extension for LinuxStandalone target not found
Native extension for WindowsStandalone target not found
Native extension for OSXStandalone target not found
Native extension for WebGL target not found
Refreshing native plugins compatible for Editor in 1,06 ms, found 1 plugins.
Preloading 0 native plugins for Editor in 0,00 ms.
Mono: successfully reloaded assembly
- Completed reload, in  1,825 seconds
Platform modules already initialized, skipping
Refreshing native plugins compatible for Editor in 1,06 ms, found 1 plugins.
Preloading 0 native plugins for Editor in 0,00 ms.
Unloading 2033 Unused Serialized files (Serialized files now loaded: 0)
System memory in use before: 88,1 MB.
System memory in use after: 88,1 MB.

Unloading 17 unused Assets to reduce memory usage. Loaded Objects now: 2525.
Total: 6,950691 ms (FindLiveObjects: 0,541887 ms CreateObjectMapping: 0,105758 ms MarkObjects: 5,931706 ms  DeleteObjects: 0,367957 ms)

========================================================================
Received Prepare
Registering precompiled user dll's ...
Registered in 0,004013 seconds.
Begin MonoManager ReloadAssembly
Native extension for LinuxStandalone target not found
Native extension for WindowsStandalone target not found
Native extension for OSXStandalone target not found
Native extension for WebGL target not found
Refreshing native plugins compatible for Editor in 1,06 ms, found 1 plugins.
Preloading 0 native plugins for Editor in 0,00 ms.
Mono: successfully reloaded assembly
- Completed reload, in  1,721 seconds
Platform modules already initialized, skipping
Refreshing native plugins compatible for Editor in 1,15 ms, found 1 plugins.
Preloading 0 native plugins for Editor in 0,00 ms.
Unloading 2033 Unused Serialized files (Serialized files now loaded: 0)
System memory in use before: 88,1 MB.
System memory in use after: 88,1 MB.

Unloading 17 unused Assets to reduce memory usage. Loaded Objects now: 2530.
Total: 7,771137 ms (FindLiveObjects: 0,562427 ms CreateObjectMapping: 0,117552 ms MarkObjects: 6,695549 ms  DeleteObjects: 0,391936 ms)

========================================================================
Received Prepare
Refreshing native plugins compatible for Editor in 5,32 ms, found 1 plugins.
Preloading 0 native plugins for Editor in 0,00 ms.
Unloading 15 Unused Serialized files (Serialized files now loaded: 0)
System memory in use before: 48,1 MB.
System memory in use after: 48,0 MB.

Unloading 15 unused Assets to reduce memory usage. Loaded Objects now: 2530.
Total: 5,731092 ms (FindLiveObjects: 0,570498 ms CreateObjectMapping: 0,107883 ms MarkObjects: 4,736967 ms  DeleteObjects: 0,311606 ms)

========================================================================
Received Prepare
Registering precompiled user dll's ...
Registered in 0,005401 seconds.
Begin MonoManager ReloadAssembly
Native extension for LinuxStandalone target not found
Native extension for WindowsStandalone target not found
Native extension for OSXStandalone target not found
Native extension for WebGL target not found
Refreshing native plugins compatible for Editor in 1,07 ms, found 1 plugins.
Preloading 0 native plugins for Editor in 0,00 ms.
Mono: successfully reloaded assembly
- Completed reload, in  2,588 seconds
Platform modules already initialized, skipping
Refreshing native plugins compatible for Editor in 1,07 ms, found 1 plugins.
Preloading 0 native plugins for Editor in 0,00 ms.
Unloading 2033 Unused Serialized files (Serialized files now loaded: 0)
System memory in use before: 88,2 MB.
System memory in use after: 88,1 MB.

Unloading 17 unused Assets to reduce memory usage. Loaded Objects now: 2535.
Total: 7,429635 ms (FindLiveObjects: 0,670037 ms CreateObjectMapping: 0,134296 ms MarkObjects: 6,236329 ms  DeleteObjects: 0,384503 ms)

========================================================================
Received Prepare
Refreshing native plugins compatible for Editor in 5,10 ms, found 1 plugins.
Preloading 0 native plugins for Editor in 0,00 ms.
Unloading 15 Unused Serialized files (Serialized files now loaded: 0)
System memory in use before: 48,1 MB.
System memory in use after: 48,1 MB.

Unloading 15 unused Assets to reduce memory usage. Loaded Objects now: 2535.
Total: 5,708727 ms (FindLiveObjects: 0,650201 ms CreateObjectMapping: 0,122373 ms MarkObjects: 4,644338 ms  DeleteObjects: 0,286643 ms)

========================================================================
Received Prepare
Registering precompiled user dll's ...
Registered in 0,005482 seconds.
Begin MonoManager ReloadAssembly
Native extension for LinuxStandalone target not found
Native extension for WindowsStandalone target not found
Native extension for OSXStandalone target not found
Native extension for WebGL target not found
Refreshing native plugins compatible for Editor in 1,58 ms, found 1 plugins.
Preloading 0 native plugins for Editor in 0,00 ms.
Mono: successfully reloaded assembly
- Completed reload, in  3,198 seconds
Platform modules already initialized, skipping
Refreshing native plugins compatible for Editor in 1,42 ms, found 1 plugins.
Preloading 0 native plugins for Editor in 0,00 ms.
Unloading 2033 Unused Serialized files (Serialized files now loaded: 0)
System memory in use before: 88,2 MB.
System memory in use after: 88,1 MB.

Unloading 17 unused Assets to reduce memory usage. Loaded Objects now: 2540.
Total: 9,339346 ms (FindLiveObjects: 0,650264 ms CreateObjectMapping: 0,162216 ms MarkObjects: 8,045774 ms  DeleteObjects: 0,476397 ms)

========================================================================
Received Prepare
Refreshing native plugins compatible for Editor in 6,27 ms, found 1 plugins.
Preloading 0 native plugins for Editor in 0,00 ms.
Unloading 15 Unused Serialized files (Serialized files now loaded: 0)
System memory in use before: 48,1 MB.
System memory in use after: 48,1 MB.

Unloading 15 unused Assets to reduce memory usage. Loaded Objects now: 2540.
Total: 14,023528 ms (FindLiveObjects: 1,511239 ms CreateObjectMapping: 0,404134 ms MarkObjects: 11,800102 ms  DeleteObjects: 0,302069 ms)

========================================================================
Received Prepare
Registering precompiled user dll's ...
Registered in 0,004932 seconds.
Begin MonoManager ReloadAssembly
Native extension for LinuxStandalone target not found
Native extension for WindowsStandalone target not found
Native extension for OSXStandalone target not found
Native extension for WebGL target not found
Refreshing native plugins compatible for Editor in 1,08 ms, found 1 plugins.
Preloading 0 native plugins for Editor in 0,00 ms.
Mono: successfully reloaded assembly
- Completed reload, in  2,133 seconds
Platform modules already initialized, skipping
Refreshing native plugins compatible for Editor in 1,07 ms, found 1 plugins.
Preloading 0 native plugins for Editor in 0,00 ms.
Unloading 2033 Unused Serialized files (Serialized files now loaded: 0)
System memory in use before: 88,2 MB.
System memory in use after: 88,1 MB.

Unloading 17 unused Assets to reduce memory usage. Loaded Objects now: 2545.
Total: 6,656138 ms (FindLiveObjects: 0,535183 ms CreateObjectMapping: 0,102463 ms MarkObjects: 5,613929 ms  DeleteObjects: 0,401787 ms)

========================================================================
Received Prepare
Refreshing native plugins compatible for Editor in 5,13 ms, found 1 plugins.
Preloading 0 native plugins for Editor in 0,00 ms.
Unloading 15 Unused Serialized files (Serialized files now loaded: 0)
System memory in use before: 48,1 MB.
System memory in use after: 48,1 MB.

Unloading 15 unused Assets to reduce memory usage. Loaded Objects now: 2545.
Total: 5,968308 ms (FindLiveObjects: 0,564906 ms CreateObjectMapping: 0,103059 ms MarkObjects: 4,988268 ms  DeleteObjects: 0,307401 ms)

========================================================================
Received Prepare
Registering precompiled user dll's ...
Registered in 0,003843 seconds.
Begin MonoManager ReloadAssembly
Native extension for LinuxStandalone target not found
Native extension for WindowsStandalone target not found
Native extension for OSXStandalone target not found
Native extension for WebGL target not found
Refreshing native plugins compatible for Editor in 1,10 ms, found 1 plugins.
Preloading 0 native plugins for Editor in 0,00 ms.
Mono: successfully reloaded assembly
- Completed reload, in  2,094 seconds
Platform modules already initialized, skipping
Refreshing native plugins compatible for Editor in 1,08 ms, found 1 plugins.
Preloading 0 native plugins for Editor in 0,00 ms.
Unloading 2033 Unused Serialized files (Serialized files now loaded: 0)
System memory in use before: 88,2 MB.
System memory in use after: 88,2 MB.

Unloading 17 unused Assets to reduce memory usage. Loaded Objects now: 2550.
Total: 7,165656 ms (FindLiveObjects: 0,568099 ms CreateObjectMapping: 0,102262 ms MarkObjects: 6,088999 ms  DeleteObjects: 0,401523 ms)

========================================================================
Received Prepare
Refreshing native plugins compatible for Editor in 4,90 ms, found 1 plugins.
Preloading 0 native plugins for Editor in 0,00 ms.
Unloading 15 Unused Serialized files (Serialized files now loaded: 0)
System memory in use before: 48,1 MB.
System memory in use after: 48,1 MB.

Unloading 15 unused Assets to reduce memory usage. Loaded Objects now: 2550.
Total: 6,091092 ms (FindLiveObjects: 0,576955 ms CreateObjectMapping: 0,111480 ms MarkObjects: 5,108992 ms  DeleteObjects: 0,289516 ms)

========================================================================
Received Prepare
Registering precompiled user dll's ...
Registered in 0,004656 seconds.
Begin MonoManager ReloadAssembly
Native extension for LinuxStandalone target not found
Native extension for WindowsStandalone target not found
Native extension for OSXStandalone target not found
Native extension for WebGL target not found
Refreshing native plugins compatible for Editor in 1,22 ms, found 1 plugins.
Preloading 0 native plugins for Editor in 0,00 ms.
Mono: successfully reloaded assembly
- Completed reload, in  2,074 seconds
Platform modules already initialized, skipping
Refreshing native plugins compatible for Editor in 1,06 ms, found 1 plugins.
Preloading 0 native plugins for Editor in 0,00 ms.
Unloading 2033 Unused Serialized files (Serialized files now loaded: 0)
System memory in use before: 88,2 MB.
System memory in use after: 88,2 MB.

Unloading 17 unused Assets to reduce memory usage. Loaded Objects now: 2555.
Total: 7,828685 ms (FindLiveObjects: 0,609750 ms CreateObjectMapping: 0,118214 ms MarkObjects: 6,413915 ms  DeleteObjects: 0,672683 ms)

========================================================================
Received Prepare
Refreshing native plugins compatible for Editor in 5,25 ms, found 1 plugins.
Preloading 0 native plugins for Editor in 0,00 ms.
Unloading 15 Unused Serialized files (Serialized files now loaded: 0)
System memory in use before: 48,1 MB.
System memory in use after: 48,1 MB.

Unloading 15 unused Assets to reduce memory usage. Loaded Objects now: 2555.
Total: 6,059482 ms (FindLiveObjects: 0,547757 ms CreateObjectMapping: 0,102423 ms MarkObjects: 4,797780 ms  DeleteObjects: 0,607146 ms)

========================================================================
Received Prepare
Registering precompiled user dll's ...
Registered in 0,004737 seconds.
Begin MonoManager ReloadAssembly
Native extension for LinuxStandalone target not found
Native extension for WindowsStandalone target not found
Native extension for OSXStandalone target not found
Native extension for WebGL target not found
Refreshing native plugins compatible for Editor in 1,07 ms, found 1 plugins.
Preloading 0 native plugins for Editor in 0,00 ms.
Mono: successfully reloaded assembly
- Completed reload, in  1,871 seconds
Platform modules already initialized, skipping
Refreshing native plugins compatible for Editor in 1,06 ms, found 1 plugins.
Preloading 0 native plugins for Editor in 0,00 ms.
Unloading 2033 Unused Serialized files (Serialized files now loaded: 0)
System memory in use before: 88,2 MB.
System memory in use after: 88,2 MB.

Unloading 17 unused Assets to reduce memory usage. Loaded Objects now: 2560.
Total: 7,753030 ms (FindLiveObjects: 0,576873 ms CreateObjectMapping: 0,107803 ms MarkObjects: 6,643195 ms  DeleteObjects: 0,420619 ms)

========================================================================
Received Prepare
Refreshing native plugins compatible for Editor in 8,73 ms, found 1 plugins.
Preloading 0 native plugins for Editor in 0,00 ms.
Unloading 15 Unused Serialized files (Serialized files now loaded: 0)
System memory in use before: 48,1 MB.
System memory in use after: 48,1 MB.

Unloading 15 unused Assets to reduce memory usage. Loaded Objects now: 2560.
Total: 6,115225 ms (FindLiveObjects: 0,586809 ms CreateObjectMapping: 0,112186 ms MarkObjects: 5,067063 ms  DeleteObjects: 0,344863 ms)

========================================================================
Received Prepare
Refreshing native plugins compatible for Editor in 5,17 ms, found 1 plugins.
Preloading 0 native plugins for Editor in 0,00 ms.
Unloading 15 Unused Serialized files (Serialized files now loaded: 0)
System memory in use before: 48,1 MB.
System memory in use after: 48,1 MB.

Unloading 15 unused Assets to reduce memory usage. Loaded Objects now: 2560.
Total: 17,717647 ms (FindLiveObjects: 0,808464 ms CreateObjectMapping: 0,106273 ms MarkObjects: 16,500918 ms  DeleteObjects: 0,298269 ms)

========================================================================
Received Prepare
Registering precompiled user dll's ...
Registered in 0,004005 seconds.
Begin MonoManager ReloadAssembly
Native extension for LinuxStandalone target not found
Native extension for WindowsStandalone target not found
Native extension for OSXStandalone target not found
Native extension for WebGL target not found
Refreshing native plugins compatible for Editor in 1,28 ms, found 1 plugins.
Preloading 0 native plugins for Editor in 0,00 ms.
Mono: successfully reloaded assembly
- Completed reload, in  2,392 seconds
Platform modules already initialized, skipping
Refreshing native plugins compatible for Editor in 1,22 ms, found 1 plugins.
Preloading 0 native plugins for Editor in 0,00 ms.
Unloading 2033 Unused Serialized files (Serialized files now loaded: 0)
System memory in use before: 88,2 MB.
System memory in use after: 88,2 MB.

Unloading 17 unused Assets to reduce memory usage. Loaded Objects now: 2565.
Total: 7,477037 ms (FindLiveObjects: 0,768045 ms CreateObjectMapping: 0,235902 ms MarkObjects: 5,984829 ms  DeleteObjects: 0,483567 ms)

========================================================================
Received Prepare
Refreshing native plugins compatible for Editor in 6,09 ms, found 1 plugins.
Preloading 0 native plugins for Editor in 0,00 ms.
Unloading 15 Unused Serialized files (Serialized files now loaded: 0)
System memory in use before: 48,1 MB.
System memory in use after: 48,1 MB.

Unloading 15 unused Assets to reduce memory usage. Loaded Objects now: 2565.
Total: 5,902805 ms (FindLiveObjects: 0,573138 ms CreateObjectMapping: 0,117136 ms MarkObjects: 4,915977 ms  DeleteObjects: 0,292816 ms)

========================================================================
Received Prepare
Refreshing native plugins compatible for Editor in 7,16 ms, found 1 plugins.
Preloading 0 native plugins for Editor in 0,00 ms.
Unloading 15 Unused Serialized files (Serialized files now loaded: 0)
System memory in use before: 48,1 MB.
System memory in use after: 48,1 MB.

Unloading 15 unused Assets to reduce memory usage. Loaded Objects now: 2565.
Total: 60,143297 ms (FindLiveObjects: 2,825863 ms CreateObjectMapping: 0,175900 ms MarkObjects: 56,491313 ms  DeleteObjects: 0,647402 ms)

========================================================================
Received Prepare
Registering precompiled user dll's ...
Registered in 0,005245 seconds.
Begin MonoManager ReloadAssembly
Native extension for LinuxStandalone target not found
Native extension for WindowsStandalone target not found
Native extension for OSXStandalone target not found
Native extension for WebGL target not found
Refreshing native plugins compatible for Editor in 1,08 ms, found 1 plugins.
Preloading 0 native plugins for Editor in 0,00 ms.
Mono: successfully reloaded assembly
- Completed reload, in  2,482 seconds
Platform modules already initialized, skipping
Refreshing native plugins compatible for Editor in 1,05 ms, found 1 plugins.
Preloading 0 native plugins for Editor in 0,00 ms.
Unloading 2033 Unused Serialized files (Serialized files now loaded: 0)
System memory in use before: 88,2 MB.
System memory in use after: 88,2 MB.

Unloading 17 unused Assets to reduce memory usage. Loaded Objects now: 2570.
Total: 6,573062 ms (FindLiveObjects: 0,542407 ms CreateObjectMapping: 0,102508 ms MarkObjects: 5,621623 ms  DeleteObjects: 0,302602 ms)

========================================================================
Received Prepare
Refreshing native plugins compatible for Editor in 5,54 ms, found 1 plugins.
Preloading 0 native plugins for Editor in 0,00 ms.
Unloading 15 Unused Serialized files (Serialized files now loaded: 0)
System memory in use before: 48,1 MB.
System memory in use after: 48,1 MB.

Unloading 15 unused Assets to reduce memory usage. Loaded Objects now: 2570.
Total: 5,751036 ms (FindLiveObjects: 0,558940 ms CreateObjectMapping: 0,104321 ms MarkObjects: 4,789362 ms  DeleteObjects: 0,294264 ms)

========================================================================
Received Prepare
Registering precompiled user dll's ...
Registered in 0,004350 seconds.
Begin MonoManager ReloadAssembly
Native extension for LinuxStandalone target not found
Native extension for WindowsStandalone target not found
Native extension for OSXStandalone target not found
Native extension for WebGL target not found
Refreshing native plugins compatible for Editor in 1,13 ms, found 1 plugins.
Preloading 0 native plugins for Editor in 0,00 ms.
Mono: successfully reloaded assembly
- Completed reload, in  2,067 seconds
Platform modules already initialized, skipping
Refreshing native plugins compatible for Editor in 1,09 ms, found 1 plugins.
Preloading 0 native plugins for Editor in 0,00 ms.
Unloading 2033 Unused Serialized files (Serialized files now loaded: 0)
System memory in use before: 88,2 MB.
System memory in use after: 88,2 MB.

Unloading 17 unused Assets to reduce memory usage. Loaded Objects now: 2575.
Total: 6,621925 ms (FindLiveObjects: 0,573717 ms CreateObjectMapping: 0,102574 ms MarkObjects: 5,528329 ms  DeleteObjects: 0,412834 ms)

========================================================================
Received Prepare
Registering precompiled user dll's ...
Registered in 0,005059 seconds.
Begin MonoManager ReloadAssembly
Native extension for LinuxStandalone target not found
Native extension for WindowsStandalone target not found
Native extension for OSXStandalone target not found
Native extension for WebGL target not found
Refreshing native plugins compatible for Editor in 1,08 ms, found 1 plugins.
Preloading 0 native plugins for Editor in 0,00 ms.
Mono: successfully reloaded assembly
- Completed reload, in  2,300 seconds
Platform modules already initialized, skipping
Refreshing native plugins compatible for Editor in 1,07 ms, found 1 plugins.
Preloading 0 native plugins for Editor in 0,00 ms.
Unloading 2033 Unused Serialized files (Serialized files now loaded: 0)
System memory in use before: 88,2 MB.
System memory in use after: 88,2 MB.

Unloading 17 unused Assets to reduce memory usage. Loaded Objects now: 2580.
Total: 6,828879 ms (FindLiveObjects: 1,056658 ms CreateObjectMapping: 0,106664 ms MarkObjects: 5,287780 ms  DeleteObjects: 0,374440 ms)

AssetImportWorkerClient::OnTransportError - code=2 error=End of file
