Using pre-set license
Built from '2020.3/staging' branch; Version is '2020.3.6f1 (338bb68529b2) revision 3378102'; Using compiler version '192528614'; Build Type 'Release'
OS: 'Windows 10 Pro for Workstations; OS build 19044.2728; Version 2009; 64bit' Language: 'en' Physical Memory: 32440 MB
BatchMode: 1, IsHumanControllingUs: 0, StartBugReporterOnCrash: 0, Is64bit: 1, IsPro: 0

 COMMAND LINE ARGUMENTS:
C:\Program Files\Unity\Hub\Editor\2020.3.6f1\Editor\Unity.exe
-adb2
-batchMode
-noUpm
-name
AssetImportWorker0
-projectPath
C:/cygwin64/home/ilda-vive/henrylapassat/WallVR/Code/PreWork
-logFile
Logs/AssetImportWorker0.log
-srvPort
61635
Successfully changed project path to: C:/cygwin64/home/ilda-vive/henrylapassat/WallVR/Code/PreWork
C:/cygwin64/home/ilda-vive/henrylapassat/WallVR/Code/PreWork
Using Asset Import Pipeline V2.
Refreshing native plugins compatible for Editor in 34.75 ms, found 1 plugins.
Preloading 0 native plugins for Editor in 0.00 ms.
Initialize engine version: 2020.3.6f1 (338bb68529b2)
[Subsystems] Discovering subsystems at path C:/Program Files/Unity/Hub/Editor/2020.3.6f1/Editor/Data/Resources/UnitySubsystems
[Subsystems] Discovering subsystems at path C:/cygwin64/home/ilda-vive/henrylapassat/WallVR/Code/PreWork/Assets
GfxDevice: creating device client; threaded=0
Direct3D:
    Version:  Direct3D 11.0 [level 11.1]
    Renderer: NVIDIA Quadro P2000 (ID=0x1c30)
    Vendor:   
    VRAM:     5032 MB
    Driver:   31.0.15.1737
Initialize mono
Mono path[0] = 'C:/Program Files/Unity/Hub/Editor/2020.3.6f1/Editor/Data/Managed'
Mono path[1] = 'C:/Program Files/Unity/Hub/Editor/2020.3.6f1/Editor/Data/MonoBleedingEdge/lib/mono/unityjit'
Mono config path = 'C:/Program Files/Unity/Hub/Editor/2020.3.6f1/Editor/Data/MonoBleedingEdge/etc'
Using monoOptions --debugger-agent=transport=dt_socket,embedding=1,server=y,suspend=n,address=127.0.0.1:56736
Begin MonoManager ReloadAssembly
Registering precompiled unity dll's ...
Register platform support module: C:/Program Files/Unity/Hub/Editor/2020.3.6f1/Editor/Data/PlaybackEngines/WindowsStandaloneSupport/UnityEditor.WindowsStandalone.Extensions.dll
Registered in 0.001958 seconds.
Native extension for WindowsStandalone target not found
Refreshing native plugins compatible for Editor in 35.02 ms, found 1 plugins.
Preloading 0 native plugins for Editor in 0.00 ms.
Mono: successfully reloaded assembly
- Completed reload, in  1.714 seconds
Platform modules already initialized, skipping
Registering precompiled user dll's ...
Registered in 0.001074 seconds.
Begin MonoManager ReloadAssembly
Native extension for WindowsStandalone target not found
Refreshing native plugins compatible for Editor in 36.09 ms, found 1 plugins.
Preloading 0 native plugins for Editor in 0.00 ms.
Mono: successfully reloaded assembly
- Completed reload, in  0.930 seconds
Platform modules already initialized, skipping
========================================================================
Worker process is ready to serve import requests
Launched and connected shader compiler UnityShaderCompiler.exe after 0.04 seconds
Refreshing native plugins compatible for Editor in 0.41 ms, found 1 plugins.
Preloading 0 native plugins for Editor in 0.00 ms.
Unloading 1809 Unused Serialized files (Serialized files now loaded: 0)
System memory in use before: 84.9 MB.
System memory in use after: 84.9 MB.

Unloading 24 unused Assets to reduce memory usage. Loaded Objects now: 2251.
Total: 2.513900 ms (FindLiveObjects: 0.237900 ms CreateObjectMapping: 0.062400 ms MarkObjects: 2.062300 ms  DeleteObjects: 0.150300 ms)

========================================================================
Received Import Request.
  path: Assets/Scripts/DragDrop.cs
  artifactKey: Guid(5dcbfaab1ba848f479e1544cacda73db) Importer(815301076,1909f56bfc062723c751e8b465ee728b)
Start importing Assets/Scripts/DragDrop.cs using Guid(5dcbfaab1ba848f479e1544cacda73db) Importer(815301076,1909f56bfc062723c751e8b465ee728b)  -> (artifact id: 'a628b60db230326a3912252805c5e828') in 0.048164 seconds
  Import took 0.051373 seconds .

========================================================================
Received Prepare
Registering precompiled user dll's ...
Registered in 0.000990 seconds.
Begin MonoManager ReloadAssembly
Native extension for WindowsStandalone target not found
Refreshing native plugins compatible for Editor in 0.43 ms, found 1 plugins.
Preloading 0 native plugins for Editor in 0.00 ms.
Mono: successfully reloaded assembly
- Completed reload, in  0.839 seconds
Platform modules already initialized, skipping
Refreshing native plugins compatible for Editor in 0.41 ms, found 1 plugins.
Preloading 0 native plugins for Editor in 0.00 ms.
Unloading 1804 Unused Serialized files (Serialized files now loaded: 0)
System memory in use before: 84.9 MB.
System memory in use after: 84.8 MB.

Unloading 12 unused Assets to reduce memory usage. Loaded Objects now: 2255.
Total: 2.514400 ms (FindLiveObjects: 0.329900 ms CreateObjectMapping: 0.094400 ms MarkObjects: 1.969500 ms  DeleteObjects: 0.118800 ms)

========================================================================
Received Import Request.
  Time since last request: 7.756240 seconds.
  path: Assets/Scripts
  artifactKey: Guid(843396ff1d5733d478d01b26e959f4e1) Importer(815301076,1909f56bfc062723c751e8b465ee728b)
Start importing Assets/Scripts using Guid(843396ff1d5733d478d01b26e959f4e1) Importer(815301076,1909f56bfc062723c751e8b465ee728b)  -> (artifact id: 'b9e18542f8e88e12dd93211b5e1c9ded') in 0.009768 seconds
  Import took 0.012849 seconds .

========================================================================
Received Prepare
Registering precompiled user dll's ...
Registered in 0.001560 seconds.
Begin MonoManager ReloadAssembly
Native extension for WindowsStandalone target not found
Refreshing native plugins compatible for Editor in 0.70 ms, found 1 plugins.
Preloading 0 native plugins for Editor in 0.00 ms.
Mono: successfully reloaded assembly
- Completed reload, in  0.923 seconds
Platform modules already initialized, skipping
Refreshing native plugins compatible for Editor in 0.41 ms, found 1 plugins.
Preloading 0 native plugins for Editor in 0.00 ms.
Unloading 1804 Unused Serialized files (Serialized files now loaded: 0)
System memory in use before: 84.9 MB.
System memory in use after: 84.9 MB.

Unloading 12 unused Assets to reduce memory usage. Loaded Objects now: 2259.
Total: 2.288800 ms (FindLiveObjects: 0.239400 ms CreateObjectMapping: 0.050600 ms MarkObjects: 1.881000 ms  DeleteObjects: 0.116500 ms)

========================================================================
Received Import Request.
  Time since last request: 35.219162 seconds.
  path: Assets/Scripts/DragDrop.cs
  artifactKey: Guid(5dcbfaab1ba848f479e1544cacda73db) Importer(815301076,1909f56bfc062723c751e8b465ee728b)
Start importing Assets/Scripts/DragDrop.cs using Guid(5dcbfaab1ba848f479e1544cacda73db) Importer(815301076,1909f56bfc062723c751e8b465ee728b)  -> (artifact id: 'a9cfcf006b1e02a1a6726d686b1dbcf7') in 0.005212 seconds
  Import took 0.008390 seconds .

========================================================================
Received Import Request.
  Time since last request: 0.011017 seconds.
  path: Assets/Scripts/DragDrop.cs
  artifactKey: Guid(5dcbfaab1ba848f479e1544cacda73db) Importer(815301076,1909f56bfc062723c751e8b465ee728b)
Start importing Assets/Scripts/DragDrop.cs using Guid(5dcbfaab1ba848f479e1544cacda73db) Importer(815301076,1909f56bfc062723c751e8b465ee728b)  -> (artifact id: 'a9cfcf006b1e02a1a6726d686b1dbcf7') in 0.002553 seconds
  Import took 0.005728 seconds .

========================================================================
Received Prepare
Registering precompiled user dll's ...
Registered in 0.002225 seconds.
Begin MonoManager ReloadAssembly
Native extension for WindowsStandalone target not found
Refreshing native plugins compatible for Editor in 0.42 ms, found 1 plugins.
Preloading 0 native plugins for Editor in 0.00 ms.
Mono: successfully reloaded assembly
- Completed reload, in  0.854 seconds
Platform modules already initialized, skipping
Refreshing native plugins compatible for Editor in 0.42 ms, found 1 plugins.
Preloading 0 native plugins for Editor in 0.00 ms.
Unloading 1804 Unused Serialized files (Serialized files now loaded: 0)
System memory in use before: 84.9 MB.
System memory in use after: 84.9 MB.

Unloading 12 unused Assets to reduce memory usage. Loaded Objects now: 2263.
Total: 2.495700 ms (FindLiveObjects: 0.247600 ms CreateObjectMapping: 0.058800 ms MarkObjects: 2.037100 ms  DeleteObjects: 0.151100 ms)

========================================================================
Received Prepare
Registering precompiled user dll's ...
Registered in 0.001115 seconds.
Begin MonoManager ReloadAssembly
Native extension for WindowsStandalone target not found
Refreshing native plugins compatible for Editor in 0.42 ms, found 1 plugins.
Preloading 0 native plugins for Editor in 0.00 ms.
Mono: successfully reloaded assembly
- Completed reload, in  0.813 seconds
Platform modules already initialized, skipping
Refreshing native plugins compatible for Editor in 0.40 ms, found 1 plugins.
Preloading 0 native plugins for Editor in 0.00 ms.
Unloading 1804 Unused Serialized files (Serialized files now loaded: 0)
System memory in use before: 84.9 MB.
System memory in use after: 84.9 MB.

Unloading 12 unused Assets to reduce memory usage. Loaded Objects now: 2267.
Total: 2.485600 ms (FindLiveObjects: 0.326900 ms CreateObjectMapping: 0.056000 ms MarkObjects: 1.975900 ms  DeleteObjects: 0.125400 ms)

AssetImportWorkerClient::OnTransportError - code=2 error=End of file
