Using pre-set license
Desktop is 1366 x 768 @ 60 Hz

 COMMAND LINE ARGUMENTS:
Unity
-adb2
-batchMode
-noUpm
-name
AssetImportWorker0
-projectPath
/home/abel/JvaljerGit/WallVR/Code/WallBase
-logFile
Logs/AssetImportWorker0.log
-srvPort
43151
Successfully changed project path to: /home/abel/JvaljerGit/WallVR/Code/WallBase
/home/abel/JvaljerGit/WallVR/Code/WallBase
Using Asset Import Pipeline V2.
Refreshing native plugins compatible for Editor in 79,40 ms, found 1 plugins.
Preloading 0 native plugins for Editor in 0,00 ms.
Initialize engine version: 2020.3.6f1 (338bb68529b2)
[Subsystems] Discovering subsystems at path /home/abel/Unity/Hub/Editor/2020.3.6f1/Editor/Data/Resources/UnitySubsystems
[Subsystems] Discovering subsystems at path /home/abel/JvaljerGit/WallVR/Code/WallBase/Assets
GLX Extensions: GLX_ARB_context_flush_control GLX_ARB_create_context GLX_ARB_create_context_no_error GLX_ARB_create_context_profile GLX_ARB_create_context_robustness GLX_ARB_fbconfig_float GLX_ARB_framebuffer_sRGB GLX_ARB_get_proc_address GLX_ARB_multisample GLX_EXT_buffer_age GLX_EXT_create_context_es2_profile GLX_EXT_create_context_es_profile GLX_EXT_fbconfig_packed_float GLX_EXT_framebuffer_sRGB GLX_EXT_no_config_context GLX_EXT_swap_control GLX_EXT_swap_control_tear GLX_EXT_texture_from_pixmap GLX_EXT_visual_info GLX_EXT_visual_rating GLX_MESA_copy_sub_buffer GLX_MESA_query_renderer GLX_MESA_swap_control GLX_OML_swap_method GLX_OML_sync_control GLX_SGIS_multisample GLX_SGIX_fbconfig GLX_SGIX_pbuffer GLX_SGIX_visual_select_group GLX_SGI_make_current_read GLX_SGI_video_sync 
Renderer: Mesa Intel(R) UHD Graphics 605 (GLK 3)
Vendor:   Intel
Version:  4.6 (Core Profile) Mesa 22.2.5
GLES:     0
 GL_3DFX_texture_compression_FXT1 GL_AMD_conservative_depth GL_AMD_depth_clamp_separate GL_AMD_draw_buffers_blend GL_AMD_gpu_shader_int64 GL_AMD_multi_draw_indirect GL_AMD_performance_monitor GL_AMD_query_buffer_object GL_AMD_seamless_cubemap_per_texture GL_AMD_shader_stencil_export GL_AMD_shader_trinary_minmax GL_AMD_texture_texture4 GL_AMD_vertex_shader_layer GL_AMD_vertex_shader_viewport_index GL_ANGLE_texture_compression_dxt3 GL_ANGLE_texture_compression_dxt5 GL_ARB_ES2_compatibility GL_ARB_ES3_1_compatibility GL_ARB_ES3_2_compatibility GL_ARB_ES3_compatibility GL_ARB_arrays_of_arrays GL_ARB_base_instance GL_ARB_blend_func_extended GL_ARB_buffer_storage GL_ARB_clear_buffer_object GL_ARB_clear_texture GL_ARB_clip_control GL_ARB_compressed_texture_pixel_storage GL_ARB_compute_shader GL_ARB_compute_variable_group_size GL_ARB_conditional_render_inverted GL_ARB_conservative_depth GL_ARB_copy_buffer GL_ARB_copy_image GL_ARB_cull_distance GL_ARB_debug_output GL_ARB_depth_buffer_float GL_ARB_depth_clamp GL_ARB_d
erivative_control GL_ARB_direct_state_access GL_ARB_draw_buffers GL_ARB_draw_buffers_blend GL_ARB_draw_elements_base_vertex GL_ARB_draw_indirect GL_ARB_draw_instanced GL_ARB_enhanced_layouts GL_ARB_explicit_attrib_location GL_ARB_explicit_uniform_location GL_ARB_fragment_coord_conventions GL_ARB_fragment_layer_viewport GL_ARB_fragment_shader GL_ARB_fragment_shader_interlock GL_ARB_framebuffer_no_attachments GL_ARB_framebuffer_object GL_ARB_framebuffer_sRGB GL_ARB_get_program_binary GL_ARB_get_texture_sub_image GL_ARB_gl_spirv GL_ARB_gpu_shader5 GL_ARB_gpu_shader_fp64 GL_ARB_gpu_shader_int64 GL_ARB_half_float_pixel GL_ARB_half_float_vertex GL_ARB_indirect_parameters GL_ARB_instanced_arrays GL_ARB_internalformat_query GL_ARB_internalformat_query2 GL_ARB_invalidate_subdata GL_ARB_map_buffer_alignment GL_ARB_map_buffer_range GL_ARB_multi_bind GL_ARB_multi_draw_indirect GL_ARB_occlusion_query2 GL_ARB_parallel_shader_compile GL_ARB_pipeline_statistics_query GL_ARB_pixel_buffer_object GL_ARB_point_sprite GL_ARB_pol
ygon_offset_clamp GL_ARB_post_depth_coverage GL_ARB_program_interface_query GL_ARB_provoking_vertex GL_ARB_query_buffer_object GL_ARB_robust_buffer_access_behavior GL_ARB_robustness GL_ARB_sample_shading GL_ARB_sampler_objects GL_ARB_seamless_cube_map GL_ARB_seamless_cubemap_per_texture GL_ARB_separate_shader_objects GL_ARB_shader_atomic_counter_ops GL_ARB_shader_atomic_counters GL_ARB_shader_ballot GL_ARB_shader_bit_encoding GL_ARB_shader_clock GL_ARB_shader_draw_parameters GL_ARB_shader_group_vote GL_ARB_shader_image_load_store GL_ARB_shader_image_size GL_ARB_shader_objects GL_ARB_shader_precision GL_ARB_shader_stencil_export GL_ARB_shader_storage_buffer_object GL_ARB_shader_subroutine GL_ARB_shader_texture_image_samples GL_ARB_shader_texture_lod GL_ARB_shader_viewport_layer_array GL_ARB_shading_language_420pack GL_ARB_shading_language_include GL_ARB_shading_language_packing GL_ARB_spirv_extensions GL_ARB_stencil_texturing GL_ARB_sync GL_ARB_tessellation_shader GL_ARB_texture_barrier GL_ARB_texture_buffer_
object GL_ARB_texture_buffer_object_rgb32 GL_ARB_texture_buffer_range GL_ARB_texture_compression_bptc GL_ARB_texture_compression_rgtc GL_ARB_texture_cube_map_array GL_ARB_texture_filter_anisotropic GL_ARB_texture_float GL_ARB_texture_gather GL_ARB_texture_mirror_clamp_to_edge GL_ARB_texture_multisample GL_ARB_texture_non_power_of_two GL_ARB_texture_query_levels GL_ARB_texture_query_lod GL_ARB_texture_rectangle GL_ARB_texture_rg GL_ARB_texture_rgb10_a2ui GL_ARB_texture_stencil8 GL_ARB_texture_storage GL_ARB_texture_storage_multisample GL_ARB_texture_swizzle GL_ARB_texture_view GL_ARB_timer_query GL_ARB_transform_feedback2 GL_ARB_transform_feedback3 GL_ARB_transform_feedback_instanced GL_ARB_transform_feedback_overflow_query GL_ARB_uniform_buffer_object GL_ARB_vertex_array_bgra GL_ARB_vertex_array_object GL_ARB_vertex_attrib_64bit GL_ARB_vertex_attrib_binding GL_ARB_vertex_buffer_object GL_ARB_vertex_shader GL_ARB_vertex_type_10f_11f_11f_rev GL_ARB_vertex_type_2_10_10_10_rev GL_ARB_viewport_array GL_ATI_blend_
equation_separate GL_ATI_texture_float GL_EXT_EGL_image_storage GL_EXT_EGL_sync GL_EXT_abgr GL_EXT_blend_equation_separate GL_EXT_demote_to_helper_invocation GL_EXT_draw_buffers2 GL_EXT_draw_instanced GL_EXT_framebuffer_blit GL_EXT_framebuffer_multisample GL_EXT_framebuffer_multisample_blit_scaled GL_EXT_framebuffer_object GL_EXT_framebuffer_sRGB GL_EXT_memory_object GL_EXT_memory_object_fd GL_EXT_packed_depth_stencil GL_EXT_packed_float GL_EXT_pixel_buffer_object GL_EXT_polygon_offset_clamp GL_EXT_provoking_vertex GL_EXT_semaphore GL_EXT_semaphore_fd GL_EXT_shader_framebuffer_fetch GL_EXT_shader_framebuffer_fetch_non_coherent GL_EXT_shader_integer_mix GL_EXT_shader_samples_identical GL_EXT_texture_array GL_EXT_texture_compression_dxt1 GL_EXT_texture_compression_rgtc GL_EXT_texture_compression_s3tc GL_EXT_texture_filter_anisotropic GL_EXT_texture_integer GL_EXT_texture_sRGB GL_EXT_texture_sRGB_R8 GL_EXT_texture_sRGB_decode GL_EXT_texture_shadow_lod GL_EXT_texture_shared_exponent GL_EXT_texture_snorm GL_EXT_t
exture_swizzle GL_EXT_timer_query GL_EXT_transform_feedback GL_EXT_vertex_array_bgra GL_EXT_vertex_attrib_64bit GL_IBM_multimode_draw_arrays GL_INTEL_blackhole_render GL_INTEL_conservative_rasterization GL_INTEL_performance_query GL_INTEL_shader_atomic_float_minmax GL_INTEL_shader_integer_functions2 GL_KHR_blend_equation_advanced GL_KHR_blend_equation_advanced_coherent GL_KHR_context_flush_control GL_KHR_debug GL_KHR_no_error GL_KHR_parallel_shader_compile GL_KHR_robust_buffer_access_behavior GL_KHR_robustness GL_KHR_texture_compression_astc_ldr GL_KHR_texture_compression_astc_sliced_3d GL_MESA_framebuffer_flip_y GL_MESA_pack_invert GL_MESA_shader_integer_functions GL_MESA_texture_signed_rgba GL_NV_compute_shader_derivatives GL_NV_conditional_render GL_NV_copy_image GL_NV_depth_clamp GL_NV_fragment_shader_interlock GL_NV_packed_depth_stencil GL_NV_texture_barrier GL_OES_EGL_image GL_S3_s3tc
OPENGL LOG: Creating OpenGL 4.6 graphics device ; Context level  <OpenGL 4.5> ; Context handle -1187094528
Initialize mono
Mono path[0] = '/home/abel/Unity/Hub/Editor/2020.3.6f1/Editor/Data/Managed'
Mono path[1] = '/home/abel/Unity/Hub/Editor/2020.3.6f1/Editor/Data/MonoBleedingEdge/lib/mono/unityjit'
Mono config path = '/home/abel/Unity/Hub/Editor/2020.3.6f1/Editor/Data/MonoBleedingEdge/etc'
Using monoOptions --debugger-agent=transport=dt_socket,embedding=1,server=y,suspend=n,address=127.0.0.1:56268
Begin MonoManager ReloadAssembly
Registering precompiled unity dll's ...
Register platform support module: /home/abel/Unity/Hub/Editor/2020.3.6f1/Editor/Data/PlaybackEngines/WebGLSupport/UnityEditor.WebGL.Extensions.dll
Register platform support module: /home/abel/Unity/Hub/Editor/2020.3.6f1/Editor/Data/PlaybackEngines/MacStandaloneSupport/UnityEditor.OSXStandalone.Extensions.dll
Register platform support module: /home/abel/Unity/Hub/Editor/2020.3.6f1/Editor/Data/PlaybackEngines/WindowsStandaloneSupport/UnityEditor.WindowsStandalone.Extensions.dll
Register platform support module: /home/abel/Unity/Hub/Editor/2020.3.6f1/Editor/Data/PlaybackEngines/LinuxStandaloneSupport/UnityEditor.LinuxStandalone.Extensions.dll
Registered in 0,004018 seconds.
Native extension for LinuxStandalone target not found
Native extension for WindowsStandalone target not found
Native extension for OSXStandalone target not found
Native extension for WebGL target not found
Refreshing native plugins compatible for Editor in 85,55 ms, found 1 plugins.
Preloading 0 native plugins for Editor in 0,00 ms.
Mono: successfully reloaded assembly
- Completed reload, in  4,352 seconds
Platform modules already initialized, skipping
Registering precompiled user dll's ...
Registered in 0,005735 seconds.
Begin MonoManager ReloadAssembly
Native extension for LinuxStandalone target not found
Native extension for WindowsStandalone target not found
Native extension for OSXStandalone target not found
Native extension for WebGL target not found
Refreshing native plugins compatible for Editor in 82,27 ms, found 1 plugins.
Preloading 0 native plugins for Editor in 0,00 ms.
Mono: successfully reloaded assembly
- Completed reload, in  1,969 seconds
Platform modules already initialized, skipping
========================================================================
Worker process is ready to serve import requests
Launched and connected shader compiler UnityShaderCompiler after 0.03 seconds
Refreshing native plugins compatible for Editor in 1,05 ms, found 1 plugins.
Preloading 0 native plugins for Editor in 0,00 ms.
Unloading 2038 Unused Serialized files (Serialized files now loaded: 0)
System memory in use before: 86,9 MB.
System memory in use after: 86,8 MB.

Unloading 30 unused Assets to reduce memory usage. Loaded Objects now: 2476.
Total: 10,719670 ms (FindLiveObjects: 0,871231 ms CreateObjectMapping: 0,399490 ms MarkObjects: 8,159805 ms  DeleteObjects: 1,282965 ms)

========================================================================
Received Import Request.
  path: Assets/Resources/Operator.prefab
  artifactKey: Guid(404107d6bb675422b80c4202d8ca070f) Importer(815301076,1909f56bfc062723c751e8b465ee728b)
Start importing Assets/Resources/Operator.prefab using Guid(404107d6bb675422b80c4202d8ca070f) Importer(815301076,1909f56bfc062723c751e8b465ee728b)  -> (artifact id: 'f7c34665367709222bad64e34e43875f') in 0,055966 seconds
  Import took 0,063179 seconds .

========================================================================
Received Import Request.
  Time since last request: 4,645620 seconds.
  path: Assets/Code/Scripts/Circle.cs
  artifactKey: Guid(e9a48d923a37a3a98bb7ef52ae6fbffd) Importer(815301076,1909f56bfc062723c751e8b465ee728b)
Start importing Assets/Code/Scripts/Circle.cs using Guid(e9a48d923a37a3a98bb7ef52ae6fbffd) Importer(815301076,1909f56bfc062723c751e8b465ee728b)  -> (artifact id: '54c3eb76fb336627eb758e3074a58a06') in 0,002094 seconds
  Import took 0,007749 seconds .

========================================================================
Received Import Request.
  Time since last request: 0,003251 seconds.
  path: Assets/Code/Scripts/Circle.cs
  artifactKey: Guid(e9a48d923a37a3a98bb7ef52ae6fbffd) Importer(815301076,1909f56bfc062723c751e8b465ee728b)
Start importing Assets/Code/Scripts/Circle.cs using Guid(e9a48d923a37a3a98bb7ef52ae6fbffd) Importer(815301076,1909f56bfc062723c751e8b465ee728b)  -> (artifact id: '54c3eb76fb336627eb758e3074a58a06') in 0,002229 seconds
  Import took 0,007910 seconds .

========================================================================
Received Prepare
Refreshing native plugins compatible for Editor in 6,09 ms, found 1 plugins.
Preloading 0 native plugins for Editor in 0,00 ms.
Unloading 15 Unused Serialized files (Serialized files now loaded: 0)
System memory in use before: 46,5 MB.
System memory in use after: 46,5 MB.

Unloading 15 unused Assets to reduce memory usage. Loaded Objects now: 2476.
Total: 6,358716 ms (FindLiveObjects: 0,543368 ms CreateObjectMapping: 0,104371 ms MarkObjects: 5,423547 ms  DeleteObjects: 0,283095 ms)

========================================================================
Received Prepare
Registering precompiled user dll's ...
Registered in 0,005006 seconds.
Begin MonoManager ReloadAssembly
Native extension for LinuxStandalone target not found
Native extension for WindowsStandalone target not found
Native extension for OSXStandalone target not found
Native extension for WebGL target not found
Refreshing native plugins compatible for Editor in 1,08 ms, found 1 plugins.
Preloading 0 native plugins for Editor in 0,00 ms.
Mono: successfully reloaded assembly
- Completed reload, in  1,726 seconds
Platform modules already initialized, skipping
Refreshing native plugins compatible for Editor in 1,11 ms, found 1 plugins.
Preloading 0 native plugins for Editor in 0,00 ms.
Unloading 2032 Unused Serialized files (Serialized files now loaded: 0)
System memory in use before: 86,7 MB.
System memory in use after: 86,7 MB.

Unloading 17 unused Assets to reduce memory usage. Loaded Objects now: 2481.
Total: 9,363464 ms (FindLiveObjects: 0,799896 ms CreateObjectMapping: 0,231955 ms MarkObjects: 7,671148 ms  DeleteObjects: 0,331494 ms)

========================================================================
Received Prepare
Refreshing native plugins compatible for Editor in 8,55 ms, found 1 plugins.
Preloading 0 native plugins for Editor in 0,00 ms.
Unloading 15 Unused Serialized files (Serialized files now loaded: 0)
System memory in use before: 46,7 MB.
System memory in use after: 46,7 MB.

Unloading 15 unused Assets to reduce memory usage. Loaded Objects now: 2481.
Total: 5,331555 ms (FindLiveObjects: 0,591826 ms CreateObjectMapping: 0,105822 ms MarkObjects: 4,365914 ms  DeleteObjects: 0,263734 ms)

========================================================================
Received Import Request.
  Time since last request: 797,483045 seconds.
  path: Assets/Resources/Shape.prefab
  artifactKey: Guid(3f9fda2bfa09ef623915b35dbbfc7bde) Importer(815301076,1909f56bfc062723c751e8b465ee728b)
Start importing Assets/Resources/Shape.prefab using Guid(3f9fda2bfa09ef623915b35dbbfc7bde) Importer(815301076,1909f56bfc062723c751e8b465ee728b)  -> (artifact id: 'ec0956e4f57295a5c1d569508e9eb30c') in 0,250435 seconds
  Import took 0,256863 seconds .

========================================================================
Received Import Request.
  Time since last request: 47,066501 seconds.
  path: Assets/Resources/Shape.prefab
  artifactKey: Guid(3f9fda2bfa09ef623915b35dbbfc7bde) Importer(815301076,1909f56bfc062723c751e8b465ee728b)
Start importing Assets/Resources/Shape.prefab using Guid(3f9fda2bfa09ef623915b35dbbfc7bde) Importer(815301076,1909f56bfc062723c751e8b465ee728b)  -> (artifact id: 'e915e9a6239effdf8fa200faa9e5f1c3') in 0,018593 seconds
  Import took 0,031395 seconds .

========================================================================
Received Import Request.
  Time since last request: 6,863195 seconds.
  path: Assets/Resources/Shape.prefab
  artifactKey: Guid(3f9fda2bfa09ef623915b35dbbfc7bde) Importer(815301076,1909f56bfc062723c751e8b465ee728b)
Start importing Assets/Resources/Shape.prefab using Guid(3f9fda2bfa09ef623915b35dbbfc7bde) Importer(815301076,1909f56bfc062723c751e8b465ee728b)  -> (artifact id: '2cf46ee751dda5855af7055f98e8cead') in 0,013008 seconds
  Import took 0,020392 seconds .

========================================================================
Received Prepare
Refreshing native plugins compatible for Editor in 6,03 ms, found 1 plugins.
Preloading 0 native plugins for Editor in 0,00 ms.
Unloading 15 Unused Serialized files (Serialized files now loaded: 0)
System memory in use before: 48,1 MB.
System memory in use after: 48,1 MB.

Unloading 15 unused Assets to reduce memory usage. Loaded Objects now: 2489.
Total: 9,004317 ms (FindLiveObjects: 0,535233 ms CreateObjectMapping: 0,106403 ms MarkObjects: 7,359612 ms  DeleteObjects: 0,697532 ms)

========================================================================
Received Prepare
Registering precompiled user dll's ...
Registered in 0,055990 seconds.
Begin MonoManager ReloadAssembly
Native extension for LinuxStandalone target not found
Native extension for WindowsStandalone target not found
Native extension for OSXStandalone target not found
Native extension for WebGL target not found
Refreshing native plugins compatible for Editor in 1,10 ms, found 1 plugins.
Preloading 0 native plugins for Editor in 0,00 ms.
Mono: successfully reloaded assembly
- Completed reload, in  1,702 seconds
Platform modules already initialized, skipping
Refreshing native plugins compatible for Editor in 1,07 ms, found 1 plugins.
Preloading 0 native plugins for Editor in 0,00 ms.
Unloading 2032 Unused Serialized files (Serialized files now loaded: 0)
System memory in use before: 88,0 MB.
System memory in use after: 88,0 MB.

Unloading 17 unused Assets to reduce memory usage. Loaded Objects now: 2494.
Total: 8,356663 ms (FindLiveObjects: 1,568729 ms CreateObjectMapping: 0,588900 ms MarkObjects: 5,831382 ms  DeleteObjects: 0,363179 ms)

========================================================================
Received Import Request.
  Time since last request: 124,598699 seconds.
  path: Assets/Photon/PhotonUnityNetworking/Demos/DemoSlotRacer/Kenney Assets/Stylized city/Materials/11 - Default.mat
  artifactKey: Guid(b7d67d7d7ddb88542b23886a4b496c77) Importer(815301076,1909f56bfc062723c751e8b465ee728b)
Start importing Assets/Photon/PhotonUnityNetworking/Demos/DemoSlotRacer/Kenney Assets/Stylized city/Materials/11 - Default.mat using Guid(b7d67d7d7ddb88542b23886a4b496c77) Importer(815301076,1909f56bfc062723c751e8b465ee728b)  -> (artifact id: '5556790e0d1444e87350e094c392049b') in 0,183479 seconds
  Import took 0,189999 seconds .

========================================================================
Received Import Request.
  Time since last request: 0,001255 seconds.
  path: Assets/Photon/PhotonUnityNetworking/Demos/DemoSlotRacer/Kenney Assets/Stylized city/Materials/car.mat
  artifactKey: Guid(c282d31bf082fca4a822239b62ff8257) Importer(815301076,1909f56bfc062723c751e8b465ee728b)
Start importing Assets/Photon/PhotonUnityNetworking/Demos/DemoSlotRacer/Kenney Assets/Stylized city/Materials/car.mat using Guid(c282d31bf082fca4a822239b62ff8257) Importer(815301076,1909f56bfc062723c751e8b465ee728b)  -> (artifact id: '13dafbc6e0d72e5c908988a8df0a8df4') in 0,015623 seconds
  Import took 0,022742 seconds .

========================================================================
Received Import Request.
  Time since last request: 0,001112 seconds.
  path: Assets/Photon/PhotonUnityNetworking/Demos/DemoSlotRacer/Kenney Assets/Stylized city/Materials/leaves_palm_243.mat
  artifactKey: Guid(6fe15af0e28a31a43bf683296709c6b0) Importer(815301076,1909f56bfc062723c751e8b465ee728b)
Start importing Assets/Photon/PhotonUnityNetworking/Demos/DemoSlotRacer/Kenney Assets/Stylized city/Materials/leaves_palm_243.mat using Guid(6fe15af0e28a31a43bf683296709c6b0) Importer(815301076,1909f56bfc062723c751e8b465ee728b)  -> (artifact id: '53d60c248dd4a221b09875b1462ca90b') in 0,016887 seconds
  Import took 0,024044 seconds .

========================================================================
Received Import Request.
  Time since last request: 0,000367 seconds.
  path: Assets/Photon/PhotonUnityNetworking/Demos/DemoSlotRacer/Kenney Assets/Racing Kit/Models/Materials/grey.mat
  artifactKey: Guid(b34ebdee5d4d60b43baa8cb211b29444) Importer(815301076,1909f56bfc062723c751e8b465ee728b)
Start importing Assets/Photon/PhotonUnityNetworking/Demos/DemoSlotRacer/Kenney Assets/Racing Kit/Models/Materials/grey.mat using Guid(b34ebdee5d4d60b43baa8cb211b29444) Importer(815301076,1909f56bfc062723c751e8b465ee728b)  -> (artifact id: '7405e1f8bb75234816c5b9c5ebb3affb') in 0,015344 seconds
  Import took 0,021540 seconds .

========================================================================
Received Import Request.
  Time since last request: 0,000398 seconds.
  path: Assets/Photon/PhotonUnityNetworking/Demos/PunBasics-Tutorial/Materials/UnitTextureGreen12x.mat
  artifactKey: Guid(8c13ddd2bc8fa4e85943376cf7c8bf7d) Importer(815301076,1909f56bfc062723c751e8b465ee728b)
Start importing Assets/Photon/PhotonUnityNetworking/Demos/PunBasics-Tutorial/Materials/UnitTextureGreen12x.mat using Guid(8c13ddd2bc8fa4e85943376cf7c8bf7d) Importer(815301076,1909f56bfc062723c751e8b465ee728b)  -> (artifact id: 'd42cf741502638017669067094ba3f9a') in 0,070954 seconds
  Import took 0,079655 seconds .

========================================================================
Received Import Request.
  Time since last request: 0,000432 seconds.
  path: Assets/Photon/PhotonUnityNetworking/Demos/DemoAsteroids/Materials/WhiteUnlit.mat
  artifactKey: Guid(073b1ee561def20429e655b5c8893ad4) Importer(815301076,1909f56bfc062723c751e8b465ee728b)
Start importing Assets/Photon/PhotonUnityNetworking/Demos/DemoAsteroids/Materials/WhiteUnlit.mat using Guid(073b1ee561def20429e655b5c8893ad4) Importer(815301076,1909f56bfc062723c751e8b465ee728b)  -> (artifact id: '3d5a116b1879d462c7081aa4d2aecee2') in 0,019732 seconds
  Import took 0,026656 seconds .

========================================================================
Received Import Request.
  Time since last request: 0,000407 seconds.
  path: Assets/Photon/PhotonUnityNetworking/Demos/Shared Assets/Materials/Gradient.mat
  artifactKey: Guid(32e7ed8e6b80b884bbed8260b788648b) Importer(815301076,1909f56bfc062723c751e8b465ee728b)
Start importing Assets/Photon/PhotonUnityNetworking/Demos/Shared Assets/Materials/Gradient.mat using Guid(32e7ed8e6b80b884bbed8260b788648b) Importer(815301076,1909f56bfc062723c751e8b465ee728b)  -> (artifact id: 'f2fc9e573f81fc39212351bf98fcc013') in 0,027094 seconds
  Import took 0,033758 seconds .

========================================================================
Received Import Request.
  Time since last request: 0,002410 seconds.
  path: Assets/Photon/PhotonUnityNetworking/Demos/DemoProcedural/Materials/Red.mat
  artifactKey: Guid(ad7ce727a68a61f4897679b81da7b344) Importer(815301076,1909f56bfc062723c751e8b465ee728b)
Start importing Assets/Photon/PhotonUnityNetworking/Demos/DemoProcedural/Materials/Red.mat using Guid(ad7ce727a68a61f4897679b81da7b344) Importer(815301076,1909f56bfc062723c751e8b465ee728b)  -> (artifact id: 'b18545ed78081ead178b7bea187ae955') in 0,017326 seconds
  Import took 0,023786 seconds .

========================================================================
Received Import Request.
  Time since last request: 0,000586 seconds.
  path: Assets/Photon/PhotonUnityNetworking/Demos/DemoAsteroids/Models/Materials/SpaceshipHull.mat
  artifactKey: Guid(de6b3d1666741b24597a4349a143eeb7) Importer(815301076,1909f56bfc062723c751e8b465ee728b)
Start importing Assets/Photon/PhotonUnityNetworking/Demos/DemoAsteroids/Models/Materials/SpaceshipHull.mat using Guid(de6b3d1666741b24597a4349a143eeb7) Importer(815301076,1909f56bfc062723c751e8b465ee728b)  -> (artifact id: '02f3ec35130b52a36a21045eebe37555') in 0,015860 seconds
  Import took 0,022451 seconds .

========================================================================
Received Import Request.
  Time since last request: 0,000324 seconds.
  path: Assets/Photon/PhotonUnityNetworking/Demos/PunBasics-Tutorial/Materials/Red Beam.mat
  artifactKey: Guid(409bf720e9924426b9f253cf037a8f4e) Importer(815301076,1909f56bfc062723c751e8b465ee728b)
Start importing Assets/Photon/PhotonUnityNetworking/Demos/PunBasics-Tutorial/Materials/Red Beam.mat using Guid(409bf720e9924426b9f253cf037a8f4e) Importer(815301076,1909f56bfc062723c751e8b465ee728b)  -> (artifact id: '719ef1bb6751e8383ef0cfb465259b94') in 0,013023 seconds
  Import took 0,019383 seconds .

========================================================================
Received Import Request.
  Time since last request: 0,000399 seconds.
  path: Assets/Photon/PhotonUnityNetworking/Demos/Shared Assets/Animations/Materials/TongueMaterial.mat
  artifactKey: Guid(28498b9ebcb776a46b3c9479a664bfc7) Importer(815301076,1909f56bfc062723c751e8b465ee728b)
Start importing Assets/Photon/PhotonUnityNetworking/Demos/Shared Assets/Animations/Materials/TongueMaterial.mat using Guid(28498b9ebcb776a46b3c9479a664bfc7) Importer(815301076,1909f56bfc062723c751e8b465ee728b)  -> (artifact id: 'a26e1a78f730f2ca509cc8d03280d582') in 0,013141 seconds
  Import took 0,019414 seconds .

========================================================================
Received Import Request.
  Time since last request: 0,000343 seconds.
  path: Assets/Photon/PhotonUnityNetworking/Demos/DemoSlotRacer/Kenney Assets/Racing Kit/Models/Materials/white.mat
  artifactKey: Guid(db16216c3f288ea4eb77dfefecada55a) Importer(815301076,1909f56bfc062723c751e8b465ee728b)
Start importing Assets/Photon/PhotonUnityNetworking/Demos/DemoSlotRacer/Kenney Assets/Racing Kit/Models/Materials/white.mat using Guid(db16216c3f288ea4eb77dfefecada55a) Importer(815301076,1909f56bfc062723c751e8b465ee728b)  -> (artifact id: 'b47436b7672c1ad4186bd544b769444c') in 0,017460 seconds
  Import took 0,023949 seconds .

========================================================================
Received Import Request.
  Time since last request: 0,000350 seconds.
  path: Assets/Photon/PhotonUnityNetworking/Demos/Shared Assets/Skin/eurof35.ttf
  artifactKey: Guid(954746d370bc8934299c8c8267543f4f) Importer(815301076,1909f56bfc062723c751e8b465ee728b)
Start importing Assets/Photon/PhotonUnityNetworking/Demos/Shared Assets/Skin/eurof35.ttf using Guid(954746d370bc8934299c8c8267543f4f) Importer(815301076,1909f56bfc062723c751e8b465ee728b)  -> (artifact id: '00d8299475a4eadecce3c44cf9640c62') in 0,080300 seconds
  Import took 0,086962 seconds .

========================================================================
Received Import Request.
  Time since last request: 0,001017 seconds.
  path: Assets/Photon/PhotonUnityNetworking/Demos/DemoSlotRacer/Kenney Assets/Stylized city/Materials/ground_green.mat
  artifactKey: Guid(fef45cc204351a9458f02ad7c0243f18) Importer(815301076,1909f56bfc062723c751e8b465ee728b)
Start importing Assets/Photon/PhotonUnityNetworking/Demos/DemoSlotRacer/Kenney Assets/Stylized city/Materials/ground_green.mat using Guid(fef45cc204351a9458f02ad7c0243f18) Importer(815301076,1909f56bfc062723c751e8b465ee728b)  -> (artifact id: 'bc4d9d7bd08dbfba240eea9acc1c3f84') in 0,015499 seconds
  Import took 0,021692 seconds .

========================================================================
Received Import Request.
  Time since last request: 0,000339 seconds.
  path: Assets/Photon/PhotonUnityNetworking/Demos/DemoAsteroids/Materials/WhiteSmooth.mat
  artifactKey: Guid(b05171e12835ff84fb155f51d69d7c31) Importer(815301076,1909f56bfc062723c751e8b465ee728b)
Start importing Assets/Photon/PhotonUnityNetworking/Demos/DemoAsteroids/Materials/WhiteSmooth.mat using Guid(b05171e12835ff84fb155f51d69d7c31) Importer(815301076,1909f56bfc062723c751e8b465ee728b)  -> (artifact id: '42ae3716de8b54483dce5bbb5e4198d8') in 0,162147 seconds
  Import took 0,168526 seconds .

========================================================================
Received Import Request.
  Time since last request: 0,000323 seconds.
  path: Assets/Photon/PhotonUnityNetworking/Demos/DemoAsteroids/Materials/FlyerAsteroid.mat
  artifactKey: Guid(968fc57e6928a5448ae7d0644246d534) Importer(815301076,1909f56bfc062723c751e8b465ee728b)
Start importing Assets/Photon/PhotonUnityNetworking/Demos/DemoAsteroids/Materials/FlyerAsteroid.mat using Guid(968fc57e6928a5448ae7d0644246d534) Importer(815301076,1909f56bfc062723c751e8b465ee728b)  -> (artifact id: '1686f25bc3ab3629a5b879c81bced1f5') in 0,113598 seconds
  Import took 0,120329 seconds .

========================================================================
Received Import Request.
  Time since last request: 0,001270 seconds.
  path: Assets/Photon/PhotonUnityNetworking/Demos/DemoSlotRacer/Kenney Assets/Racing Kit/Models/Materials/wall.mat
  artifactKey: Guid(b5e9e0cb388c83440adfb6c0c023ee8b) Importer(815301076,1909f56bfc062723c751e8b465ee728b)
Start importing Assets/Photon/PhotonUnityNetworking/Demos/DemoSlotRacer/Kenney Assets/Racing Kit/Models/Materials/wall.mat using Guid(b5e9e0cb388c83440adfb6c0c023ee8b) Importer(815301076,1909f56bfc062723c751e8b465ee728b)  -> (artifact id: '5ed956eeb66ca7b6aafec2ec3c5c83fa') in 0,087884 seconds
  Import took 0,095712 seconds .

========================================================================
Received Import Request.
  Time since last request: 0,000339 seconds.
  path: Assets/Photon/PhotonUnityNetworking/Demos/DemoProcedural/Materials/Orange.mat
  artifactKey: Guid(09adc4af150569a4cb996354c367b8c8) Importer(815301076,1909f56bfc062723c751e8b465ee728b)
Start importing Assets/Photon/PhotonUnityNetworking/Demos/DemoProcedural/Materials/Orange.mat using Guid(09adc4af150569a4cb996354c367b8c8) Importer(815301076,1909f56bfc062723c751e8b465ee728b)  -> (artifact id: '394bd5f931db86ce4613f116334fdc49') in 0,018000 seconds
  Import took 0,023988 seconds .

========================================================================
Received Import Request.
  Time since last request: 0,000379 seconds.
  path: Assets/Photon/PhotonUnityNetworking/Demos/DemoSlotRacer/Kenney Assets/Racing Kit/Models/Materials/red.mat
  artifactKey: Guid(0d79812c7a78bb641b1ee85ce7da18c1) Importer(815301076,1909f56bfc062723c751e8b465ee728b)
Start importing Assets/Photon/PhotonUnityNetworking/Demos/DemoSlotRacer/Kenney Assets/Racing Kit/Models/Materials/red.mat using Guid(0d79812c7a78bb641b1ee85ce7da18c1) Importer(815301076,1909f56bfc062723c751e8b465ee728b)  -> (artifact id: '7f6f728a240100616e1e16840ea785a4') in 0,016362 seconds
  Import took 0,023146 seconds .

========================================================================
Received Import Request.
  Time since last request: 0,000386 seconds.
  path: Assets/Photon/PhotonUnityNetworking/Demos/Shared Assets/Materials/Robot_Color.mat
  artifactKey: Guid(0aa851515cd3747d6b3b3e461199a2ed) Importer(815301076,1909f56bfc062723c751e8b465ee728b)
Start importing Assets/Photon/PhotonUnityNetworking/Demos/Shared Assets/Materials/Robot_Color.mat using Guid(0aa851515cd3747d6b3b3e461199a2ed) Importer(815301076,1909f56bfc062723c751e8b465ee728b)  -> (artifact id: '7da24dc5e91fe3e76892c78fa43b7f17') in 0,113605 seconds
  Import took 0,119617 seconds .

========================================================================
Received Import Request.
  Time since last request: 0,000568 seconds.
  path: Assets/Photon/PhotonUnityNetworking/Demos/DemoSlotRacer/Kenney Assets/Stylized city/Materials/insides_2.mat
  artifactKey: Guid(9cc3c2bbff5d71d45ab82bdd222f75c3) Importer(815301076,1909f56bfc062723c751e8b465ee728b)
Start importing Assets/Photon/PhotonUnityNetworking/Demos/DemoSlotRacer/Kenney Assets/Stylized city/Materials/insides_2.mat using Guid(9cc3c2bbff5d71d45ab82bdd222f75c3) Importer(815301076,1909f56bfc062723c751e8b465ee728b)  -> (artifact id: 'a834a4e1733709c48bad6fb8da1175d4') in 0,014911 seconds
  Import took 0,021226 seconds .

========================================================================
Received Import Request.
  Time since last request: 0,000370 seconds.
  path: Assets/Photon/PhotonUnityNetworking/Demos/Shared Assets/Materials/UnitCircleTexture.mat
  artifactKey: Guid(80114bc117609cd4e9c988f8692e7a68) Importer(815301076,1909f56bfc062723c751e8b465ee728b)
Start importing Assets/Photon/PhotonUnityNetworking/Demos/Shared Assets/Materials/UnitCircleTexture.mat using Guid(80114bc117609cd4e9c988f8692e7a68) Importer(815301076,1909f56bfc062723c751e8b465ee728b)  -> (artifact id: '8d72633b228ce312146387baf40bb2a3') in 0,406933 seconds
  Import took 0,412981 seconds .

========================================================================
Received Import Request.
  Time since last request: 0,000318 seconds.
  path: Assets/Photon/PhotonUnityNetworking/Demos/DemoSlotRacer/Kenney Assets/Stylized city/Materials/13 - Default54.mat
  artifactKey: Guid(831e4ea6beda02947bdca5aeb8543156) Importer(815301076,1909f56bfc062723c751e8b465ee728b)
Start importing Assets/Photon/PhotonUnityNetworking/Demos/DemoSlotRacer/Kenney Assets/Stylized city/Materials/13 - Default54.mat using Guid(831e4ea6beda02947bdca5aeb8543156) Importer(815301076,1909f56bfc062723c751e8b465ee728b)  -> (artifact id: 'c94d2bd768970664c9cede7b5445233c') in 0,014233 seconds
  Import took 0,020571 seconds .

========================================================================
Received Import Request.
  Time since last request: 0,000342 seconds.
  path: Assets/Photon/PhotonUnityNetworking/Demos/DemoSlotRacer/Kenney Assets/Stylized city/Materials/13 - Default.mat
  artifactKey: Guid(b957742c5b9bfd441b9b330c8b55d0c5) Importer(815301076,1909f56bfc062723c751e8b465ee728b)
Start importing Assets/Photon/PhotonUnityNetworking/Demos/DemoSlotRacer/Kenney Assets/Stylized city/Materials/13 - Default.mat using Guid(b957742c5b9bfd441b9b330c8b55d0c5) Importer(815301076,1909f56bfc062723c751e8b465ee728b)  -> (artifact id: '735e5ccc9857245f5d2109a32b0d1e51') in 0,013046 seconds
  Import took 0,019281 seconds .

========================================================================
Received Import Request.
  Time since last request: 0,000360 seconds.
  path: Assets/Photon/PhotonUnityNetworking/Demos/Shared Assets/Materials/UnitCircleMaterial.mat
  artifactKey: Guid(fb6c12085a6b0a5429029fcd6478a816) Importer(815301076,1909f56bfc062723c751e8b465ee728b)
Start importing Assets/Photon/PhotonUnityNetworking/Demos/Shared Assets/Materials/UnitCircleMaterial.mat using Guid(fb6c12085a6b0a5429029fcd6478a816) Importer(815301076,1909f56bfc062723c751e8b465ee728b)  -> (artifact id: '0529505eb78f70b7c67ba021d0c483c7') in 0,013505 seconds
  Import took 0,019790 seconds .

========================================================================
Received Import Request.
  Time since last request: 0,000330 seconds.
  path: Assets/Photon/PhotonUnityNetworking/Demos/Shared Assets/Materials/UnitTextureBlue.mat
  artifactKey: Guid(1401c9e6acd739e49a9caa91ab07ac7a) Importer(815301076,1909f56bfc062723c751e8b465ee728b)
Start importing Assets/Photon/PhotonUnityNetworking/Demos/Shared Assets/Materials/UnitTextureBlue.mat using Guid(1401c9e6acd739e49a9caa91ab07ac7a) Importer(815301076,1909f56bfc062723c751e8b465ee728b)  -> (artifact id: '45220f382acabc71ad4a54224397fe3a') in 0,016750 seconds
  Import took 0,022988 seconds .

========================================================================
Received Import Request.
  Time since last request: 0,000386 seconds.
  path: Assets/Photon/PhotonUnityNetworking/Demos/DemoSlotRacer/Kenney Assets/Stylized city/Materials/insides_3.mat
  artifactKey: Guid(cdcec2345c1d1af4da10b1c5d9cbff65) Importer(815301076,1909f56bfc062723c751e8b465ee728b)
Start importing Assets/Photon/PhotonUnityNetworking/Demos/DemoSlotRacer/Kenney Assets/Stylized city/Materials/insides_3.mat using Guid(cdcec2345c1d1af4da10b1c5d9cbff65) Importer(815301076,1909f56bfc062723c751e8b465ee728b)  -> (artifact id: '896e2621ce255c6bdf57416846a39823') in 0,020217 seconds
  Import took 0,027545 seconds .

========================================================================
Received Import Request.
  Time since last request: 0,000404 seconds.
  path: Assets/Photon/PhotonUnityNetworking/Demos/Shared Assets/Animations/Materials/SkinMaterial.mat
  artifactKey: Guid(37d0d4d178b5dbf449ff0814718dc354) Importer(815301076,1909f56bfc062723c751e8b465ee728b)
Start importing Assets/Photon/PhotonUnityNetworking/Demos/Shared Assets/Animations/Materials/SkinMaterial.mat using Guid(37d0d4d178b5dbf449ff0814718dc354) Importer(815301076,1909f56bfc062723c751e8b465ee728b)  -> (artifact id: 'ff021c1d51c7f874d429123a61d0e3cb') in 0,015284 seconds
  Import took 0,021756 seconds .

========================================================================
Received Import Request.
  Time since last request: 0,000233 seconds.
  path: Assets/Photon/PhotonUnityNetworking/Demos/DemoProcedural/Materials/Black.mat
  artifactKey: Guid(1598ff147655ecb4893e78f88baa9475) Importer(815301076,1909f56bfc062723c751e8b465ee728b)
Start importing Assets/Photon/PhotonUnityNetworking/Demos/DemoProcedural/Materials/Black.mat using Guid(1598ff147655ecb4893e78f88baa9475) Importer(815301076,1909f56bfc062723c751e8b465ee728b)  -> (artifact id: 'fc9fde9e7f8cb92bf8398ddc722ca3cc') in 0,023416 seconds
  Import took 0,029734 seconds .

========================================================================
Received Import Request.
  Time since last request: 0,000380 seconds.
  path: Assets/Photon/PhotonUnityNetworking/Demos/Shared Assets/Animations/Materials/EyesMaterial.mat
  artifactKey: Guid(ce5a83fcea7762541ba43ca5bd854dae) Importer(815301076,1909f56bfc062723c751e8b465ee728b)
Start importing Assets/Photon/PhotonUnityNetworking/Demos/Shared Assets/Animations/Materials/EyesMaterial.mat using Guid(ce5a83fcea7762541ba43ca5bd854dae) Importer(815301076,1909f56bfc062723c751e8b465ee728b)  -> (artifact id: 'dd18c6e23d3282026992a3527f36641e') in 0,020825 seconds
  Import took 0,027676 seconds .

========================================================================
Received Import Request.
  Time since last request: 0,000479 seconds.
  path: Assets/Photon/PhotonUnityNetworking/Demos/DemoSlotRacer/Kenney Assets/Stylized city/Materials/ground_green232.mat
  artifactKey: Guid(fd4000dd854ad0e40ba2a59fab94cad1) Importer(815301076,1909f56bfc062723c751e8b465ee728b)
Start importing Assets/Photon/PhotonUnityNetworking/Demos/DemoSlotRacer/Kenney Assets/Stylized city/Materials/ground_green232.mat using Guid(fd4000dd854ad0e40ba2a59fab94cad1) Importer(815301076,1909f56bfc062723c751e8b465ee728b)  -> (artifact id: 'f73f52fa1e3ea54c748236370905ca9f') in 0,021693 seconds
  Import took 0,028564 seconds .

========================================================================
Received Import Request.
  Time since last request: 0,000414 seconds.
  path: Assets/Photon/PhotonUnityNetworking/Demos/DemoSlotRacer/Kenney Assets/Stylized city/Materials/22 - Default.mat
  artifactKey: Guid(86080a783905b5740ad2b81f63a2c650) Importer(815301076,1909f56bfc062723c751e8b465ee728b)
Start importing Assets/Photon/PhotonUnityNetworking/Demos/DemoSlotRacer/Kenney Assets/Stylized city/Materials/22 - Default.mat using Guid(86080a783905b5740ad2b81f63a2c650) Importer(815301076,1909f56bfc062723c751e8b465ee728b)  -> (artifact id: '7427d1d3d95c1276e7d65c6a8a7759f1') in 0,016203 seconds
  Import took 0,022787 seconds .

========================================================================
Received Import Request.
  Time since last request: 0,000340 seconds.
  path: Assets/Photon/PhotonUnityNetworking/Demos/DemoSlotRacer/Kenney Assets/Racing Kit/Models/Materials/road.mat
  artifactKey: Guid(4b56a40ac6992974b8aac0882a4c7555) Importer(815301076,1909f56bfc062723c751e8b465ee728b)
Start importing Assets/Photon/PhotonUnityNetworking/Demos/DemoSlotRacer/Kenney Assets/Racing Kit/Models/Materials/road.mat using Guid(4b56a40ac6992974b8aac0882a4c7555) Importer(815301076,1909f56bfc062723c751e8b465ee728b)  -> (artifact id: 'bada8777d590f0658d4aa328fc5f32a1') in 0,015443 seconds
  Import took 0,021642 seconds .

========================================================================
Received Import Request.
  Time since last request: 0,000713 seconds.
  path: Assets/Photon/PhotonUnityNetworking/Demos/DemoAsteroids/Models/Materials/FlyerAsteroid1.mat
  artifactKey: Guid(294f02eac9561704ebe4baa5b1bc4163) Importer(815301076,1909f56bfc062723c751e8b465ee728b)
Start importing Assets/Photon/PhotonUnityNetworking/Demos/DemoAsteroids/Models/Materials/FlyerAsteroid1.mat using Guid(294f02eac9561704ebe4baa5b1bc4163) Importer(815301076,1909f56bfc062723c751e8b465ee728b)  -> (artifact id: 'ac6642f174d897642b844c0e3dcfdbc8') in 0,019297 seconds
  Import took 0,025965 seconds .

========================================================================
Received Import Request.
  Time since last request: 0,000308 seconds.
  path: Assets/Photon/PhotonUnityNetworking/Demos/DemoSlotRacer/Kenney Assets/Stylized city/Materials/tank.mat
  artifactKey: Guid(479cbf10a2ba803449168e0148bcdbb5) Importer(815301076,1909f56bfc062723c751e8b465ee728b)
Start importing Assets/Photon/PhotonUnityNetworking/Demos/DemoSlotRacer/Kenney Assets/Stylized city/Materials/tank.mat using Guid(479cbf10a2ba803449168e0148bcdbb5) Importer(815301076,1909f56bfc062723c751e8b465ee728b)  -> (artifact id: 'ca31dee4073f6b0b398bc47aeb18e738') in 0,016542 seconds
  Import took 0,022597 seconds .

========================================================================
Received Import Request.
  Time since last request: 0,000319 seconds.
  path: Assets/Photon/PhotonUnityNetworking/Demos/DemoProcedural/Materials/LightGreen.mat
  artifactKey: Guid(cd644746d7159df42b0c206b559af881) Importer(815301076,1909f56bfc062723c751e8b465ee728b)
Start importing Assets/Photon/PhotonUnityNetworking/Demos/DemoProcedural/Materials/LightGreen.mat using Guid(cd644746d7159df42b0c206b559af881) Importer(815301076,1909f56bfc062723c751e8b465ee728b)  -> (artifact id: '12cbb5566cf985d60a1733942a6b0500') in 0,016470 seconds
  Import took 0,023719 seconds .

========================================================================
Received Import Request.
  Time since last request: 0,000274 seconds.
  path: Assets/Photon/PhotonUnityNetworking/Demos/Shared Assets/Materials/UnitTextureRed.mat
  artifactKey: Guid(4c506c95d32f3494e9453ef5c0124b0e) Importer(815301076,1909f56bfc062723c751e8b465ee728b)
Start importing Assets/Photon/PhotonUnityNetworking/Demos/Shared Assets/Materials/UnitTextureRed.mat using Guid(4c506c95d32f3494e9453ef5c0124b0e) Importer(815301076,1909f56bfc062723c751e8b465ee728b)  -> (artifact id: 'c8123ba3099a0a5a2f636d009c16f7b1') in 0,015591 seconds
  Import took 0,021838 seconds .

========================================================================
Received Import Request.
  Time since last request: 0,000399 seconds.
  path: Assets/Photon/PhotonUnityNetworking/Demos/Shared Assets/Animations/Materials/SuitMaterial.mat
  artifactKey: Guid(ed4e4079e2e99084d8d914283565fc5c) Importer(815301076,1909f56bfc062723c751e8b465ee728b)
Start importing Assets/Photon/PhotonUnityNetworking/Demos/Shared Assets/Animations/Materials/SuitMaterial.mat using Guid(ed4e4079e2e99084d8d914283565fc5c) Importer(815301076,1909f56bfc062723c751e8b465ee728b)  -> (artifact id: '2d00d206e3d30e9cf5e605017a4c5d3b') in 0,014374 seconds
  Import took 0,022189 seconds .

========================================================================
Received Import Request.
  Time since last request: 0,000355 seconds.
  path: Assets/Photon/PhotonUnityNetworking/Demos/DemoSlotRacer/Kenney Assets/Racing Kit/Models/Materials/grass.mat
  artifactKey: Guid(ba3bddb608259184783916ac7915d5a2) Importer(815301076,1909f56bfc062723c751e8b465ee728b)
Start importing Assets/Photon/PhotonUnityNetworking/Demos/DemoSlotRacer/Kenney Assets/Racing Kit/Models/Materials/grass.mat using Guid(ba3bddb608259184783916ac7915d5a2) Importer(815301076,1909f56bfc062723c751e8b465ee728b)  -> (artifact id: '5af91c16d334dd4d77e4ea620bbba448') in 0,014008 seconds
  Import took 0,021427 seconds .

========================================================================
Received Import Request.
  Time since last request: 0,000786 seconds.
  path: Assets/Photon/PhotonUnityNetworking/Demos/PunBasics-Tutorial/Materials/UnitTextureYellow12x.mat
  artifactKey: Guid(ceba02e8dfaf34474b36fe43b51b69db) Importer(815301076,1909f56bfc062723c751e8b465ee728b)
Start importing Assets/Photon/PhotonUnityNetworking/Demos/PunBasics-Tutorial/Materials/UnitTextureYellow12x.mat using Guid(ceba02e8dfaf34474b36fe43b51b69db) Importer(815301076,1909f56bfc062723c751e8b465ee728b)  -> (artifact id: '44277648ed06f7005ebf26c7452f3a4a') in 0,014810 seconds
  Import took 0,022087 seconds .

========================================================================
Received Import Request.
  Time since last request: 0,000405 seconds.
  path: Assets/Photon/PhotonUnityNetworking/Demos/Shared Assets/Skin/Orbitron Black.ttf
  artifactKey: Guid(495c9e2a934bcc640a8d7427b13cb680) Importer(815301076,1909f56bfc062723c751e8b465ee728b)
Start importing Assets/Photon/PhotonUnityNetworking/Demos/Shared Assets/Skin/Orbitron Black.ttf using Guid(495c9e2a934bcc640a8d7427b13cb680) Importer(815301076,1909f56bfc062723c751e8b465ee728b)  -> (artifact id: '83f255a647640209a4361eb1ddfa4ba0') in 0,027985 seconds
  Import took 0,034539 seconds .

========================================================================
Received Import Request.
  Time since last request: 0,000357 seconds.
  path: Assets/Photon/PhotonUnityNetworking/Demos/DemoAsteroids/Materials/FlyerPlayership.mat
  artifactKey: Guid(99fced4bc2985174cac8512dc765d2bc) Importer(815301076,1909f56bfc062723c751e8b465ee728b)
Start importing Assets/Photon/PhotonUnityNetworking/Demos/DemoAsteroids/Materials/FlyerPlayership.mat using Guid(99fced4bc2985174cac8512dc765d2bc) Importer(815301076,1909f56bfc062723c751e8b465ee728b)  -> (artifact id: 'f6bbdac91adeb0a45c80f1b0d9ad1358') in 0,020575 seconds
  Import took 0,027021 seconds .

========================================================================
Received Import Request.
  Time since last request: 0,000382 seconds.
  path: Assets/Photon/PhotonUnityNetworking/Demos/DemoAsteroids/Models/Materials/Asteroid.mat
  artifactKey: Guid(be2c382f522695c4fa3947ac8e1d4457) Importer(815301076,1909f56bfc062723c751e8b465ee728b)
Start importing Assets/Photon/PhotonUnityNetworking/Demos/DemoAsteroids/Models/Materials/Asteroid.mat using Guid(be2c382f522695c4fa3947ac8e1d4457) Importer(815301076,1909f56bfc062723c751e8b465ee728b)  -> (artifact id: '00882593b2005a02d4ced304670820e0') in 0,023658 seconds
  Import took 0,029851 seconds .

========================================================================
Received Import Request.
  Time since last request: 0,000348 seconds.
  path: Assets/Photon/PhotonUnityNetworking/Demos/DemoSlotRacer/Kenney Assets/Racing Kit/Models/Materials/_defaultMat.mat
  artifactKey: Guid(f0a6a86e908f6204ab518387a784ed36) Importer(815301076,1909f56bfc062723c751e8b465ee728b)
Start importing Assets/Photon/PhotonUnityNetworking/Demos/DemoSlotRacer/Kenney Assets/Racing Kit/Models/Materials/_defaultMat.mat using Guid(f0a6a86e908f6204ab518387a784ed36) Importer(815301076,1909f56bfc062723c751e8b465ee728b)  -> (artifact id: '9f1faf0f0959051ca2b3e9b753d85450') in 0,014689 seconds
  Import took 0,021150 seconds .

========================================================================
Received Import Request.
  Time since last request: 0,000361 seconds.
  path: Assets/Photon/PhotonUnityNetworking/Demos/Shared Assets/Animations/Materials/TeethMaterial.mat
  artifactKey: Guid(17dd34e8a826d0641a0e0f43da1e03a0) Importer(815301076,1909f56bfc062723c751e8b465ee728b)
Start importing Assets/Photon/PhotonUnityNetworking/Demos/Shared Assets/Animations/Materials/TeethMaterial.mat using Guid(17dd34e8a826d0641a0e0f43da1e03a0) Importer(815301076,1909f56bfc062723c751e8b465ee728b)  -> (artifact id: '6f96a26e7321a2a09b88544241d35389') in 0,022448 seconds
  Import took 0,028709 seconds .

========================================================================
Received Import Request.
  Time since last request: 0,000339 seconds.
  path: Assets/Photon/PhotonUnityNetworking/Demos/PunBasics-Tutorial/Materials/UnitTextureRed12x.mat
  artifactKey: Guid(3f171282ef46c4fbea54d9ab581fcb83) Importer(815301076,1909f56bfc062723c751e8b465ee728b)
Start importing Assets/Photon/PhotonUnityNetworking/Demos/PunBasics-Tutorial/Materials/UnitTextureRed12x.mat using Guid(3f171282ef46c4fbea54d9ab581fcb83) Importer(815301076,1909f56bfc062723c751e8b465ee728b)  -> (artifact id: '922668547354f97e9f55dc8293330b6c') in 0,017880 seconds
  Import took 0,024635 seconds .

========================================================================
Received Import Request.
  Time since last request: 0,000352 seconds.
  path: Assets/Photon/PhotonUnityNetworking/Demos/DemoSlotRacer/Kenney Assets/Stylized city/Materials/No Name.mat
  artifactKey: Guid(a773bd7a075f9534e9c9ed1eb6e9a30f) Importer(815301076,1909f56bfc062723c751e8b465ee728b)
Start importing Assets/Photon/PhotonUnityNetworking/Demos/DemoSlotRacer/Kenney Assets/Stylized city/Materials/No Name.mat using Guid(a773bd7a075f9534e9c9ed1eb6e9a30f) Importer(815301076,1909f56bfc062723c751e8b465ee728b)  -> (artifact id: '4678a427d7eeec74f51e2cd0bf800c9b') in 0,021388 seconds
  Import took 0,027998 seconds .

========================================================================
Received Import Request.
  Time since last request: 0,000344 seconds.
  path: Assets/Photon/PhotonUnityNetworking/Demos/DemoSlotRacer/Kenney Assets/Stylized city/Materials/13 - Default22662.mat
  artifactKey: Guid(7d91274cc4a876a439f75445704f421b) Importer(815301076,1909f56bfc062723c751e8b465ee728b)
Start importing Assets/Photon/PhotonUnityNetworking/Demos/DemoSlotRacer/Kenney Assets/Stylized city/Materials/13 - Default22662.mat using Guid(7d91274cc4a876a439f75445704f421b) Importer(815301076,1909f56bfc062723c751e8b465ee728b)  -> (artifact id: 'a34c15357af09ac11fb21f262c29b727') in 0,014834 seconds
  Import took 0,022261 seconds .

========================================================================
Received Import Request.
  Time since last request: 0,000710 seconds.
  path: Assets/Photon/PhotonUnityNetworking/Demos/DemoSlotRacer/Kenney Assets/Racing Kit/Models/Materials/tankco.mat
  artifactKey: Guid(cceec12884c418c4bb19cef32dc2abc1) Importer(815301076,1909f56bfc062723c751e8b465ee728b)
Start importing Assets/Photon/PhotonUnityNetworking/Demos/DemoSlotRacer/Kenney Assets/Racing Kit/Models/Materials/tankco.mat using Guid(cceec12884c418c4bb19cef32dc2abc1) Importer(815301076,1909f56bfc062723c751e8b465ee728b)  -> (artifact id: '47108f1bb889af148a53a8aa931840fc') in 0,024879 seconds
  Import took 0,031276 seconds .

========================================================================
Received Import Request.
  Time since last request: 0,001123 seconds.
  path: Assets/Photon/PhotonUnityNetworking/Demos/DemoSlotRacer/Kenney Assets/Stylized city/Materials/20 - Default.mat
  artifactKey: Guid(4e1a4e79a3548164da24123dbb0f3566) Importer(815301076,1909f56bfc062723c751e8b465ee728b)
Start importing Assets/Photon/PhotonUnityNetworking/Demos/DemoSlotRacer/Kenney Assets/Stylized city/Materials/20 - Default.mat using Guid(4e1a4e79a3548164da24123dbb0f3566) Importer(815301076,1909f56bfc062723c751e8b465ee728b)  -> (artifact id: 'bad69a4970dee9fc00f72044a977caeb') in 0,016727 seconds
  Import took 0,022895 seconds .

========================================================================
Received Import Request.
  Time since last request: 0,000313 seconds.
  path: Assets/Photon/PhotonUnityNetworking/Demos/DemoSlotRacer/Kenney Assets/Stylized city/Materials/24 - Default.mat
  artifactKey: Guid(c14837dfa515883428e5652d93e80c72) Importer(815301076,1909f56bfc062723c751e8b465ee728b)
Start importing Assets/Photon/PhotonUnityNetworking/Demos/DemoSlotRacer/Kenney Assets/Stylized city/Materials/24 - Default.mat using Guid(c14837dfa515883428e5652d93e80c72) Importer(815301076,1909f56bfc062723c751e8b465ee728b)  -> (artifact id: 'af202f27bb906fcbb116b7aca667beb3') in 0,014587 seconds
  Import took 0,021201 seconds .

========================================================================
Received Import Request.
  Time since last request: 0,000914 seconds.
  path: Assets/Photon/PhotonUnityNetworking/Demos/Shared Assets/Materials/UnitTextureBlue12x.mat
  artifactKey: Guid(c676d877ef241ab4686e2f237b1e2f13) Importer(815301076,1909f56bfc062723c751e8b465ee728b)
Start importing Assets/Photon/PhotonUnityNetworking/Demos/Shared Assets/Materials/UnitTextureBlue12x.mat using Guid(c676d877ef241ab4686e2f237b1e2f13) Importer(815301076,1909f56bfc062723c751e8b465ee728b) ./Editor/Platform/Linux/TempStubs.cpp:PlatformImageForIconForExtension
./Editor/Platform/Linux/TempStubs.cpp:PlatformImageForIconForExtension
./Editor/Platform/Linux/TempStubs.cpp:PlatformImageForIconForExtension
./Editor/Platform/Linux/TempStubs.cpp:PlatformImageForIconForExtension
./Editor/Platform/Linux/TempStubs.cpp:PlatformImageForIconForExtension
./Editor/Platform/Linux/TempStubs.cpp:PlatformImageForIconForExtension
./Editor/Platform/Linux/TempStubs.cpp:PlatformImageForIconForExtension
./Editor/Platform/Linux/TempStubs.cpp:PlatformImageForIconForExtension
./Editor/Platform/Linux/TempStubs.cpp:PlatformImageForIconForExtension
./Editor/Platform/Linux/TempStubs.cpp:PlatformImageForIconForExtension
./Editor/Platform/Linux/TempStubs.cpp:PlatformImageForIconForExtension
./Editor/Platform/Linux/TempStubs.cpp:PlatformImageForIconForExtension
./Editor/Platform/Linux/TempStubs.cpp:PlatformImageForIconForExtension
./Editor/Platform/Linux/TempStubs.cpp:PlatformImageForIconForExtension
./Editor/Platform/Linux/TempStubs.cpp:PlatformImageForIconForExtension
./Editor/Platform/Linux/TempStubs.cpp:PlatformImageForIconForExtension
./Editor/Platform/Linux/TempStubs.cpp:PlatformImageForIconForExtension
./Editor/Platform/Linux/TempStubs.cpp:PlatformImageForIconForExtension
./Editor/Platform/Linux/TempStubs.cpp:PlatformImageForIconForExtension
./Editor/Platform/Linux/TempStubs.cpp:PlatformImageForIconForExtension
./Editor/Platform/Linux/TempStubs.cpp:PlatformImageForIconForExtension
./Editor/Platform/Linux/TempStubs.cpp:PlatformImageForIconForExtension
./Editor/Platform/Linux/TempStubs.cpp:PlatformImageForIconForExtension
./Editor/Platform/Linux/TempStubs.cpp:PlatformImageForIconForExtension
./Editor/Platform/Linux/TempStubs.cpp:PlatformImageForIconForExtension
./Editor/Platform/Linux/TempStubs.cpp:PlatformImageForIconForExtension
./Editor/Platform/Linux/TempStubs.cpp:PlatformImageForIconForExtension
./Editor/Platform/Linux/TempStubs.cpp:PlatformImageForIconForExtension
./Editor/Platform/Linux/TempStubs.cpp:PlatformImageForIconForExtension
./Editor/Platform/Linux/TempStubs.cpp:PlatformImageForIconForExtension
./Editor/Platform/Linux/TempStubs.cpp:PlatformImageForIconForExtension
./Editor/Platform/Linux/TempStubs.cpp:PlatformImageForIconForExtension
./Editor/Platform/Linux/TempStubs.cpp:PlatformImageForIconForExtension
./Editor/Platform/Linux/TempStubs.cpp:PlatformImageForIconForExtension
./Editor/Platform/Linux/TempStubs.cpp:PlatformImageForIconForExtension
./Editor/Platform/Linux/TempStubs.cpp:PlatformImageForIconForExtension
./Editor/Platform/Linux/TempStubs.cpp:PlatformImageForIconForExtension
./Editor/Platform/Linux/TempStubs.cpp:PlatformImageForIconForExtension
./Editor/Platform/Linux/TempStubs.cpp:PlatformImageForIconForExtension
./Editor/Platform/Linux/TempStubs.cpp:PlatformImageForIconForExtension
./Editor/Platform/Linux/TempStubs.cpp:PlatformImageForIconForExtension
./Editor/Platform/Linux/TempStubs.cpp:PlatformImageForIconForExtension
./Editor/Platform/Linux/TempStubs.cpp:PlatformImageForIconForExtension
./Editor/Platform/Linux/TempStubs.cpp:PlatformImageForIconForExtension
./Editor/Platform/Linux/TempStubs.cpp:PlatformImageForIconForExtension
./Editor/Platform/Linux/TempStubs.cpp:PlatformImageForIconForExtension
./Editor/Platform/Linux/TempStubs.cpp:PlatformImageForIconForExtension
./Editor/Platform/Linux/TempStubs.cpp:PlatformImageForIconForExtension
./Editor/Platform/Linux/TempStubs.cpp:PlatformImageForIconForExtension
./Editor/Platform/Linux/TempStubs.cpp:PlatformImageForIconForExtension
./Editor/Platform/Linux/TempStubs.cpp:PlatformImageForIconForExtension
./Editor/Platform/Linux/TempStubs.cpp:PlatformImageForIconForExtension
./Editor/Platform/Linux/TempStubs.cpp:PlatformImageForIconForExtension
./Editor/Platform/Linux/TempStubs.cpp:PlatformImageForIconForExtension
./Editor/Platform/Linux/TempStubs.cpp:PlatformImageForIconForExtension
./Editor/Platform/Linux/TempStubs.cpp:PlatformImageForIconForExtension
./Editor/Platform/Linux/TempStubs.cpp:PlatformImageForIconForExtension
./Editor/Platform/Linux/TempStubs.cpp:PlatformIma -> (artifact id: '93d2741296e786522408bb9fa7374f78') in 0,019161 seconds
  Import took 0,025543 seconds .

========================================================================
Received Import Request.
  Time since last request: 0,000410 seconds.
  path: Assets/Photon/PhotonUnityNetworking/Demos/Shared Assets/Skin/Jura-Flat-Material.mat
  artifactKey: Guid(c190da5d14d0e904ba512abe82018576) Importer(815301076,1909f56bfc062723c751e8b465ee728b)
Start importing Assets/Photon/PhotonUnityNetworking/Demos/Shared Assets/Skin/Jura-Flat-Material.mat using Guid(c190da5d14d0e904ba512abe82018576) Importer(815301076,1909f56bfc062723c751e8b465ee728b)  -> (artifact id: '0db5d599c7eca14612590461c5778f42') in 0,022134 seconds
  Import took 0,030084 seconds .

========================================================================
Received Import Request.
  Time since last request: 0,000636 seconds.
  path: Assets/Photon/PhotonUnityNetworking/Demos/DemoAsteroids/Materials/ParticleAfterburner.mat
  artifactKey: Guid(dc1a05fba9a6af241a25a35b4caf5e27) Importer(815301076,1909f56bfc062723c751e8b465ee728b)
Start importing Assets/Photon/PhotonUnityNetworking/Demos/DemoAsteroids/Materials/ParticleAfterburner.mat using Guid(dc1a05fba9a6af241a25a35b4caf5e27) Importer(815301076,1909f56bfc062723c751e8b465ee728b)  -> (artifact id: 'cb137b8ef0662b8b93fabdf15a2132a9') in 0,079367 seconds
  Import took 0,085899 seconds .

========================================================================
Received Import Request.
  Time since last request: 0,000681 seconds.
  path: Assets/Photon/PhotonRealtime/Demos/DemoLoadBalancing/Jura-Medium-LB.ttf
  artifactKey: Guid(4a4df204c321f9c40b0dbfb1baaffb4c) Importer(815301076,1909f56bfc062723c751e8b465ee728b)
Start importing Assets/Photon/PhotonRealtime/Demos/DemoLoadBalancing/Jura-Medium-LB.ttf using Guid(4a4df204c321f9c40b0dbfb1baaffb4c) Importer(815301076,1909f56bfc062723c751e8b465ee728b)  -> (artifact id: '1b73efc86d0d5993122a239ef9ec0b95') in 0,022913 seconds
  Import took 0,028919 seconds .

========================================================================
Received Import Request.
  Time since last request: 0,000413 seconds.
  path: Assets/Photon/PhotonUnityNetworking/Demos/DemoSlotRacer/Kenney Assets/Racing Kit/Models/Materials/bark.mat
  artifactKey: Guid(5b3826dd21e1d2b4a947c774023d1db3) Importer(815301076,1909f56bfc062723c751e8b465ee728b)
Start importing Assets/Photon/PhotonUnityNetworking/Demos/DemoSlotRacer/Kenney Assets/Racing Kit/Models/Materials/bark.mat using Guid(5b3826dd21e1d2b4a947c774023d1db3) Importer(815301076,1909f56bfc062723c751e8b465ee728b)  -> (artifact id: '06ec4a8d549be0e70384d7495fc6e619') in 0,014458 seconds
  Import took 0,021486 seconds .

========================================================================
Received Import Request.
  Time since last request: 0,000382 seconds.
  path: Assets/Photon/PhotonUnityNetworking/Demos/Shared Assets/Materials/PlayerDiamond.mat
  artifactKey: Guid(c597444fc6a08854d89baeeff4ba511d) Importer(815301076,1909f56bfc062723c751e8b465ee728b)
Start importing Assets/Photon/PhotonUnityNetworking/Demos/Shared Assets/Materials/PlayerDiamond.mat using Guid(c597444fc6a08854d89baeeff4ba511d) Importer(815301076,1909f56bfc062723c751e8b465ee728b)  -> (artifact id: '8f7ef3629f784ed108dff5787ee1fd09') in 0,316354 seconds
  Import took 0,323332 seconds .

========================================================================
Received Import Request.
  Time since last request: 0,000323 seconds.
  path: Assets/Photon/PhotonUnityNetworking/Demos/DemoAsteroids/Models/Materials/SpaceshipGlow.mat
  artifactKey: Guid(609dbe3d30c4bf84ca15ce89479d7919) Importer(815301076,1909f56bfc062723c751e8b465ee728b)
Start importing Assets/Photon/PhotonUnityNetworking/Demos/DemoAsteroids/Models/Materials/SpaceshipGlow.mat using Guid(609dbe3d30c4bf84ca15ce89479d7919) Importer(815301076,1909f56bfc062723c751e8b465ee728b)  -> (artifact id: '52f5c0d1bd7c49b18ac85275e6739f62') in 0,065067 seconds
  Import took 0,072332 seconds .

========================================================================
Received Import Request.
  Time since last request: 0,001047 seconds.
  path: Assets/Photon/PhotonUnityNetworking/Demos/DemoSlotRacer/Kenney Assets/Stylized city/Materials/roof.mat
  artifactKey: Guid(ede00b712b6fb134282e1efba44fefd8) Importer(815301076,1909f56bfc062723c751e8b465ee728b)
Start importing Assets/Photon/PhotonUnityNetworking/Demos/DemoSlotRacer/Kenney Assets/Stylized city/Materials/roof.mat using Guid(ede00b712b6fb134282e1efba44fefd8) Importer(815301076,1909f56bfc062723c751e8b465ee728b)  -> (artifact id: 'ee575a656a0fbd2e5d4a194f3a7677f7') in 0,014704 seconds
  Import took 0,021456 seconds .

========================================================================
Received Import Request.
  Time since last request: 0,000344 seconds.
  path: Assets/Photon/PhotonUnityNetworking/Demos/Shared Assets/Skin/Jura-Medium.ttf
  artifactKey: Guid(e00995507c2406448b4c8429136104dd) Importer(815301076,1909f56bfc062723c751e8b465ee728b)
Start importing Assets/Photon/PhotonUnityNetworking/Demos/Shared Assets/Skin/Jura-Medium.ttf using Guid(e00995507c2406448b4c8429136104dd) Importer(815301076,1909f56bfc062723c751e8b465ee728b)  -> (artifact id: 'ad80b14fcf604294122c36cda417323d') in 0,024949 seconds
  Import took 0,031495 seconds .

========================================================================
Received Import Request.
  Time since last request: 3,716041 seconds.
  path: Assets/Photon/PhotonUnityNetworking/Demos/DemoSlotRacer/Kenney Assets/Stylized city/Materials/windows_2.mat
  artifactKey: Guid(db1318ffb13bfef419a8dad09473425d) Importer(815301076,1909f56bfc062723c751e8b465ee728b)
Start importing Assets/Photon/PhotonUnityNetworking/Demos/DemoSlotRacer/Kenney Assets/Stylized city/Materials/windows_2.mat using Guid(db1318ffb13bfef419a8dad09473425d) Importer(815301076,1909f56bfc062723c751e8b465ee728b)  -> (artifact id: 'c9943a2ba08698dc49147bac4352a95f') in 0,046972 seconds
  Import took 0,053425 seconds .

========================================================================
Received Import Request.
  Time since last request: 0,000346 seconds.
  path: Assets/Photon/PhotonUnityNetworking/Demos/DemoProcedural/Materials/Yellow.mat
  artifactKey: Guid(90623549d4482f042ade35d8a0758e35) Importer(815301076,1909f56bfc062723c751e8b465ee728b)
Start importing Assets/Photon/PhotonUnityNetworking/Demos/DemoProcedural/Materials/Yellow.mat using Guid(90623549d4482f042ade35d8a0758e35) Importer(815301076,1909f56bfc062723c751e8b465ee728b)  -> (artifact id: 'bf78a36e8d57c7a30145c08fd6a44807') in 0,013858 seconds
  Import took 0,020484 seconds .

========================================================================
Received Import Request.
  Time since last request: 0,049757 seconds.
  path: Assets/Photon/PhotonUnityNetworking/Demos/DemoSlotRacer/Kenney Assets/Stylized city/Materials/windows_2.mat
  artifactKey: Guid(db1318ffb13bfef419a8dad09473425d) Importer(815301076,1909f56bfc062723c751e8b465ee728b)
Start importing Assets/Photon/PhotonUnityNetworking/Demos/DemoSlotRacer/Kenney Assets/Stylized city/Materials/windows_2.mat using Guid(db1318ffb13bfef419a8dad09473425d) Importer(815301076,1909f56bfc062723c751e8b465ee728b)  -> (artifact id: 'c9943a2ba08698dc49147bac4352a95f') in 0,016848 seconds
  Import took 0,023440 seconds .

========================================================================
Received Import Request.
  Time since last request: 2,593744 seconds.
  path: Assets/Resources/Shape.prefab
  artifactKey: Guid(3f9fda2bfa09ef623915b35dbbfc7bde) Importer(815301076,1909f56bfc062723c751e8b465ee728b)
Start importing Assets/Resources/Shape.prefab using Guid(3f9fda2bfa09ef623915b35dbbfc7bde) Importer(815301076,1909f56bfc062723c751e8b465ee728b)  -> (artifact id: '37d9b44cac3e18eaacc81df0fae11e20') in 0,078212 seconds
  Import took 0,084978 seconds .

========================================================================
Received Prepare
Registering precompiled user dll's ...
Registered in 0,005488 seconds.
Begin MonoManager ReloadAssembly
Native extension for LinuxStandalone target not found
Native extension for WindowsStandalone target not found
Native extension for OSXStandalone target not found
Native extension for WebGL target not found
Refreshing native plugins compatible for Editor in 1,57 ms, found 1 plugins.
Preloading 0 native plugins for Editor in 0,00 ms.
Mono: successfully reloaded assembly
- Completed reload, in  2,082 seconds
Platform modules already initialized, skipping
Refreshing native plugins compatible for Editor in 1,07 ms, found 1 plugins.
Preloading 0 native plugins for Editor in 0,00 ms.
Unloading 2031 Unused Serialized files (Serialized files now loaded: 0)
System memory in use before: 89,9 MB.
System memory in use after: 89,8 MB.

Unloading 19 unused Assets to reduce memory usage. Loaded Objects now: 2544.
Total: 8,160285 ms (FindLiveObjects: 0,601991 ms CreateObjectMapping: 0,124459 ms MarkObjects: 6,711799 ms  DeleteObjects: 0,718637 ms)

========================================================================
Received Import Request.
  Time since last request: 220,960900 seconds.
  path: Assets/Resources/Circle.prefab
  artifactKey: Guid(e3869d12a7890abcb81dfc58424469a9) Importer(815301076,1909f56bfc062723c751e8b465ee728b)
Start importing Assets/Resources/Circle.prefab using Guid(e3869d12a7890abcb81dfc58424469a9) Importer(815301076,1909f56bfc062723c751e8b465ee728b)  -> (artifact id: '60ee0c3e59d7c251bd146dd5728d12a6') in 0,092509 seconds
  Import took 0,098839 seconds .

========================================================================
Received Import Request.
  Time since last request: 6,584546 seconds.
  path: Assets/Resources/Circle.prefab
  artifactKey: Guid(e3869d12a7890abcb81dfc58424469a9) Importer(815301076,1909f56bfc062723c751e8b465ee728b)
Start importing Assets/Resources/Circle.prefab using Guid(e3869d12a7890abcb81dfc58424469a9) Importer(815301076,1909f56bfc062723c751e8b465ee728b)  -> (artifact id: '350f70eb67b4cd7aebc3649af4d0903b') in 0,009556 seconds
  Import took 0,016027 seconds .

========================================================================
Received Import Request.
  Time since last request: 0,089639 seconds.
  path: Assets/Resources/Circle.prefab
  artifactKey: Guid(e3869d12a7890abcb81dfc58424469a9) Importer(815301076,1909f56bfc062723c751e8b465ee728b)
Start importing Assets/Resources/Circle.prefab using Guid(e3869d12a7890abcb81dfc58424469a9) Importer(815301076,1909f56bfc062723c751e8b465ee728b)  -> (artifact id: '350f70eb67b4cd7aebc3649af4d0903b') in 0,005338 seconds
  Import took 0,011188 seconds .

========================================================================
Received Prepare
Registering precompiled user dll's ...
Registered in 0,003730 seconds.
Begin MonoManager ReloadAssembly
Native extension for LinuxStandalone target not found
Native extension for WindowsStandalone target not found
Native extension for OSXStandalone target not found
Native extension for WebGL target not found
Refreshing native plugins compatible for Editor in 1,07 ms, found 1 plugins.
Preloading 0 native plugins for Editor in 0,00 ms.
Mono: successfully reloaded assembly
- Completed reload, in  1,891 seconds
Platform modules already initialized, skipping
Refreshing native plugins compatible for Editor in 1,20 ms, found 1 plugins.
Preloading 0 native plugins for Editor in 0,00 ms.
Unloading 2031 Unused Serialized files (Serialized files now loaded: 0)
System memory in use before: 89,9 MB.
System memory in use after: 89,9 MB.

Unloading 17 unused Assets to reduce memory usage. Loaded Objects now: 2549.
Total: 7,484970 ms (FindLiveObjects: 0,638024 ms CreateObjectMapping: 0,160317 ms MarkObjects: 6,313495 ms  DeleteObjects: 0,369531 ms)

========================================================================
Received Prepare
Registering precompiled user dll's ...
Registered in 0,005133 seconds.
Begin MonoManager ReloadAssembly
Native extension for LinuxStandalone target not found
Native extension for WindowsStandalone target not found
Native extension for OSXStandalone target not found
Native extension for WebGL target not found
Refreshing native plugins compatible for Editor in 1,11 ms, found 1 plugins.
Preloading 0 native plugins for Editor in 0,00 ms.
Mono: successfully reloaded assembly
- Completed reload, in  1,816 seconds
Platform modules already initialized, skipping
Refreshing native plugins compatible for Editor in 1,08 ms, found 1 plugins.
Preloading 0 native plugins for Editor in 0,00 ms.
Unloading 2032 Unused Serialized files (Serialized files now loaded: 0)
System memory in use before: 89,9 MB.
System memory in use after: 89,9 MB.

Unloading 17 unused Assets to reduce memory usage. Loaded Objects now: 2555.
Total: 11,260645 ms (FindLiveObjects: 0,550006 ms CreateObjectMapping: 0,105396 ms MarkObjects: 9,557422 ms  DeleteObjects: 1,034621 ms)

========================================================================
Received Prepare
Registering precompiled user dll's ...
Registered in 0,006083 seconds.
Begin MonoManager ReloadAssembly
Native extension for LinuxStandalone target not found
Native extension for WindowsStandalone target not found
Native extension for OSXStandalone target not found
Native extension for WebGL target not found
Refreshing native plugins compatible for Editor in 1,07 ms, found 1 plugins.
Preloading 0 native plugins for Editor in 0,00 ms.
Mono: successfully reloaded assembly
- Completed reload, in  1,721 seconds
Platform modules already initialized, skipping
Refreshing native plugins compatible for Editor in 1,05 ms, found 1 plugins.
Preloading 0 native plugins for Editor in 0,00 ms.
Unloading 2032 Unused Serialized files (Serialized files now loaded: 0)
System memory in use before: 89,9 MB.
System memory in use after: 89,9 MB.

Unloading 17 unused Assets to reduce memory usage. Loaded Objects now: 2560.
Total: 7,512744 ms (FindLiveObjects: 0,997333 ms CreateObjectMapping: 0,107995 ms MarkObjects: 6,028683 ms  DeleteObjects: 0,375666 ms)

========================================================================
Received Prepare
Refreshing native plugins compatible for Editor in 7,40 ms, found 1 plugins.
Preloading 0 native plugins for Editor in 0,00 ms.
Unloading 15 Unused Serialized files (Serialized files now loaded: 0)
System memory in use before: 49,9 MB.
System memory in use after: 49,9 MB.

Unloading 15 unused Assets to reduce memory usage. Loaded Objects now: 2560.
Total: 6,305096 ms (FindLiveObjects: 0,551083 ms CreateObjectMapping: 0,102504 ms MarkObjects: 5,285932 ms  DeleteObjects: 0,361497 ms)

========================================================================
Received Prepare
Refreshing native plugins compatible for Editor in 4,77 ms, found 1 plugins.
Preloading 0 native plugins for Editor in 0,00 ms.
Unloading 15 Unused Serialized files (Serialized files now loaded: 0)
System memory in use before: 49,9 MB.
System memory in use after: 49,9 MB.

Unloading 15 unused Assets to reduce memory usage. Loaded Objects now: 2560.
Total: 5,939678 ms (FindLiveObjects: 0,556678 ms CreateObjectMapping: 0,104325 ms MarkObjects: 4,978162 ms  DeleteObjects: 0,296460 ms)

========================================================================
Received Prepare
Registering precompiled user dll's ...
Registered in 0,004159 seconds.
Begin MonoManager ReloadAssembly
Native extension for LinuxStandalone target not found
Native extension for WindowsStandalone target not found
Native extension for OSXStandalone target not found
Native extension for WebGL target not found
Refreshing native plugins compatible for Editor in 1,08 ms, found 1 plugins.
Preloading 0 native plugins for Editor in 0,00 ms.
Mono: successfully reloaded assembly
- Completed reload, in  2,210 seconds
Platform modules already initialized, skipping
Refreshing native plugins compatible for Editor in 1,21 ms, found 1 plugins.
Preloading 0 native plugins for Editor in 0,00 ms.
Unloading 2032 Unused Serialized files (Serialized files now loaded: 0)
System memory in use before: 89,9 MB.
System memory in use after: 89,9 MB.

Unloading 17 unused Assets to reduce memory usage. Loaded Objects now: 2565.
Total: 7,964962 ms (FindLiveObjects: 0,571545 ms CreateObjectMapping: 0,102117 ms MarkObjects: 6,743132 ms  DeleteObjects: 0,543591 ms)

========================================================================
Received Prepare
Refreshing native plugins compatible for Editor in 5,25 ms, found 1 plugins.
Preloading 0 native plugins for Editor in 0,00 ms.
Unloading 15 Unused Serialized files (Serialized files now loaded: 0)
System memory in use before: 49,9 MB.
System memory in use after: 49,9 MB.

Unloading 15 unused Assets to reduce memory usage. Loaded Objects now: 2565.
Total: 6,545781 ms (FindLiveObjects: 0,604817 ms CreateObjectMapping: 0,130442 ms MarkObjects: 5,508759 ms  DeleteObjects: 0,298432 ms)

========================================================================
Received Prepare
Refreshing native plugins compatible for Editor in 5,27 ms, found 1 plugins.
Preloading 0 native plugins for Editor in 0,00 ms.
Unloading 15 Unused Serialized files (Serialized files now loaded: 0)
System memory in use before: 49,9 MB.
System memory in use after: 49,9 MB.

Unloading 15 unused Assets to reduce memory usage. Loaded Objects now: 2565.
Total: 6,563968 ms (FindLiveObjects: 0,563642 ms CreateObjectMapping: 0,118146 ms MarkObjects: 5,566985 ms  DeleteObjects: 0,311009 ms)

========================================================================
Received Import Request.
  Time since last request: 3629,061947 seconds.
  path: Assets/Resources/Circle.prefab
  artifactKey: Guid(e3869d12a7890abcb81dfc58424469a9) Importer(815301076,1909f56bfc062723c751e8b465ee728b)
Start importing Assets/Resources/Circle.prefab using Guid(e3869d12a7890abcb81dfc58424469a9) Importer(815301076,1909f56bfc062723c751e8b465ee728b)  -> (artifact id: '100d6a05df7610af91bdd976c32d4ca0') in 0,067798 seconds
  Import took 0,077108 seconds .

========================================================================
Received Prepare
Refreshing native plugins compatible for Editor in 4,81 ms, found 1 plugins.
Preloading 0 native plugins for Editor in 0,00 ms.
Unloading 15 Unused Serialized files (Serialized files now loaded: 0)
System memory in use before: 49,9 MB.
System memory in use after: 49,9 MB.

Unloading 15 unused Assets to reduce memory usage. Loaded Objects now: 2565.
Total: 7,519184 ms (FindLiveObjects: 0,589418 ms CreateObjectMapping: 0,104546 ms MarkObjects: 6,519455 ms  DeleteObjects: 0,301530 ms)

========================================================================
Received Prepare
Registering precompiled user dll's ...
Registered in 0,005381 seconds.
Begin MonoManager ReloadAssembly
Native extension for LinuxStandalone target not found
Native extension for WindowsStandalone target not found
Native extension for OSXStandalone target not found
Native extension for WebGL target not found
Refreshing native plugins compatible for Editor in 1,09 ms, found 1 plugins.
Preloading 0 native plugins for Editor in 0,00 ms.
Mono: successfully reloaded assembly
- Completed reload, in  2,043 seconds
Platform modules already initialized, skipping
Refreshing native plugins compatible for Editor in 1,08 ms, found 1 plugins.
Preloading 0 native plugins for Editor in 0,00 ms.
Unloading 2032 Unused Serialized files (Serialized files now loaded: 0)
System memory in use before: 90,0 MB.
System memory in use after: 89,9 MB.

Unloading 17 unused Assets to reduce memory usage. Loaded Objects now: 2570.
Total: 7,454644 ms (FindLiveObjects: 0,573112 ms CreateObjectMapping: 0,104558 ms MarkObjects: 6,365385 ms  DeleteObjects: 0,407976 ms)

========================================================================
Received Prepare
Refreshing native plugins compatible for Editor in 4,94 ms, found 1 plugins.
Preloading 0 native plugins for Editor in 0,00 ms.
Unloading 15 Unused Serialized files (Serialized files now loaded: 0)
System memory in use before: 49,9 MB.
System memory in use after: 49,9 MB.

Unloading 15 unused Assets to reduce memory usage. Loaded Objects now: 2570.
Total: 5,638044 ms (FindLiveObjects: 0,546313 ms CreateObjectMapping: 0,102234 ms MarkObjects: 4,688562 ms  DeleteObjects: 0,297193 ms)

========================================================================
Received Import Request.
  Time since last request: 236,443933 seconds.
  path: Assets/Resources/Circle.prefab
  artifactKey: Guid(e3869d12a7890abcb81dfc58424469a9) Importer(815301076,1909f56bfc062723c751e8b465ee728b)
Start importing Assets/Resources/Circle.prefab using Guid(e3869d12a7890abcb81dfc58424469a9) Importer(815301076,1909f56bfc062723c751e8b465ee728b)  -> (artifact id: '90c7c8e3487d48faed46166dd6814b34') in 0,649501 seconds
  Import took 0,657621 seconds .

========================================================================
Received Import Request.
  Time since last request: 3,872728 seconds.
  path: Assets/Resources/Circle.prefab
  artifactKey: Guid(e3869d12a7890abcb81dfc58424469a9) Importer(815301076,1909f56bfc062723c751e8b465ee728b)
Start importing Assets/Resources/Circle.prefab using Guid(e3869d12a7890abcb81dfc58424469a9) Importer(815301076,1909f56bfc062723c751e8b465ee728b)  -> (artifact id: 'e07c4bd11252a75c07b7b56c87845e4d') in 0,021703 seconds
  Import took 0,029163 seconds .

========================================================================
Received Prepare
Refreshing native plugins compatible for Editor in 6,73 ms, found 1 plugins.
Preloading 0 native plugins for Editor in 0,00 ms.
Unloading 15 Unused Serialized files (Serialized files now loaded: 0)
System memory in use before: 50,0 MB.
System memory in use after: 50,0 MB.

Unloading 15 unused Assets to reduce memory usage. Loaded Objects now: 2571.
Total: 7,668412 ms (FindLiveObjects: 0,550580 ms CreateObjectMapping: 0,101664 ms MarkObjects: 6,715605 ms  DeleteObjects: 0,296404 ms)

AssetImportWorkerClient::OnTransportError - code=2 error=End of file
