Using pre-set license
Desktop is 1366 x 768 @ 60 Hz

 COMMAND LINE ARGUMENTS:
Unity
-adb2
-batchMode
-noUpm
-name
AssetImportWorker0
-projectPath
/home/abel/JvaljerGit/WallVR/Code/WallBase
-logFile
Logs/AssetImportWorker0.log
-srvPort
39563
Successfully changed project path to: /home/abel/JvaljerGit/WallVR/Code/WallBase
/home/abel/JvaljerGit/WallVR/Code/WallBase
Using Asset Import Pipeline V2.
Refreshing native plugins compatible for Editor in 125,83 ms, found 1 plugins.
Preloading 0 native plugins for Editor in 0,00 ms.
Initialize engine version: 2020.3.6f1 (338bb68529b2)
[Subsystems] Discovering subsystems at path /home/abel/Unity/Hub/Editor/2020.3.6f1/Editor/Data/Resources/UnitySubsystems
[Subsystems] Discovering subsystems at path /home/abel/JvaljerGit/WallVR/Code/WallBase/Assets
GLX Extensions: GLX_ARB_context_flush_control GLX_ARB_create_context GLX_ARB_create_context_no_error GLX_ARB_create_context_profile GLX_ARB_create_context_robustness GLX_ARB_fbconfig_float GLX_ARB_framebuffer_sRGB GLX_ARB_get_proc_address GLX_ARB_multisample GLX_EXT_buffer_age GLX_EXT_create_context_es2_profile GLX_EXT_create_context_es_profile GLX_EXT_fbconfig_packed_float GLX_EXT_framebuffer_sRGB GLX_EXT_no_config_context GLX_EXT_swap_control GLX_EXT_swap_control_tear GLX_EXT_texture_from_pixmap GLX_EXT_visual_info GLX_EXT_visual_rating GLX_MESA_copy_sub_buffer GLX_MESA_query_renderer GLX_MESA_swap_control GLX_OML_swap_method GLX_OML_sync_control GLX_SGIS_multisample GLX_SGIX_fbconfig GLX_SGIX_pbuffer GLX_SGIX_visual_select_group GLX_SGI_make_current_read GLX_SGI_video_sync 
Renderer: Mesa Intel(R) UHD Graphics 605 (GLK 3)
Vendor:   Intel
Version:  4.6 (Core Profile) Mesa 22.2.5
GLES:     0
 GL_3DFX_texture_compression_FXT1 GL_AMD_conservative_depth GL_AMD_depth_clamp_separate GL_AMD_draw_buffers_blend GL_AMD_gpu_shader_int64 GL_AMD_multi_draw_indirect GL_AMD_performance_monitor GL_AMD_query_buffer_object GL_AMD_seamless_cubemap_per_texture GL_AMD_shader_stencil_export GL_AMD_shader_trinary_minmax GL_AMD_texture_texture4 GL_AMD_vertex_shader_layer GL_AMD_vertex_shader_viewport_index GL_ANGLE_texture_compression_dxt3 GL_ANGLE_texture_compression_dxt5 GL_ARB_ES2_compatibility GL_ARB_ES3_1_compatibility GL_ARB_ES3_2_compatibility GL_ARB_ES3_compatibility GL_ARB_arrays_of_arrays GL_ARB_base_instance GL_ARB_blend_func_extended GL_ARB_buffer_storage GL_ARB_clear_buffer_object GL_ARB_clear_texture GL_ARB_clip_control GL_ARB_compressed_texture_pixel_storage GL_ARB_compute_shader GL_ARB_compute_variable_group_size GL_ARB_conditional_render_inverted GL_ARB_conservative_depth GL_ARB_copy_buffer GL_ARB_copy_image GL_ARB_cull_distance GL_ARB_debug_output GL_ARB_depth_buffer_float GL_ARB_depth_clamp GL_ARB_d
erivative_control GL_ARB_direct_state_access GL_ARB_draw_buffers GL_ARB_draw_buffers_blend GL_ARB_draw_elements_base_vertex GL_ARB_draw_indirect GL_ARB_draw_instanced GL_ARB_enhanced_layouts GL_ARB_explicit_attrib_location GL_ARB_explicit_uniform_location GL_ARB_fragment_coord_conventions GL_ARB_fragment_layer_viewport GL_ARB_fragment_shader GL_ARB_fragment_shader_interlock GL_ARB_framebuffer_no_attachments GL_ARB_framebuffer_object GL_ARB_framebuffer_sRGB GL_ARB_get_program_binary GL_ARB_get_texture_sub_image GL_ARB_gl_spirv GL_ARB_gpu_shader5 GL_ARB_gpu_shader_fp64 GL_ARB_gpu_shader_int64 GL_ARB_half_float_pixel GL_ARB_half_float_vertex GL_ARB_indirect_parameters GL_ARB_instanced_arrays GL_ARB_internalformat_query GL_ARB_internalformat_query2 GL_ARB_invalidate_subdata GL_ARB_map_buffer_alignment GL_ARB_map_buffer_range GL_ARB_multi_bind GL_ARB_multi_draw_indirect GL_ARB_occlusion_query2 GL_ARB_parallel_shader_compile GL_ARB_pipeline_statistics_query GL_ARB_pixel_buffer_object GL_ARB_point_sprite GL_ARB_pol
ygon_offset_clamp GL_ARB_post_depth_coverage GL_ARB_program_interface_query GL_ARB_provoking_vertex GL_ARB_query_buffer_object GL_ARB_robust_buffer_access_behavior GL_ARB_robustness GL_ARB_sample_shading GL_ARB_sampler_objects GL_ARB_seamless_cube_map GL_ARB_seamless_cubemap_per_texture GL_ARB_separate_shader_objects GL_ARB_shader_atomic_counter_ops GL_ARB_shader_atomic_counters GL_ARB_shader_ballot GL_ARB_shader_bit_encoding GL_ARB_shader_clock GL_ARB_shader_draw_parameters GL_ARB_shader_group_vote GL_ARB_shader_image_load_store GL_ARB_shader_image_size GL_ARB_shader_objects GL_ARB_shader_precision GL_ARB_shader_stencil_export GL_ARB_shader_storage_buffer_object GL_ARB_shader_subroutine GL_ARB_shader_texture_image_samples GL_ARB_shader_texture_lod GL_ARB_shader_viewport_layer_array GL_ARB_shading_language_420pack GL_ARB_shading_language_include GL_ARB_shading_language_packing GL_ARB_spirv_extensions GL_ARB_stencil_texturing GL_ARB_sync GL_ARB_tessellation_shader GL_ARB_texture_barrier GL_ARB_texture_buffer_
object GL_ARB_texture_buffer_object_rgb32 GL_ARB_texture_buffer_range GL_ARB_texture_compression_bptc GL_ARB_texture_compression_rgtc GL_ARB_texture_cube_map_array GL_ARB_texture_filter_anisotropic GL_ARB_texture_float GL_ARB_texture_gather GL_ARB_texture_mirror_clamp_to_edge GL_ARB_texture_multisample GL_ARB_texture_non_power_of_two GL_ARB_texture_query_levels GL_ARB_texture_query_lod GL_ARB_texture_rectangle GL_ARB_texture_rg GL_ARB_texture_rgb10_a2ui GL_ARB_texture_stencil8 GL_ARB_texture_storage GL_ARB_texture_storage_multisample GL_ARB_texture_swizzle GL_ARB_texture_view GL_ARB_timer_query GL_ARB_transform_feedback2 GL_ARB_transform_feedback3 GL_ARB_transform_feedback_instanced GL_ARB_transform_feedback_overflow_query GL_ARB_uniform_buffer_object GL_ARB_vertex_array_bgra GL_ARB_vertex_array_object GL_ARB_vertex_attrib_64bit GL_ARB_vertex_attrib_binding GL_ARB_vertex_buffer_object GL_ARB_vertex_shader GL_ARB_vertex_type_10f_11f_11f_rev GL_ARB_vertex_type_2_10_10_10_rev GL_ARB_viewport_array GL_ATI_blend_
equation_separate GL_ATI_texture_float GL_EXT_EGL_image_storage GL_EXT_EGL_sync GL_EXT_abgr GL_EXT_blend_equation_separate GL_EXT_demote_to_helper_invocation GL_EXT_draw_buffers2 GL_EXT_draw_instanced GL_EXT_framebuffer_blit GL_EXT_framebuffer_multisample GL_EXT_framebuffer_multisample_blit_scaled GL_EXT_framebuffer_object GL_EXT_framebuffer_sRGB GL_EXT_memory_object GL_EXT_memory_object_fd GL_EXT_packed_depth_stencil GL_EXT_packed_float GL_EXT_pixel_buffer_object GL_EXT_polygon_offset_clamp GL_EXT_provoking_vertex GL_EXT_semaphore GL_EXT_semaphore_fd GL_EXT_shader_framebuffer_fetch GL_EXT_shader_framebuffer_fetch_non_coherent GL_EXT_shader_integer_mix GL_EXT_shader_samples_identical GL_EXT_texture_array GL_EXT_texture_compression_dxt1 GL_EXT_texture_compression_rgtc GL_EXT_texture_compression_s3tc GL_EXT_texture_filter_anisotropic GL_EXT_texture_integer GL_EXT_texture_sRGB GL_EXT_texture_sRGB_R8 GL_EXT_texture_sRGB_decode GL_EXT_texture_shadow_lod GL_EXT_texture_shared_exponent GL_EXT_texture_snorm GL_EXT_t
exture_swizzle GL_EXT_timer_query GL_EXT_transform_feedback GL_EXT_vertex_array_bgra GL_EXT_vertex_attrib_64bit GL_IBM_multimode_draw_arrays GL_INTEL_blackhole_render GL_INTEL_conservative_rasterization GL_INTEL_performance_query GL_INTEL_shader_atomic_float_minmax GL_INTEL_shader_integer_functions2 GL_KHR_blend_equation_advanced GL_KHR_blend_equation_advanced_coherent GL_KHR_context_flush_control GL_KHR_debug GL_KHR_no_error GL_KHR_parallel_shader_compile GL_KHR_robust_buffer_access_behavior GL_KHR_robustness GL_KHR_texture_compression_astc_ldr GL_KHR_texture_compression_astc_sliced_3d GL_MESA_framebuffer_flip_y GL_MESA_pack_invert GL_MESA_shader_integer_functions GL_MESA_texture_signed_rgba GL_NV_compute_shader_derivatives GL_NV_conditional_render GL_NV_copy_image GL_NV_depth_clamp GL_NV_fragment_shader_interlock GL_NV_packed_depth_stencil GL_NV_texture_barrier GL_OES_EGL_image GL_S3_s3tc
OPENGL LOG: Creating OpenGL 4.6 graphics device ; Context level  <OpenGL 4.5> ; Context handle 27755488
Initialize mono
Mono path[0] = '/home/abel/Unity/Hub/Editor/2020.3.6f1/Editor/Data/Managed'
Mono path[1] = '/home/abel/Unity/Hub/Editor/2020.3.6f1/Editor/Data/MonoBleedingEdge/lib/mono/unityjit'
Mono config path = '/home/abel/Unity/Hub/Editor/2020.3.6f1/Editor/Data/MonoBleedingEdge/etc'
Using monoOptions --debugger-agent=transport=dt_socket,embedding=1,server=y,suspend=n,address=127.0.0.1:56934
Begin MonoManager ReloadAssembly
Registering precompiled unity dll's ...
Register platform support module: /home/abel/Unity/Hub/Editor/2020.3.6f1/Editor/Data/PlaybackEngines/WebGLSupport/UnityEditor.WebGL.Extensions.dll
Register platform support module: /home/abel/Unity/Hub/Editor/2020.3.6f1/Editor/Data/PlaybackEngines/MacStandaloneSupport/UnityEditor.OSXStandalone.Extensions.dll
Register platform support module: /home/abel/Unity/Hub/Editor/2020.3.6f1/Editor/Data/PlaybackEngines/WindowsStandaloneSupport/UnityEditor.WindowsStandalone.Extensions.dll
Register platform support module: /home/abel/Unity/Hub/Editor/2020.3.6f1/Editor/Data/PlaybackEngines/LinuxStandaloneSupport/UnityEditor.LinuxStandalone.Extensions.dll
Registered in 0,011833 seconds.
Native extension for LinuxStandalone target not found
Native extension for WindowsStandalone target not found
Native extension for OSXStandalone target not found
Native extension for WebGL target not found
Refreshing native plugins compatible for Editor in 86,21 ms, found 1 plugins.
Preloading 0 native plugins for Editor in 0,00 ms.
Mono: successfully reloaded assembly
- Completed reload, in  4,550 seconds
Platform modules already initialized, skipping
Registering precompiled user dll's ...
Registered in 0,006950 seconds.
Begin MonoManager ReloadAssembly
Native extension for LinuxStandalone target not found
Native extension for WindowsStandalone target not found
Native extension for OSXStandalone target not found
Native extension for WebGL target not found
Refreshing native plugins compatible for Editor in 80,74 ms, found 1 plugins.
Preloading 0 native plugins for Editor in 0,00 ms.
Mono: successfully reloaded assembly
- Completed reload, in  2,321 seconds
Platform modules already initialized, skipping
========================================================================
Worker process is ready to serve import requests
Launched and connected shader compiler UnityShaderCompiler after 0.03 seconds
Refreshing native plugins compatible for Editor in 1,04 ms, found 1 plugins.
Preloading 0 native plugins for Editor in 0,00 ms.
Unloading 2036 Unused Serialized files (Serialized files now loaded: 0)
System memory in use before: 86,8 MB.
System memory in use after: 86,7 MB.

Unloading 30 unused Assets to reduce memory usage. Loaded Objects now: 2474.
Total: 5,913233 ms (FindLiveObjects: 0,563514 ms CreateObjectMapping: 0,131216 ms MarkObjects: 4,685608 ms  DeleteObjects: 0,530467 ms)

========================================================================
Received Import Request.
  path: Assets/Resources/Operator.prefab
  artifactKey: Guid(404107d6bb675422b80c4202d8ca070f) Importer(815301076,1909f56bfc062723c751e8b465ee728b)
Start importing Assets/Resources/Operator.prefab using Guid(404107d6bb675422b80c4202d8ca070f) Importer(815301076,1909f56bfc062723c751e8b465ee728b)  -> (artifact id: '4d3d129b755a1a003a1f16c48f938108') in 0,052276 seconds
  Import took 0,058891 seconds .

========================================================================
Received Prepare
Registering precompiled user dll's ...
Registered in 0,003515 seconds.
Begin MonoManager ReloadAssembly
Native extension for LinuxStandalone target not found
Native extension for WindowsStandalone target not found
Native extension for OSXStandalone target not found
Native extension for WebGL target not found
Refreshing native plugins compatible for Editor in 1,09 ms, found 1 plugins.
Preloading 0 native plugins for Editor in 0,00 ms.
Mono: successfully reloaded assembly
- Completed reload, in  1,673 seconds
Platform modules already initialized, skipping
Refreshing native plugins compatible for Editor in 1,03 ms, found 1 plugins.
Preloading 0 native plugins for Editor in 0,00 ms.
Unloading 2030 Unused Serialized files (Serialized files now loaded: 0)
System memory in use before: 86,7 MB.
System memory in use after: 86,7 MB.

Unloading 17 unused Assets to reduce memory usage. Loaded Objects now: 2479.
Total: 5,547933 ms (FindLiveObjects: 0,566706 ms CreateObjectMapping: 0,118374 ms MarkObjects: 4,594890 ms  DeleteObjects: 0,265379 ms)

========================================================================
Received Prepare
Refreshing native plugins compatible for Editor in 12,13 ms, found 1 plugins.
Preloading 0 native plugins for Editor in 0,00 ms.
Unloading 15 Unused Serialized files (Serialized files now loaded: 0)
System memory in use before: 46,7 MB.
System memory in use after: 46,6 MB.

Unloading 15 unused Assets to reduce memory usage. Loaded Objects now: 2479.
Total: 5,611263 ms (FindLiveObjects: 0,569380 ms CreateObjectMapping: 0,112043 ms MarkObjects: 4,654117 ms  DeleteObjects: 0,272425 ms)

========================================================================
Received Prepare
Registering precompiled user dll's ...
Registered in 0,004711 seconds.
Begin MonoManager ReloadAssembly
Native extension for LinuxStandalone target not found
Native extension for WindowsStandalone target not found
Native extension for OSXStandalone target not found
Native extension for WebGL target not found
Refreshing native plugins compatible for Editor in 1,08 ms, found 1 plugins.
Preloading 0 native plugins for Editor in 0,00 ms.
Mono: successfully reloaded assembly
- Completed reload, in  1,762 seconds
Platform modules already initialized, skipping
Refreshing native plugins compatible for Editor in 1,04 ms, found 1 plugins.
Preloading 0 native plugins for Editor in 0,00 ms.
Unloading 2030 Unused Serialized files (Serialized files now loaded: 0)
System memory in use before: 86,7 MB.
System memory in use after: 86,7 MB.

Unloading 17 unused Assets to reduce memory usage. Loaded Objects now: 2484.
Total: 5,864382 ms (FindLiveObjects: 0,522030 ms CreateObjectMapping: 0,102552 ms MarkObjects: 4,892820 ms  DeleteObjects: 0,343629 ms)

========================================================================
Received Prepare
Refreshing native plugins compatible for Editor in 12,48 ms, found 1 plugins.
Preloading 0 native plugins for Editor in 0,00 ms.
Unloading 15 Unused Serialized files (Serialized files now loaded: 0)
System memory in use before: 46,7 MB.
System memory in use after: 46,7 MB.

Unloading 15 unused Assets to reduce memory usage. Loaded Objects now: 2484.
Total: 8,327594 ms (FindLiveObjects: 0,625676 ms CreateObjectMapping: 0,165833 ms MarkObjects: 6,331736 ms  DeleteObjects: 1,200293 ms)

========================================================================
Received Prepare
Registering precompiled user dll's ...
Registered in 0,004928 seconds.
Begin MonoManager ReloadAssembly
Native extension for LinuxStandalone target not found
Native extension for WindowsStandalone target not found
Native extension for OSXStandalone target not found
Native extension for WebGL target not found
Refreshing native plugins compatible for Editor in 1,07 ms, found 1 plugins.
Preloading 0 native plugins for Editor in 0,00 ms.
Mono: successfully reloaded assembly
- Completed reload, in  2,081 seconds
Platform modules already initialized, skipping
Refreshing native plugins compatible for Editor in 1,11 ms, found 1 plugins.
Preloading 0 native plugins for Editor in 0,00 ms.
Unloading 2030 Unused Serialized files (Serialized files now loaded: 0)
System memory in use before: 86,7 MB.
System memory in use after: 86,7 MB.

Unloading 17 unused Assets to reduce memory usage. Loaded Objects now: 2489.
Total: 6,246182 ms (FindLiveObjects: 0,572580 ms CreateObjectMapping: 0,124073 ms MarkObjects: 5,200402 ms  DeleteObjects: 0,344722 ms)

========================================================================
Received Prepare
Refreshing native plugins compatible for Editor in 4,98 ms, found 1 plugins.
Preloading 0 native plugins for Editor in 0,00 ms.
Unloading 15 Unused Serialized files (Serialized files now loaded: 0)
System memory in use before: 46,7 MB.
System memory in use after: 46,7 MB.

Unloading 15 unused Assets to reduce memory usage. Loaded Objects now: 2489.
Total: 5,747273 ms (FindLiveObjects: 0,549645 ms CreateObjectMapping: 0,111531 ms MarkObjects: 4,808895 ms  DeleteObjects: 0,272873 ms)

========================================================================
Received Prepare
Registering precompiled user dll's ...
Registered in 0,057334 seconds.
Begin MonoManager ReloadAssembly
Native extension for LinuxStandalone target not found
Native extension for WindowsStandalone target not found
Native extension for OSXStandalone target not found
Native extension for WebGL target not found
Refreshing native plugins compatible for Editor in 1,09 ms, found 1 plugins.
Preloading 0 native plugins for Editor in 0,00 ms.
Mono: successfully reloaded assembly
- Completed reload, in  1,739 seconds
Platform modules already initialized, skipping
Refreshing native plugins compatible for Editor in 1,07 ms, found 1 plugins.
Preloading 0 native plugins for Editor in 0,00 ms.
Unloading 2030 Unused Serialized files (Serialized files now loaded: 0)
System memory in use before: 86,7 MB.
System memory in use after: 86,7 MB.

Unloading 17 unused Assets to reduce memory usage. Loaded Objects now: 2494.
Total: 5,973858 ms (FindLiveObjects: 0,542539 ms CreateObjectMapping: 0,101823 ms MarkObjects: 4,941736 ms  DeleteObjects: 0,385487 ms)

========================================================================
Received Prepare
Registering precompiled user dll's ...
Registered in 0,003790 seconds.
Begin MonoManager ReloadAssembly
Native extension for LinuxStandalone target not found
Native extension for WindowsStandalone target not found
Native extension for OSXStandalone target not found
Native extension for WebGL target not found
Refreshing native plugins compatible for Editor in 1,06 ms, found 1 plugins.
Preloading 0 native plugins for Editor in 0,00 ms.
Mono: successfully reloaded assembly
- Completed reload, in  1,723 seconds
Platform modules already initialized, skipping
Refreshing native plugins compatible for Editor in 1,06 ms, found 1 plugins.
Preloading 0 native plugins for Editor in 0,00 ms.
Unloading 2030 Unused Serialized files (Serialized files now loaded: 0)
System memory in use before: 86,8 MB.
System memory in use after: 86,7 MB.

Unloading 17 unused Assets to reduce memory usage. Loaded Objects now: 2499.
Total: 6,926934 ms (FindLiveObjects: 0,564648 ms CreateObjectMapping: 0,126184 ms MarkObjects: 5,901776 ms  DeleteObjects: 0,330990 ms)

========================================================================
Received Prepare
Refreshing native plugins compatible for Editor in 13,90 ms, found 1 plugins.
Preloading 0 native plugins for Editor in 0,00 ms.
Unloading 15 Unused Serialized files (Serialized files now loaded: 0)
System memory in use before: 46,7 MB.
System memory in use after: 46,7 MB.

Unloading 15 unused Assets to reduce memory usage. Loaded Objects now: 2499.
Total: 18,409803 ms (FindLiveObjects: 0,879376 ms CreateObjectMapping: 0,315374 ms MarkObjects: 15,783069 ms  DeleteObjects: 1,425729 ms)

========================================================================
Received Prepare
Refreshing native plugins compatible for Editor in 4,91 ms, found 1 plugins.
Preloading 0 native plugins for Editor in 0,00 ms.
Unloading 15 Unused Serialized files (Serialized files now loaded: 0)
System memory in use before: 46,7 MB.
System memory in use after: 46,7 MB.

Unloading 15 unused Assets to reduce memory usage. Loaded Objects now: 2499.
Total: 7,589962 ms (FindLiveObjects: 0,534919 ms CreateObjectMapping: 0,110230 ms MarkObjects: 6,638041 ms  DeleteObjects: 0,302949 ms)

========================================================================
Received Prepare
Refreshing native plugins compatible for Editor in 4,99 ms, found 1 plugins.
Preloading 0 native plugins for Editor in 0,00 ms.
Unloading 15 Unused Serialized files (Serialized files now loaded: 0)
System memory in use before: 46,7 MB.
System memory in use after: 46,7 MB.

Unloading 15 unused Assets to reduce memory usage. Loaded Objects now: 2499.
Total: 5,976505 ms (FindLiveObjects: 0,564510 ms CreateObjectMapping: 0,108493 ms MarkObjects: 5,007654 ms  DeleteObjects: 0,292173 ms)

========================================================================
Received Prepare
Refreshing native plugins compatible for Editor in 4,82 ms, found 1 plugins.
Preloading 0 native plugins for Editor in 0,00 ms.
Unloading 15 Unused Serialized files (Serialized files now loaded: 0)
System memory in use before: 46,7 MB.
System memory in use after: 46,7 MB.

Unloading 15 unused Assets to reduce memory usage. Loaded Objects now: 2499.
Total: 7,809951 ms (FindLiveObjects: 0,549221 ms CreateObjectMapping: 0,103981 ms MarkObjects: 6,397878 ms  DeleteObjects: 0,755072 ms)

AssetImportWorkerClient::OnTransportError - code=2 error=End of file
